#
# There is insufficient memory for the Java Runtime Environment to continue.
# Native memory allocation (malloc) failed to allocate 1250144 bytes. Error detail: Chunk::new
# Possible reasons:
#   The system is out of physical RAM or swap space
#   This process is running with CompressedOops enabled, and the Java Heap may be blocking the growth of the native heap
# Possible solutions:
#   Reduce memory load on the system
#   Increase physical memory or swap space
#   Check if swap backing store is full
#   Decrease Java heap size (-Xmx/-Xms)
#   Decrease number of Java threads
#   Decrease Java thread stack sizes (-Xss)
#   Set larger code cache with -XX:ReservedCodeCacheSize=
#   JVM is running with Unscaled Compressed Oops mode in which the Java heap is
#     placed in the first 4GB address space. The Java Heap base address is the
#     maximum limit for the native heap growth. Please use -XX:HeapBaseMinAddress
#     to set the Java Heap base and to place the Java Heap above 4GB virtual address.
# This output file may be truncated or incomplete.
#
#  Out of Memory Error (arena.cpp:168), pid=16488, tid=11216
#
# JRE version: OpenJDK Runtime Environment Temurin-21.0.10+7 (21.0.10+7) (build 21.0.10+7-LTS)
# Java VM: OpenJDK 64-Bit Server VM Temurin-21.0.10+7 (21.0.10+7-LTS, mixed mode, sharing, tiered, compressed oops, compressed class ptrs, parallel gc, windows-amd64)
# No core dump will be written. Minidumps are not enabled by default on client versions of Windows
#

---------------  S U M M A R Y ------------

Command Line: --add-modules=ALL-SYSTEM --add-opens=java.base/java.util=ALL-UNNAMED --add-opens=java.base/java.lang=ALL-UNNAMED --add-opens=java.base/sun.nio.fs=ALL-UNNAMED -Declipse.application=org.eclipse.jdt.ls.core.id1 -Dosgi.bundles.defaultStartLevel=4 -Declipse.product=org.eclipse.jdt.ls.core.product -Djava.import.generatesMetadataFilesAtProjectRoot=false -DDetectVMInstallationsJob.disabled=true -Dfile.encoding=utf8 -XX:+UseParallelGC -XX:GCTimeRatio=4 -XX:AdaptiveSizePolicyWeight=90 -Dsun.zip.disableMemoryMapping=true -Xmx2G -Xms100m -Xlog:disable -javaagent:c:\Users\Indhu\.vscode\extensions\redhat.java-1.54.0-win32-x64\lombok\lombok-1.18.39-4050.jar -XX:+HeapDumpOnOutOfMemoryError -XX:HeapDumpPath=c:\Users\Indhu\AppData\Roaming\Code\User\workspaceStorage\4dbafc3fa6d5433351079bda42165453\redhat.java -Daether.dependencyCollector.impl=bf c:\Users\Indhu\.vscode\extensions\redhat.java-1.54.0-win32-x64\server\plugins\org.eclipse.equinox.launcher_1.7.100.v20251111-0406.jar -configuration c:\Users\Indhu\AppData\Roaming\Code\User\globalStorage\redhat.java\1.54.0\config_win -data c:\Users\Indhu\AppData\Roaming\Code\User\workspaceStorage\4dbafc3fa6d5433351079bda42165453\redhat.java\jdt_ws --pipe=\\.\pipe\lsp-d5142d8a77ae13fd4ae7a9407357e6e1-sock

Host: Intel(R) Core(TM) i3-1005G1 CPU @ 1.20GHz, 4 cores, 3G,  Windows 11 , 64 bit Build 26100 (10.0.26100.8521)
Time: Sat Jun  6 10:59:42 2026 India Standard Time elapsed time: 1353.809337 seconds (0d 0h 22m 33s)

---------------  T H R E A D  ---------------

Current thread (0x000001750ffb15e0):  JavaThread "C2 CompilerThread0" daemon [_thread_in_native, id=11216, stack(0x0000001d84f00000,0x0000001d85000000) (1024K)]


Current CompileTask:
C2:1353809 16746   !   4       org.eclipse.osgi.internal.loader.BundleLoader::findRequiredSource (283 bytes)

Stack: [0x0000001d84f00000,0x0000001d85000000]
Native frames: (J=compiled Java code, j=interpreted, Vv=VM code, C=native code)
V  [jvm.dll+0x6d7a39]
V  [jvm.dll+0x8b4b26]
V  [jvm.dll+0x8b70de]
V  [jvm.dll+0x8b77c3]
V  [jvm.dll+0x284346]
V  [jvm.dll+0xc66ed]
V  [jvm.dll+0xc6c31]
V  [jvm.dll+0x3bec3b]
V  [jvm.dll+0x38b162]
V  [jvm.dll+0x38a5aa]
V  [jvm.dll+0x24c560]
V  [jvm.dll+0x24bb40]
V  [jvm.dll+0x1cb34e]
V  [jvm.dll+0x25b85d]
V  [jvm.dll+0x259dea]
V  [jvm.dll+0x3f857e]
V  [jvm.dll+0x85f59d]
V  [jvm.dll+0x6d626d]
C  [ucrtbase.dll+0x2cd30]
C  [KERNEL32.DLL+0x2e957]
C  [ntdll.dll+0x87c1c]


---------------  P R O C E S S  ---------------

Threads class SMR info:
_java_thread_list=0x00000175688423c0, length=46, elements={
0x00000175100b3ef0, 0x000001751016e320, 0x000001750ffa1fe0, 0x000001750ffa8040,
0x000001750ffa92b0, 0x000001750ffabd20, 0x000001750ffac780, 0x000001750ffb15e0,
0x000001751002b0b0, 0x00000175687a0f60, 0x00000175688fd370, 0x000001756d6cc410,
0x000001756d484090, 0x000001756d2dbef0, 0x000001756d2dc930, 0x000001756d5aac80,
0x000001756da8c470, 0x000001756d56ffd0, 0x000001756d12c6f0, 0x0000017570aab090,
0x0000017570aa8930, 0x0000017570aab720, 0x0000017570aac440, 0x0000017570aacad0,
0x0000017570aa9650, 0x0000017570aad160, 0x0000017570aa9ce0, 0x0000017570aad7f0,
0x000001756e2d8450, 0x000001756e2d7730, 0x000001756e2d8ae0, 0x000001756e2d5660,
0x0000017570a70750, 0x0000017570a73bd0, 0x0000017570aa8fc0, 0x0000017570aaaa00,
0x0000017570aaf230, 0x0000017570a73540, 0x0000017570a71470, 0x000001756e1ad410,
0x000001756e1ae7c0, 0x000001756e1b0890, 0x000001756e1af4e0, 0x000001756e1afb70,
0x000001756e1b0200, 0x000001756e1b0f20
}

Java Threads: ( => current thread )
  0x00000175100b3ef0 JavaThread "main"                              [_thread_blocked, id=696, stack(0x0000001d84500000,0x0000001d84600000) (1024K)]
  0x000001751016e320 JavaThread "Reference Handler"          daemon [_thread_blocked, id=16060, stack(0x0000001d84900000,0x0000001d84a00000) (1024K)]
  0x000001750ffa1fe0 JavaThread "Finalizer"                  daemon [_thread_blocked, id=13792, stack(0x0000001d84a00000,0x0000001d84b00000) (1024K)]
  0x000001750ffa8040 JavaThread "Signal Dispatcher"          daemon [_thread_blocked, id=2700, stack(0x0000001d84b00000,0x0000001d84c00000) (1024K)]
  0x000001750ffa92b0 JavaThread "Attach Listener"            daemon [_thread_blocked, id=16076, stack(0x0000001d84c00000,0x0000001d84d00000) (1024K)]
  0x000001750ffabd20 JavaThread "Service Thread"             daemon [_thread_blocked, id=14096, stack(0x0000001d84d00000,0x0000001d84e00000) (1024K)]
  0x000001750ffac780 JavaThread "Monitor Deflation Thread"   daemon [_thread_blocked, id=1328, stack(0x0000001d84e00000,0x0000001d84f00000) (1024K)]
=>0x000001750ffb15e0 JavaThread "C2 CompilerThread0"         daemon [_thread_in_native, id=11216, stack(0x0000001d84f00000,0x0000001d85000000) (1024K)]
  0x000001751002b0b0 JavaThread "C1 CompilerThread0"         daemon [_thread_blocked, id=11376, stack(0x0000001d85000000,0x0000001d85100000) (1024K)]
  0x00000175687a0f60 JavaThread "Common-Cleaner"             daemon [_thread_blocked, id=14876, stack(0x0000001d85100000,0x0000001d85200000) (1024K)]
  0x00000175688fd370 JavaThread "Notification Thread"        daemon [_thread_blocked, id=13684, stack(0x0000001d85200000,0x0000001d85300000) (1024K)]
  0x000001756d6cc410 JavaThread "Active Thread: Equinox Container: eb19abca-e274-4f14-835b-ff5cea735f25"        [_thread_blocked, id=17820, stack(0x0000001d85600000,0x0000001d85700000) (1024K)]
  0x000001756d484090 JavaThread "Refresh Thread: Equinox Container: eb19abca-e274-4f14-835b-ff5cea735f25" daemon [_thread_blocked, id=7316, stack(0x0000001d85800000,0x0000001d85900000) (1024K)]
  0x000001756d2dbef0 JavaThread "Framework Event Dispatcher: Equinox Container: eb19abca-e274-4f14-835b-ff5cea735f25" daemon [_thread_blocked, id=5756, stack(0x0000001d85900000,0x0000001d85a00000) (1024K)]
  0x000001756d2dc930 JavaThread "Start Level: Equinox Container: eb19abca-e274-4f14-835b-ff5cea735f25" daemon [_thread_blocked, id=16436, stack(0x0000001d85a00000,0x0000001d85b00000) (1024K)]
  0x000001756d5aac80 JavaThread "Bundle File Closer"         daemon [_thread_blocked, id=10940, stack(0x0000001d85b00000,0x0000001d85c00000) (1024K)]
  0x000001756da8c470 JavaThread "SCR Component Actor"        daemon [_thread_blocked, id=4276, stack(0x0000001d85700000,0x0000001d85800000) (1024K)]
  0x000001756d56ffd0 JavaThread "Worker-JM"                         [_thread_blocked, id=12508, stack(0x0000001d85c00000,0x0000001d85d00000) (1024K)]
  0x000001756d12c6f0 JavaThread "JNA Cleaner"                daemon [_thread_blocked, id=14628, stack(0x0000001d85d00000,0x0000001d85e00000) (1024K)]
  0x0000017570aab090 JavaThread "Java indexing"              daemon [_thread_blocked, id=18032, stack(0x0000001d86200000,0x0000001d86300000) (1024K)]
  0x0000017570aa8930 JavaThread "Thread-1"                   daemon [_thread_in_native, id=7344, stack(0x0000001d86700000,0x0000001d86800000) (1024K)]
  0x0000017570aab720 JavaThread "Thread-2"                   daemon [_thread_in_native, id=17860, stack(0x0000001d86800000,0x0000001d86900000) (1024K)]
  0x0000017570aac440 JavaThread "Thread-3"                   daemon [_thread_in_native, id=1396, stack(0x0000001d86900000,0x0000001d86a00000) (1024K)]
  0x0000017570aacad0 JavaThread "Thread-4"                   daemon [_thread_in_native, id=15496, stack(0x0000001d86a00000,0x0000001d86b00000) (1024K)]
  0x0000017570aa9650 JavaThread "Thread-5"                   daemon [_thread_in_native, id=4668, stack(0x0000001d86b00000,0x0000001d86c00000) (1024K)]
  0x0000017570aad160 JavaThread "pool-2-thread-1"                   [_thread_blocked, id=15340, stack(0x0000001d86c00000,0x0000001d86d00000) (1024K)]
  0x0000017570aa9ce0 JavaThread "WorkspaceEventsHandler"            [_thread_blocked, id=10920, stack(0x0000001d86d00000,0x0000001d86e00000) (1024K)]
  0x0000017570aad7f0 JavaThread "pool-1-thread-1"                   [_thread_blocked, id=17444, stack(0x0000001d86e00000,0x0000001d86f00000) (1024K)]
  0x000001756e2d8450 JavaThread "Java Debug Server"          daemon [_thread_in_native, id=6688, stack(0x0000001d87200000,0x0000001d87300000) (1024K)]
  0x000001756e2d7730 JavaThread "RxSchedulerPurge-1"         daemon [_thread_blocked, id=17744, stack(0x0000001d87400000,0x0000001d87500000) (1024K)]
  0x000001756e2d8ae0 JavaThread "RxCachedWorkerPoolEvictor-1" daemon [_thread_blocked, id=8556, stack(0x0000001d87500000,0x0000001d87600000) (1024K)]
  0x000001756e2d5660 JavaThread "pool-4-thread-2"                   [_thread_in_native, id=11720, stack(0x0000001d87600000,0x0000001d87700000) (1024K)]
  0x0000017570a70750 JavaThread "process reaper (pid 19028)" daemon [_thread_in_native, id=5588, stack(0x0000001d83fd0000,0x0000001d83ff0000) (128K)]
  0x0000017570a73bd0 JavaThread "Cleaner-0"                  daemon [_thread_blocked, id=14136, stack(0x0000001d86300000,0x0000001d86400000) (1024K)]
  0x0000017570aa8fc0 JavaThread "ForkJoinPool.commonPool-worker-4" daemon [_thread_blocked, id=18304, stack(0x0000001d84200000,0x0000001d84300000) (1024K)]
  0x0000017570aaaa00 JavaThread "Worker-11"                         [_thread_blocked, id=19900, stack(0x0000001d85f00000,0x0000001d86000000) (1024K)]
  0x0000017570aaf230 JavaThread "Compiler Source File Reader" daemon [_thread_blocked, id=14160, stack(0x0000001d86100000,0x0000001d86200000) (1024K)]
  0x0000017570a73540 JavaThread "Worker-13"                         [_thread_blocked, id=17656, stack(0x0000001d86400000,0x0000001d86500000) (1024K)]
  0x0000017570a71470 JavaThread "Compiler Source File Reader" daemon [_thread_blocked, id=8248, stack(0x0000001d86600000,0x0000001d86700000) (1024K)]
  0x000001756e1ad410 JavaThread "ForkJoinPool.commonPool-worker-7" daemon [_thread_blocked, id=12404, stack(0x0000001d84300000,0x0000001d84400000) (1024K)]
  0x000001756e1ae7c0 JavaThread "ForkJoinPool.commonPool-worker-8" daemon [_thread_blocked, id=1296, stack(0x0000001d84400000,0x0000001d84500000) (1024K)]
  0x000001756e1b0890 JavaThread "Worker-15"                         [_thread_blocked, id=15844, stack(0x0000001d85e00000,0x0000001d85f00000) (1024K)]
  0x000001756e1af4e0 JavaThread "Worker-16"                         [_thread_blocked, id=16912, stack(0x0000001d86000000,0x0000001d86100000) (1024K)]
  0x000001756e1afb70 JavaThread "Compiler Processing Task"   daemon [_thread_blocked, id=5608, stack(0x0000001d86500000,0x0000001d86600000) (1024K)]
  0x000001756e1b0200 JavaThread "RxNewThreadScheduler-7"     daemon [_thread_blocked, id=3988, stack(0x0000001d86f00000,0x0000001d87000000) (1024K)]
  0x000001756e1b0f20 JavaThread "pool-1-thread-2"                   [_thread_in_vm, id=15852, stack(0x0000001d87300000,0x0000001d87400000) (1024K)]
Total: 46

Other Threads:
  0x0000017510154870 VMThread "VM Thread"                           [id=13668, stack(0x0000001d84800000,0x0000001d84900000) (1024K)]
  0x00000175101215f0 WatcherThread "VM Periodic Task Thread"        [id=17416, stack(0x0000001d84700000,0x0000001d84800000) (1024K)]
  0x00000175100d2530 WorkerThread "GC Thread#0"                     [id=13304, stack(0x0000001d84600000,0x0000001d84700000) (1024K)]
  0x000001756d504ca0 WorkerThread "GC Thread#1"                     [id=4904, stack(0x0000001d85300000,0x0000001d85400000) (1024K)]
  0x000001756d356090 WorkerThread "GC Thread#2"                     [id=11064, stack(0x0000001d85400000,0x0000001d85500000) (1024K)]
  0x000001756d21cc00 WorkerThread "GC Thread#3"                     [id=13612, stack(0x0000001d85500000,0x0000001d85600000) (1024K)]
Total: 6

Threads with active compile tasks:
C2 CompilerThread0  1353893 16746   !   4       org.eclipse.osgi.internal.loader.BundleLoader::findRequiredSource (283 bytes)
Total: 1

VM state: not at safepoint (normal execution)

VM Mutex/Monitor currently owned by a thread: None

Heap address: 0x0000000080000000, size: 2048 MB, Compressed Oops mode: 32-bit

CDS archive(s) mapped at: [0x0000017527000000-0x0000017527ba0000-0x0000017527ba0000), size 12189696, SharedBaseAddress: 0x0000017527000000, ArchiveRelocationMode: 1.
Compressed class space mapped at: 0x0000017528000000-0x0000017568000000, reserved size: 1073741824
Narrow klass base: 0x0000017527000000, Narrow klass shift: 0, Narrow klass range: 0x100000000

GC Precious Log:
 CardTable entry size: 512
 CPUs: 4 total, 4 available
 Memory: 3901M
 Large Page Support: Disabled
 NUMA Support: Disabled
 Compressed Oops: Enabled (32-bit)
 Alignments: Space 512K, Generation 512K, Heap 2M
 Heap Min Capacity: 100M
 Heap Initial Capacity: 100M
 Heap Max Capacity: 2G
 Pre-touch: Disabled
 Parallel Workers: 4

Heap:
 PSYoungGen      total 3584K, used 3264K [0x00000000d5580000, 0x00000000d5b80000, 0x0000000100000000)
  eden space 3072K, 90% used [0x00000000d5580000,0x00000000d5835130,0x00000000d5880000)
  from space 512K, 96% used [0x00000000d5b00000,0x00000000d5b7b1b0,0x00000000d5b80000)
  to   space 1024K, 0% used [0x00000000d5980000,0x00000000d5980000,0x00000000d5a80000)
 ParOldGen       total 1037824K, used 1037720K [0x0000000080000000, 0x00000000bf580000, 0x00000000d5580000)
  object space 1037824K, 99% used [0x0000000080000000,0x00000000bf566390,0x00000000bf580000)
 Metaspace       used 84012K, committed 85824K, reserved 1179648K
  class space    used 8953K, committed 9728K, reserved 1048576K

Card table byte_map: [0x000001750fa50000,0x000001750fe60000] _byte_map_base: 0x000001750f650000

Marking Bits: (ParMarkBitMap*) 0x00007ffd9ef93450
 Begin Bits: [0x0000017522560000, 0x0000017524560000)
 End Bits:   [0x0000017524560000, 0x0000017526560000)

Polling page: 0x000001750deb0000

Metaspace:

Usage:
  Non-class:     73.30 MB used.
      Class:      8.74 MB used.
       Both:     82.04 MB used.

Virtual space:
  Non-class space:      128.00 MB reserved,      74.31 MB ( 58%) committed,  2 nodes.
      Class space:        1.00 GB reserved,       9.50 MB ( <1%) committed,  1 nodes.
             Both:        1.12 GB reserved,      83.81 MB (  7%) committed. 

Chunk freelists:
   Non-Class:  5.62 MB
       Class:  6.50 MB
        Both:  12.12 MB

MaxMetaspaceSize: unlimited
CompressedClassSpaceSize: 1.00 GB
Initial GC threshold: 21.00 MB
Current GC threshold: 97.31 MB
CDS: on
 - commit_granule_bytes: 65536.
 - commit_granule_words: 8192.
 - virtual_space_node_default_size: 8388608.
 - enlarge_chunks_in_place: 1.
 - use_allocation_guard: 0.


Internal statistics:

num_allocs_failed_limit: 11.
num_arena_births: 1690.
num_arena_deaths: 16.
num_vsnodes_births: 3.
num_vsnodes_deaths: 0.
num_space_committed: 1341.
num_space_uncommitted: 0.
num_chunks_returned_to_freelist: 27.
num_chunks_taken_from_freelist: 5913.
num_chunk_merges: 13.
num_chunk_splits: 3588.
num_chunks_enlarged: 1957.
num_inconsistent_stats: 0.

CodeHeap 'non-profiled nmethods': size=120000Kb used=14202Kb max_used=14202Kb free=105797Kb
 bounds [0x000001751ad80000, 0x000001751bb60000, 0x00000175222b0000]
CodeHeap 'profiled nmethods': size=120000Kb used=39846Kb max_used=39846Kb free=80153Kb
 bounds [0x00000175132b0000, 0x00000175159a0000, 0x000001751a7e0000]
CodeHeap 'non-nmethods': size=5760Kb used=1510Kb max_used=1578Kb free=4250Kb
 bounds [0x000001751a7e0000, 0x000001751aa50000, 0x000001751ad80000]
CodeCache: size=245760Kb, used=55558Kb, max_used=55626Kb, free=190200Kb
 total_blobs=16815, nmethods=15989, adapters=727, full_count=0
Compilation: enabled, stopped_count=0, restarted_count=0

Compilation events (20 events):
Event: 1352.476 Thread 0x000001750ffb15e0 16744       4       org.jsoup.parser.CharacterReader::cacheString (115 bytes)
Event: 1352.476 Thread 0x000001751002b0b0 16742       1       org.jsoup.nodes.Element::tag (5 bytes)
Event: 1352.476 Thread 0x000001751002b0b0 nmethod 16742 0x000001751bb5c610 code [0x000001751bb5c7a0, 0x000001751bb5c868]
Event: 1352.501 Thread 0x000001750ffb15e0 nmethod 16744 0x000001751bb5c910 code [0x000001751bb5cb40, 0x000001751bb5df18]
Event: 1352.551 Thread 0x000001751002b0b0 16745       3       org.jsoup.nodes.Element::normalName (8 bytes)
Event: 1352.552 Thread 0x000001751002b0b0 nmethod 16745 0x000001751597b310 code [0x000001751597b4c0, 0x000001751597b600]
Event: 1352.602 Thread 0x000001750ffb15e0 16746   !   4       org.eclipse.osgi.internal.loader.BundleLoader::findRequiredSource (283 bytes)
Event: 1352.689 Thread 0x000001751002b0b0 16748       2       java.security.CodeSource::getCertificates (95 bytes)
Event: 1352.691 Thread 0x000001751002b0b0 nmethod 16748 0x000001751597b710 code [0x000001751597b920, 0x000001751597bde8]
Event: 1352.725 Thread 0x000001751002b0b0 16749       3       java.lang.StringLatin1::indexOf (37 bytes)
Event: 1352.725 Thread 0x000001751002b0b0 nmethod 16749 0x000001751597c090 code [0x000001751597c280, 0x000001751597c680]
Event: 1352.778 Thread 0x000001751002b0b0 16750       3       java.lang.StringBuilder::toString (9 bytes)
Event: 1352.778 Thread 0x000001751002b0b0 nmethod 16750 0x000001751597c810 code [0x000001751597c9c0, 0x000001751597cbd0]
Event: 1352.781 Thread 0x000001751002b0b0 16751       3       java.lang.String::codePointAt (50 bytes)
Event: 1352.782 Thread 0x000001751002b0b0 nmethod 16751 0x000001751597cd10 code [0x000001751597cf00, 0x000001751597d358]
Event: 1352.815 Thread 0x000001751002b0b0 16753       3       org.eclipse.jdt.internal.core.JavaProject::getAllPackageFragmentRoots (13 bytes)
Event: 1352.816 Thread 0x000001751002b0b0 nmethod 16753 0x000001751597d590 code [0x000001751597d740, 0x000001751597d9e8]
Event: 1352.820 Thread 0x000001751002b0b0 16755 % !   3       org.eclipse.jdt.internal.core.NameLookup::seekModule @ 66 (267 bytes)
Event: 1353.792 Thread 0x000001751002b0b0 nmethod 16755% 0x000001751597db10 code [0x000001751597dee0, 0x000001751597fc78]
Event: 1353.792 Thread 0x000001751002b0b0 16757       3       org.eclipse.jdt.internal.compiler.lookup.SplitPackageBinding::combineAll (202 bytes)

GC Heap History (20 events):
Event: 1344.671 GC heap before
{Heap before GC invocations=702 (full 3):
 PSYoungGen      total 5120K, used 4732K [0x00000000d5580000, 0x00000000d5d80000, 0x0000000100000000)
  eden space 3072K, 99% used [0x00000000d5580000,0x00000000d587f258,0x00000000d5880000)
  from space 2048K, 81% used [0x00000000d5b80000,0x00000000d5d20000,0x00000000d5d80000)
  to   space 2048K, 0% used [0x00000000d5980000,0x00000000d5980000,0x00000000d5b80000)
 ParOldGen       total 1035264K, used 1035129K [0x0000000080000000, 0x00000000bf300000, 0x00000000d5580000)
  object space 1035264K, 99% used [0x0000000080000000,0x00000000bf2de540,0x00000000bf300000)
 Metaspace       used 82008K, committed 83776K, reserved 1179648K
  class space    used 8682K, committed 9472K, reserved 1048576K
}
Event: 1344.677 GC heap after
{Heap after GC invocations=702 (full 3):
 PSYoungGen      total 3584K, used 128K [0x00000000d5580000, 0x00000000d5c00000, 0x0000000100000000)
  eden space 3072K, 0% used [0x00000000d5580000,0x00000000d5580000,0x00000000d5880000)
  from space 512K, 25% used [0x00000000d5980000,0x00000000d59a0000,0x00000000d5a00000)
  to   space 1024K, 0% used [0x00000000d5b00000,0x00000000d5b00000,0x00000000d5c00000)
 ParOldGen       total 1036800K, used 1036393K [0x0000000080000000, 0x00000000bf480000, 0x00000000d5580000)
  object space 1036800K, 99% used [0x0000000080000000,0x00000000bf41a540,0x00000000bf480000)
 Metaspace       used 82008K, committed 83776K, reserved 1179648K
  class space    used 8682K, committed 9472K, reserved 1048576K
}
Event: 1347.130 GC heap before
{Heap before GC invocations=703 (full 3):
 PSYoungGen      total 3584K, used 3200K [0x00000000d5580000, 0x00000000d5c00000, 0x0000000100000000)
  eden space 3072K, 100% used [0x00000000d5580000,0x00000000d5880000,0x00000000d5880000)
  from space 512K, 25% used [0x00000000d5980000,0x00000000d59a0000,0x00000000d5a00000)
  to   space 1024K, 0% used [0x00000000d5b00000,0x00000000d5b00000,0x00000000d5c00000)
 ParOldGen       total 1036800K, used 1036393K [0x0000000080000000, 0x00000000bf480000, 0x00000000d5580000)
  object space 1036800K, 99% used [0x0000000080000000,0x00000000bf41a540,0x00000000bf480000)
 Metaspace       used 82013K, committed 83776K, reserved 1179648K
  class space    used 8682K, committed 9472K, reserved 1048576K
}
Event: 1347.136 GC heap after
{Heap after GC invocations=703 (full 3):
 PSYoungGen      total 4096K, used 608K [0x00000000d5580000, 0x00000000d5c00000, 0x0000000100000000)
  eden space 3072K, 0% used [0x00000000d5580000,0x00000000d5580000,0x00000000d5880000)
  from space 1024K, 59% used [0x00000000d5b00000,0x00000000d5b98000,0x00000000d5c00000)
  to   space 1024K, 0% used [0x00000000d5a00000,0x00000000d5a00000,0x00000000d5b00000)
 ParOldGen       total 1036800K, used 1036417K [0x0000000080000000, 0x00000000bf480000, 0x00000000d5580000)
  object space 1036800K, 99% used [0x0000000080000000,0x00000000bf420540,0x00000000bf480000)
 Metaspace       used 82013K, committed 83776K, reserved 1179648K
  class space    used 8682K, committed 9472K, reserved 1048576K
}
Event: 1351.174 GC heap before
{Heap before GC invocations=704 (full 3):
 PSYoungGen      total 4096K, used 3679K [0x00000000d5580000, 0x00000000d5c00000, 0x0000000100000000)
  eden space 3072K, 99% used [0x00000000d5580000,0x00000000d587feb0,0x00000000d5880000)
  from space 1024K, 59% used [0x00000000d5b00000,0x00000000d5b98000,0x00000000d5c00000)
  to   space 1024K, 0% used [0x00000000d5a00000,0x00000000d5a00000,0x00000000d5b00000)
 ParOldGen       total 1036800K, used 1036417K [0x0000000080000000, 0x00000000bf480000, 0x00000000d5580000)
  object space 1036800K, 99% used [0x0000000080000000,0x00000000bf420540,0x00000000bf480000)
 Metaspace       used 82103K, committed 83904K, reserved 1179648K
  class space    used 8687K, committed 9472K, reserved 1048576K
}
Event: 1351.182 GC heap after
{Heap after GC invocations=704 (full 3):
 PSYoungGen      total 4096K, used 288K [0x00000000d5580000, 0x00000000d5b80000, 0x0000000100000000)
  eden space 3072K, 0% used [0x00000000d5580000,0x00000000d5580000,0x00000000d5880000)
  from space 1024K, 28% used [0x00000000d5a00000,0x00000000d5a48020,0x00000000d5b00000)
  to   space 512K, 0% used [0x00000000d5b00000,0x00000000d5b00000,0x00000000d5b80000)
 ParOldGen       total 1037312K, used 1036923K [0x0000000080000000, 0x00000000bf500000, 0x00000000d5580000)
  object space 1037312K, 99% used [0x0000000080000000,0x00000000bf49ee50,0x00000000bf500000)
 Metaspace       used 82103K, committed 83904K, reserved 1179648K
  class space    used 8687K, committed 9472K, reserved 1048576K
}
Event: 1351.499 GC heap before
{Heap before GC invocations=705 (full 3):
 PSYoungGen      total 4096K, used 3360K [0x00000000d5580000, 0x00000000d5b80000, 0x0000000100000000)
  eden space 3072K, 100% used [0x00000000d5580000,0x00000000d5880000,0x00000000d5880000)
  from space 1024K, 28% used [0x00000000d5a00000,0x00000000d5a48020,0x00000000d5b00000)
  to   space 512K, 0% used [0x00000000d5b00000,0x00000000d5b00000,0x00000000d5b80000)
 ParOldGen       total 1037312K, used 1036923K [0x0000000080000000, 0x00000000bf500000, 0x00000000d5580000)
  object space 1037312K, 99% used [0x0000000080000000,0x00000000bf49ee50,0x00000000bf500000)
 Metaspace       used 82269K, committed 84032K, reserved 1179648K
  class space    used 8714K, committed 9472K, reserved 1048576K
}
Event: 1351.504 GC heap after
{Heap after GC invocations=705 (full 3):
 PSYoungGen      total 3584K, used 224K [0x00000000d5580000, 0x00000000d5b80000, 0x0000000100000000)
  eden space 3072K, 0% used [0x00000000d5580000,0x00000000d5580000,0x00000000d5880000)
  from space 512K, 43% used [0x00000000d5b00000,0x00000000d5b38000,0x00000000d5b80000)
  to   space 512K, 0% used [0x00000000d5a80000,0x00000000d5a80000,0x00000000d5b00000)
 ParOldGen       total 1037312K, used 1037112K [0x0000000080000000, 0x00000000bf500000, 0x00000000d5580000)
  object space 1037312K, 99% used [0x0000000080000000,0x00000000bf4ce110,0x00000000bf500000)
 Metaspace       used 82269K, committed 84032K, reserved 1179648K
  class space    used 8714K, committed 9472K, reserved 1048576K
}
Event: 1351.645 GC heap before
{Heap before GC invocations=706 (full 3):
 PSYoungGen      total 3584K, used 3296K [0x00000000d5580000, 0x00000000d5b80000, 0x0000000100000000)
  eden space 3072K, 100% used [0x00000000d5580000,0x00000000d5880000,0x00000000d5880000)
  from space 512K, 43% used [0x00000000d5b00000,0x00000000d5b38000,0x00000000d5b80000)
  to   space 512K, 0% used [0x00000000d5a80000,0x00000000d5a80000,0x00000000d5b00000)
 ParOldGen       total 1037312K, used 1037112K [0x0000000080000000, 0x00000000bf500000, 0x00000000d5580000)
  object space 1037312K, 99% used [0x0000000080000000,0x00000000bf4ce110,0x00000000bf500000)
 Metaspace       used 82274K, committed 84032K, reserved 1179648K
  class space    used 8715K, committed 9472K, reserved 1048576K
}
Event: 1351.651 GC heap after
{Heap after GC invocations=706 (full 3):
 PSYoungGen      total 3584K, used 352K [0x00000000d5580000, 0x00000000d5b80000, 0x0000000100000000)
  eden space 3072K, 0% used [0x00000000d5580000,0x00000000d5580000,0x00000000d5880000)
  from space 512K, 68% used [0x00000000d5a80000,0x00000000d5ad8000,0x00000000d5b00000)
  to   space 512K, 0% used [0x00000000d5b00000,0x00000000d5b00000,0x00000000d5b80000)
 ParOldGen       total 1037312K, used 1037160K [0x0000000080000000, 0x00000000bf500000, 0x00000000d5580000)
  object space 1037312K, 99% used [0x0000000080000000,0x00000000bf4da110,0x00000000bf500000)
 Metaspace       used 82274K, committed 84032K, reserved 1179648K
  class space    used 8715K, committed 9472K, reserved 1048576K
}
Event: 1351.745 GC heap before
{Heap before GC invocations=707 (full 3):
 PSYoungGen      total 3584K, used 3424K [0x00000000d5580000, 0x00000000d5b80000, 0x0000000100000000)
  eden space 3072K, 100% used [0x00000000d5580000,0x00000000d5880000,0x00000000d5880000)
  from space 512K, 68% used [0x00000000d5a80000,0x00000000d5ad8000,0x00000000d5b00000)
  to   space 512K, 0% used [0x00000000d5b00000,0x00000000d5b00000,0x00000000d5b80000)
 ParOldGen       total 1037312K, used 1037160K [0x0000000080000000, 0x00000000bf500000, 0x00000000d5580000)
  object space 1037312K, 99% used [0x0000000080000000,0x00000000bf4da110,0x00000000bf500000)
 Metaspace       used 82275K, committed 84096K, reserved 1179648K
  class space    used 8715K, committed 9472K, reserved 1048576K
}
Event: 1351.757 GC heap after
{Heap after GC invocations=707 (full 3):
 PSYoungGen      total 3584K, used 288K [0x00000000d5580000, 0x00000000d5b80000, 0x0000000100000000)
  eden space 3072K, 0% used [0x00000000d5580000,0x00000000d5580000,0x00000000d5880000)
  from space 512K, 56% used [0x00000000d5b00000,0x00000000d5b48000,0x00000000d5b80000)
  to   space 512K, 0% used [0x00000000d5a80000,0x00000000d5a80000,0x00000000d5b00000)
 ParOldGen       total 1037312K, used 1037242K [0x0000000080000000, 0x00000000bf500000, 0x00000000d5580000)
  object space 1037312K, 99% used [0x0000000080000000,0x00000000bf4ee9d8,0x00000000bf500000)
 Metaspace       used 82275K, committed 84096K, reserved 1179648K
  class space    used 8715K, committed 9472K, reserved 1048576K
}
Event: 1352.131 GC heap before
{Heap before GC invocations=708 (full 3):
 PSYoungGen      total 3584K, used 3359K [0x00000000d5580000, 0x00000000d5b80000, 0x0000000100000000)
  eden space 3072K, 99% used [0x00000000d5580000,0x00000000d587fcd0,0x00000000d5880000)
  from space 512K, 56% used [0x00000000d5b00000,0x00000000d5b48000,0x00000000d5b80000)
  to   space 512K, 0% used [0x00000000d5a80000,0x00000000d5a80000,0x00000000d5b00000)
 ParOldGen       total 1037312K, used 1037242K [0x0000000080000000, 0x00000000bf500000, 0x00000000d5580000)
  object space 1037312K, 99% used [0x0000000080000000,0x00000000bf4ee9d8,0x00000000bf500000)
 Metaspace       used 82493K, committed 84288K, reserved 1179648K
  class space    used 8742K, committed 9536K, reserved 1048576K
}
Event: 1352.139 GC heap after
{Heap after GC invocations=708 (full 3):
 PSYoungGen      total 3584K, used 162K [0x00000000d5580000, 0x00000000d5b80000, 0x0000000100000000)
  eden space 3072K, 0% used [0x00000000d5580000,0x00000000d5580000,0x00000000d5880000)
  from space 512K, 31% used [0x00000000d5a80000,0x00000000d5aa8840,0x00000000d5b00000)
  to   space 512K, 0% used [0x00000000d5b00000,0x00000000d5b00000,0x00000000d5b80000)
 ParOldGen       total 1037312K, used 1037250K [0x0000000080000000, 0x00000000bf500000, 0x00000000d5580000)
  object space 1037312K, 99% used [0x0000000080000000,0x00000000bf4f09d8,0x00000000bf500000)
 Metaspace       used 82493K, committed 84288K, reserved 1179648K
  class space    used 8742K, committed 9536K, reserved 1048576K
}
Event: 1352.377 GC heap before
{Heap before GC invocations=709 (full 3):
 PSYoungGen      total 3584K, used 3234K [0x00000000d5580000, 0x00000000d5b80000, 0x0000000100000000)
  eden space 3072K, 100% used [0x00000000d5580000,0x00000000d5880000,0x00000000d5880000)
  from space 512K, 31% used [0x00000000d5a80000,0x00000000d5aa8840,0x00000000d5b00000)
  to   space 512K, 0% used [0x00000000d5b00000,0x00000000d5b00000,0x00000000d5b80000)
 ParOldGen       total 1037312K, used 1037250K [0x0000000080000000, 0x00000000bf500000, 0x00000000d5580000)
  object space 1037312K, 99% used [0x0000000080000000,0x00000000bf4f09d8,0x00000000bf500000)
 Metaspace       used 82849K, committed 84672K, reserved 1179648K
  class space    used 8803K, committed 9600K, reserved 1048576K
}
Event: 1352.381 GC heap after
{Heap after GC invocations=709 (full 3):
 PSYoungGen      total 3584K, used 351K [0x00000000d5580000, 0x00000000d5b80000, 0x0000000100000000)
  eden space 3072K, 0% used [0x00000000d5580000,0x00000000d5580000,0x00000000d5880000)
  from space 512K, 68% used [0x00000000d5b00000,0x00000000d5b57c48,0x00000000d5b80000)
  to   space 512K, 0% used [0x00000000d5a80000,0x00000000d5a80000,0x00000000d5b00000)
 ParOldGen       total 1037824K, used 1037372K [0x0000000080000000, 0x00000000bf580000, 0x00000000d5580000)
  object space 1037824K, 99% used [0x0000000080000000,0x00000000bf50f218,0x00000000bf580000)
 Metaspace       used 82849K, committed 84672K, reserved 1179648K
  class space    used 8803K, committed 9600K, reserved 1048576K
}
Event: 1352.634 GC heap before
{Heap before GC invocations=710 (full 3):
 PSYoungGen      total 3584K, used 3406K [0x00000000d5580000, 0x00000000d5b80000, 0x0000000100000000)
  eden space 3072K, 99% used [0x00000000d5580000,0x00000000d587bdb0,0x00000000d5880000)
  from space 512K, 68% used [0x00000000d5b00000,0x00000000d5b57c48,0x00000000d5b80000)
  to   space 512K, 0% used [0x00000000d5a80000,0x00000000d5a80000,0x00000000d5b00000)
 ParOldGen       total 1037824K, used 1037372K [0x0000000080000000, 0x00000000bf580000, 0x00000000d5580000)
  object space 1037824K, 99% used [0x0000000080000000,0x00000000bf50f218,0x00000000bf580000)
 Metaspace       used 83345K, committed 85184K, reserved 1179648K
  class space    used 8870K, committed 9664K, reserved 1048576K
}
Event: 1352.641 GC heap after
{Heap after GC invocations=710 (full 3):
 PSYoungGen      total 3584K, used 167K [0x00000000d5580000, 0x00000000d5b80000, 0x0000000100000000)
  eden space 3072K, 0% used [0x00000000d5580000,0x00000000d5580000,0x00000000d5880000)
  from space 512K, 32% used [0x00000000d5a80000,0x00000000d5aa9c60,0x00000000d5b00000)
  to   space 512K, 0% used [0x00000000d5b00000,0x00000000d5b00000,0x00000000d5b80000)
 ParOldGen       total 1037824K, used 1037624K [0x0000000080000000, 0x00000000bf580000, 0x00000000d5580000)
  object space 1037824K, 99% used [0x0000000080000000,0x00000000bf54e390,0x00000000bf580000)
 Metaspace       used 83345K, committed 85184K, reserved 1179648K
  class space    used 8870K, committed 9664K, reserved 1048576K
}
Event: 1352.821 GC heap before
{Heap before GC invocations=711 (full 3):
 PSYoungGen      total 3584K, used 3239K [0x00000000d5580000, 0x00000000d5b80000, 0x0000000100000000)
  eden space 3072K, 100% used [0x00000000d5580000,0x00000000d5880000,0x00000000d5880000)
  from space 512K, 32% used [0x00000000d5a80000,0x00000000d5aa9c60,0x00000000d5b00000)
  to   space 512K, 0% used [0x00000000d5b00000,0x00000000d5b00000,0x00000000d5b80000)
 ParOldGen       total 1037824K, used 1037624K [0x0000000080000000, 0x00000000bf580000, 0x00000000d5580000)
  object space 1037824K, 99% used [0x0000000080000000,0x00000000bf54e390,0x00000000bf580000)
 Metaspace       used 83860K, committed 85696K, reserved 1179648K
  class space    used 8921K, committed 9728K, reserved 1048576K
}
Event: 1352.825 GC heap after
{Heap after GC invocations=711 (full 3):
 PSYoungGen      total 3584K, used 492K [0x00000000d5580000, 0x00000000d5b80000, 0x0000000100000000)
  eden space 3072K, 0% used [0x00000000d5580000,0x00000000d5580000,0x00000000d5880000)
  from space 512K, 96% used [0x00000000d5b00000,0x00000000d5b7b1b0,0x00000000d5b80000)
  to   space 1024K, 0% used [0x00000000d5980000,0x00000000d5980000,0x00000000d5a80000)
 ParOldGen       total 1037824K, used 1037720K [0x0000000080000000, 0x00000000bf580000, 0x00000000d5580000)
  object space 1037824K, 99% used [0x0000000080000000,0x00000000bf566390,0x00000000bf580000)
 Metaspace       used 83860K, committed 85696K, reserved 1179648K
  class space    used 8921K, committed 9728K, reserved 1048576K
}

Dll operation events (11 events):
Event: 0.028 Loaded shared library c:\Users\Indhu\.vscode\extensions\redhat.java-1.54.0-win32-x64\jre\21.0.10-win32-x86_64\bin\java.dll
Event: 0.580 Loaded shared library c:\Users\Indhu\.vscode\extensions\redhat.java-1.54.0-win32-x64\jre\21.0.10-win32-x86_64\bin\zip.dll
Event: 0.777 Loaded shared library C:\Users\Indhu\.vscode\extensions\redhat.java-1.54.0-win32-x64\jre\21.0.10-win32-x86_64\bin\instrument.dll
Event: 0.789 Loaded shared library C:\Users\Indhu\.vscode\extensions\redhat.java-1.54.0-win32-x64\jre\21.0.10-win32-x86_64\bin\net.dll
Event: 0.793 Loaded shared library C:\Users\Indhu\.vscode\extensions\redhat.java-1.54.0-win32-x64\jre\21.0.10-win32-x86_64\bin\nio.dll
Event: 0.802 Loaded shared library C:\Users\Indhu\.vscode\extensions\redhat.java-1.54.0-win32-x64\jre\21.0.10-win32-x86_64\bin\zip.dll
Event: 0.995 Loaded shared library C:\Users\Indhu\.vscode\extensions\redhat.java-1.54.0-win32-x64\jre\21.0.10-win32-x86_64\bin\jimage.dll
Event: 1.328 Loaded shared library c:\Users\Indhu\.vscode\extensions\redhat.java-1.54.0-win32-x64\jre\21.0.10-win32-x86_64\bin\verify.dll
Event: 6.639 Loaded shared library C:\Users\Indhu\AppData\Roaming\Code\User\globalStorage\redhat.java\1.54.0\config_win\org.eclipse.equinox.launcher\org.eclipse.equinox.launcher.win32.win32.x86_64_1.3.0.v20260203-2149\eclipse_11919.dll
Event: 12.742 Loaded shared library C:\Users\Indhu\AppData\Local\Temp\jna-70793484\jna6446179131468232006.dll
Event: 44.066 Loaded shared library C:\Users\Indhu\.vscode\extensions\redhat.java-1.54.0-win32-x64\jre\21.0.10-win32-x86_64\bin\extnet.dll

Deoptimization events (20 events):
Event: 1351.846 Thread 0x000001756e1b0f20 DEOPT PACKING pc=0x000001751bb065c8 sp=0x0000001d873fd3b0
Event: 1351.846 Thread 0x000001756e1b0f20 DEOPT UNPACKING pc=0x000001751a836da2 sp=0x0000001d873fd350 mode 2
Event: 1351.846 Thread 0x000001756e1b0f20 Uncommon trap: trap_request=0xffffffde fr.pc=0x000001751bb065c8 relative=0x0000000000000d88
Event: 1351.846 Thread 0x000001756e1b0f20 Uncommon trap: reason=class_check action=maybe_recompile pc=0x000001751bb065c8 method=lombok.eclipse.EclipseNode.traverse(Llombok/eclipse/EclipseASTVisitor;)V @ 640 c2
Event: 1351.846 Thread 0x000001756e1b0f20 DEOPT PACKING pc=0x000001751bb065c8 sp=0x0000001d873fd320
Event: 1351.846 Thread 0x000001756e1b0f20 DEOPT UNPACKING pc=0x000001751a836da2 sp=0x0000001d873fd2c0 mode 2
Event: 1352.475 Thread 0x000001756e1b0f20 Uncommon trap: trap_request=0xffffff6e fr.pc=0x000001751bb5a998 relative=0x0000000000000fd8
Event: 1352.475 Thread 0x000001756e1b0f20 Uncommon trap: reason=loop_limit_check action=maybe_recompile pc=0x000001751bb5a998 method=org.jsoup.parser.CharacterReader.rangeEquals([CIILjava/lang/String;)Z @ 18 c2
Event: 1352.475 Thread 0x000001756e1b0f20 DEOPT PACKING pc=0x000001751bb5a998 sp=0x0000001d873fe6a0
Event: 1352.475 Thread 0x000001756e1b0f20 DEOPT UNPACKING pc=0x000001751a836da2 sp=0x0000001d873fe618 mode 2
Event: 1352.727 Thread 0x0000017570aad7f0 DEOPT PACKING pc=0x00000175132e817c sp=0x0000001d86efe070
Event: 1352.727 Thread 0x0000017570aad7f0 DEOPT UNPACKING pc=0x000001751a8378e2 sp=0x0000001d86efd490 mode 0
Event: 1352.781 Thread 0x000001756e1b0f20 Uncommon trap: trap_request=0xffffff76 fr.pc=0x000001751b907100 relative=0x0000000000001a20
Event: 1352.781 Thread 0x000001756e1b0f20 Uncommon trap: reason=predicate action=maybe_recompile pc=0x000001751b907100 method=java.util.regex.Pattern.compile()V @ 78 c2
Event: 1352.781 Thread 0x000001756e1b0f20 DEOPT PACKING pc=0x000001751b907100 sp=0x0000001d873fe890
Event: 1352.781 Thread 0x000001756e1b0f20 DEOPT UNPACKING pc=0x000001751a836da2 sp=0x0000001d873fe850 mode 2
Event: 1352.781 Thread 0x000001756e1b0f20 Uncommon trap: trap_request=0xffffff45 fr.pc=0x000001751b063064 relative=0x00000000000000c4
Event: 1352.781 Thread 0x000001756e1b0f20 Uncommon trap: reason=unstable_if action=reinterpret pc=0x000001751b063064 method=java.lang.String.codePointAt(I)I @ 4 c2
Event: 1352.781 Thread 0x000001756e1b0f20 DEOPT PACKING pc=0x000001751b063064 sp=0x0000001d873fe850
Event: 1352.781 Thread 0x000001756e1b0f20 DEOPT UNPACKING pc=0x000001751a836da2 sp=0x0000001d873fe7e8 mode 2

Classes loaded (20 events):
Event: 447.202 Loading class java/util/stream/Nodes$ConcNode
Event: 447.207 Loading class java/util/stream/Nodes$AbstractConcNode
Event: 447.212 Loading class java/util/stream/Nodes$AbstractConcNode done
Event: 447.212 Loading class java/util/stream/Nodes$ConcNode done
Event: 447.246 Loading class java/io/ObjectOutputStream$BlockDataOutputStream
Event: 447.255 Loading class java/io/ObjectOutputStream$BlockDataOutputStream done
Event: 447.255 Loading class java/io/ObjectOutputStream$HandleTable
Event: 447.260 Loading class java/io/ObjectOutputStream$HandleTable done
Event: 447.260 Loading class java/io/ObjectOutputStream$ReplaceTable
Event: 447.263 Loading class java/io/ObjectOutputStream$ReplaceTable done
Event: 1039.571 Loading class java/util/ArrayDeque$DeqSpliterator
Event: 1039.587 Loading class java/util/ArrayDeque$DeqSpliterator done
Event: 1053.248 Loading class java/util/regex/Pattern$Behind
Event: 1053.250 Loading class java/util/regex/Pattern$Behind done
Event: 1053.257 Loading class java/util/regex/Pattern$Neg
Event: 1053.257 Loading class java/util/regex/Pattern$Neg done
Event: 1109.634 Loading class java/util/function/IntPredicate
Event: 1109.636 Loading class java/util/function/IntPredicate done
Event: 1109.775 Loading class java/util/regex/Pattern$Bound
Event: 1109.775 Loading class java/util/regex/Pattern$Bound done

Classes unloaded (8 events):
Event: 14.856 Thread 0x0000017510154870 Unloading class 0x00000175281a2800 'java/lang/invoke/LambdaForm$MH+0x00000175281a2800'
Event: 14.856 Thread 0x0000017510154870 Unloading class 0x00000175281a2400 'java/lang/invoke/LambdaForm$MH+0x00000175281a2400'
Event: 14.856 Thread 0x0000017510154870 Unloading class 0x00000175281a2000 'java/lang/invoke/LambdaForm$MH+0x00000175281a2000'
Event: 14.856 Thread 0x0000017510154870 Unloading class 0x00000175281a1c00 'java/lang/invoke/LambdaForm$MH+0x00000175281a1c00'
Event: 14.856 Thread 0x0000017510154870 Unloading class 0x00000175281a1800 'java/lang/invoke/LambdaForm$BMH+0x00000175281a1800'
Event: 14.856 Thread 0x0000017510154870 Unloading class 0x00000175281a1400 'java/lang/invoke/LambdaForm$DMH+0x00000175281a1400'
Event: 14.856 Thread 0x0000017510154870 Unloading class 0x00000175281a0000 'java/lang/invoke/LambdaForm$DMH+0x00000175281a0000'
Event: 36.012 Thread 0x0000017510154870 Unloading class 0x00000175286b3000 'java/lang/invoke/LambdaForm$DMH+0x00000175286b3000'

Classes redefined (0 events):
No events

Internal exceptions (20 events):
Event: 1312.543 Thread 0x000001756e1ad410 Exception <a 'java/lang/NoSuchMethodError'{0x00000000d5779940}: 'int java.lang.invoke.DirectMethodHandle$Holder.invokeStatic(java.lang.Object)'> (0x00000000d5779940) 
thrown [s\src\hotspot\share\interpreter\linkResolver.cpp, line 773]
Event: 1312.969 Thread 0x000001756e1ad410 Exception <a 'sun/nio/fs/WindowsException'{0x00000000d5641658}> (0x00000000d5641658) 
thrown [s\src\hotspot\share\prims\jni.cpp, line 520]
Event: 1312.978 Thread 0x000001756e1ad410 Exception <a 'sun/nio/fs/WindowsException'{0x00000000d5641f58}> (0x00000000d5641f58) 
thrown [s\src\hotspot\share\prims\jni.cpp, line 520]
Event: 1312.982 Thread 0x000001756e1ad410 Exception <a 'sun/nio/fs/WindowsException'{0x00000000d5642fe0}> (0x00000000d5642fe0) 
thrown [s\src\hotspot\share\prims\jni.cpp, line 520]
Event: 1312.983 Thread 0x000001756e1ad410 Exception <a 'sun/nio/fs/WindowsException'{0x00000000d56438e0}> (0x00000000d56438e0) 
thrown [s\src\hotspot\share\prims\jni.cpp, line 520]
Event: 1312.993 Thread 0x000001756e1ad410 Exception <a 'sun/nio/fs/WindowsException'{0x00000000d5645378}> (0x00000000d5645378) 
thrown [s\src\hotspot\share\prims\jni.cpp, line 520]
Event: 1312.993 Thread 0x000001756e1ad410 Exception <a 'sun/nio/fs/WindowsException'{0x00000000d56459c8}> (0x00000000d56459c8) 
thrown [s\src\hotspot\share\prims\jni.cpp, line 520]
Event: 1313.679 Thread 0x000001756e1ad410 Exception <a 'sun/nio/fs/WindowsException'{0x00000000d5667298}> (0x00000000d5667298) 
thrown [s\src\hotspot\share\prims\jni.cpp, line 520]
Event: 1313.679 Thread 0x000001756e1ad410 Exception <a 'sun/nio/fs/WindowsException'{0x00000000d5667dd8}> (0x00000000d5667dd8) 
thrown [s\src\hotspot\share\prims\jni.cpp, line 520]
Event: 1315.122 Thread 0x000001756e1b0200 Exception <a 'sun/nio/fs/WindowsException'{0x00000000d56d0128}> (0x00000000d56d0128) 
thrown [s\src\hotspot\share\prims\jni.cpp, line 520]
Event: 1315.126 Thread 0x000001756e1b0200 Exception <a 'sun/nio/fs/WindowsException'{0x00000000d56d0798}> (0x00000000d56d0798) 
thrown [s\src\hotspot\share\prims\jni.cpp, line 520]
Event: 1336.184 Thread 0x0000017570aaaa00 Exception <a 'sun/nio/fs/WindowsException'{0x00000000d573fd80}> (0x00000000d573fd80) 
thrown [s\src\hotspot\share\prims\jni.cpp, line 520]
Event: 1336.192 Thread 0x0000017570aaaa00 Exception <a 'sun/nio/fs/WindowsException'{0x00000000d577f930}> (0x00000000d577f930) 
thrown [s\src\hotspot\share\prims\jni.cpp, line 520]
Event: 1337.373 Thread 0x0000017570aad7f0 Exception <a 'java/lang/ArrayIndexOutOfBoundsException'{0x00000000d55bbcd0}> (0x00000000d55bbcd0) 
thrown [s\src\hotspot\share\runtime\sharedRuntime.cpp, line 625]
Event: 1337.373 Thread 0x0000017570aad7f0 Exception <a 'java/lang/ArrayIndexOutOfBoundsException'{0x00000000d55bc2f0}> (0x00000000d55bc2f0) 
thrown [s\src\hotspot\share\runtime\sharedRuntime.cpp, line 625]
Event: 1337.374 Thread 0x0000017570aad7f0 Exception <a 'java/lang/ArrayIndexOutOfBoundsException'{0x00000000d55bc660}> (0x00000000d55bc660) 
thrown [s\src\hotspot\share\runtime\sharedRuntime.cpp, line 625]
Event: 1341.310 Thread 0x0000017570aab090 Exception <a 'sun/nio/fs/WindowsException'{0x00000000d58162a0}> (0x00000000d58162a0) 
thrown [s\src\hotspot\share\prims\jni.cpp, line 520]
Event: 1342.964 Thread 0x0000017570aab090 Exception <a 'sun/nio/fs/WindowsException'{0x00000000d5736fd0}> (0x00000000d5736fd0) 
thrown [s\src\hotspot\share\prims\jni.cpp, line 520]
Event: 1344.833 Thread 0x0000017570aa8fc0 Exception <a 'java/lang/ArrayIndexOutOfBoundsException'{0x00000000d580f050}> (0x00000000d580f050) 
thrown [s\src\hotspot\share\runtime\sharedRuntime.cpp, line 625]
Event: 1350.817 Thread 0x0000017570aad7f0 Exception <a 'java/lang/IncompatibleClassChangeError'{0x00000000d5759928}: Found class java.lang.Object, but interface was expected> (0x00000000d5759928) 
thrown [s\src\hotspot\share\interpreter\linkResolver.cpp, line 840]

ZGC Phase Switch (0 events):
No events

VM Operations (20 events):
Event: 1351.197 Executing non-safepoint VM operation: HandshakeAllThreads (Deoptimize)
Event: 1351.198 Executing non-safepoint VM operation: HandshakeAllThreads (Deoptimize) done
Event: 1351.206 Executing non-safepoint VM operation: HandshakeAllThreads (Deoptimize)
Event: 1351.206 Executing non-safepoint VM operation: HandshakeAllThreads (Deoptimize) done
Event: 1351.499 Executing safepoint VM operation: ParallelGCFailedAllocation (Allocation Failure)
Event: 1351.504 Executing safepoint VM operation: ParallelGCFailedAllocation (Allocation Failure) done
Event: 1351.645 Executing safepoint VM operation: ParallelGCFailedAllocation (Allocation Failure)
Event: 1351.651 Executing safepoint VM operation: ParallelGCFailedAllocation (Allocation Failure) done
Event: 1351.745 Executing safepoint VM operation: ParallelGCFailedAllocation (Allocation Failure)
Event: 1351.758 Executing safepoint VM operation: ParallelGCFailedAllocation (Allocation Failure) done
Event: 1352.131 Executing safepoint VM operation: ParallelGCFailedAllocation (Allocation Failure)
Event: 1352.139 Executing safepoint VM operation: ParallelGCFailedAllocation (Allocation Failure) done
Event: 1352.377 Executing safepoint VM operation: ParallelGCFailedAllocation (Allocation Failure)
Event: 1352.381 Executing safepoint VM operation: ParallelGCFailedAllocation (Allocation Failure) done
Event: 1352.469 Executing non-safepoint VM operation: HandshakeAllThreads (Deoptimize)
Event: 1352.469 Executing non-safepoint VM operation: HandshakeAllThreads (Deoptimize) done
Event: 1352.616 Executing safepoint VM operation: ParallelGCFailedAllocation (Allocation Failure)
Event: 1352.641 Executing safepoint VM operation: ParallelGCFailedAllocation (Allocation Failure) done
Event: 1352.821 Executing safepoint VM operation: ParallelGCFailedAllocation (Allocation Failure)
Event: 1352.825 Executing safepoint VM operation: ParallelGCFailedAllocation (Allocation Failure) done

Memory protections (0 events):
No events

Nmethod flushes (20 events):
Event: 36.068 Thread 0x0000017510154870 flushing  nmethod 0x0000017513bd5690
Event: 36.068 Thread 0x0000017510154870 flushing  nmethod 0x0000017513bd5b10
Event: 36.068 Thread 0x0000017510154870 flushing  nmethod 0x0000017513bd6110
Event: 36.068 Thread 0x0000017510154870 flushing  nmethod 0x0000017513bf4110
Event: 36.068 Thread 0x0000017510154870 flushing  nmethod 0x0000017513c18f90
Event: 36.068 Thread 0x0000017510154870 flushing  nmethod 0x0000017513c1e110
Event: 36.068 Thread 0x0000017510154870 flushing  nmethod 0x0000017513c1e710
Event: 36.068 Thread 0x0000017510154870 flushing  nmethod 0x0000017513c20990
Event: 36.068 Thread 0x0000017510154870 flushing  nmethod 0x0000017513c21f90
Event: 36.068 Thread 0x0000017510154870 flushing  nmethod 0x0000017513c22490
Event: 36.068 Thread 0x0000017510154870 flushing  nmethod 0x0000017513c22810
Event: 36.068 Thread 0x0000017510154870 flushing  nmethod 0x0000017513c23090
Event: 36.068 Thread 0x0000017510154870 flushing  nmethod 0x0000017513c23b90
Event: 36.068 Thread 0x0000017510154870 flushing  nmethod 0x0000017513c23f10
Event: 36.068 Thread 0x0000017510154870 flushing osr nmethod 0x0000017513c28d10
Event: 36.068 Thread 0x0000017510154870 flushing  nmethod 0x0000017513c5cd90
Event: 36.068 Thread 0x0000017510154870 flushing  nmethod 0x0000017513c64790
Event: 36.068 Thread 0x0000017510154870 flushing  nmethod 0x0000017513c6cd10
Event: 36.068 Thread 0x0000017510154870 flushing  nmethod 0x0000017513c6f490
Event: 36.068 Thread 0x0000017510154870 flushing osr nmethod 0x0000017513caa910

Events (20 events):
Event: 1185.662 Thread 0x0000017570aae510 Thread exited: 0x0000017570aae510
Event: 1185.747 Thread 0x000001756e1ae7c0 Thread exited: 0x000001756e1ae7c0
Event: 1199.475 Thread 0x0000017570aaa370 Thread exited: 0x0000017570aaa370
Event: 1259.485 Thread 0x0000017570aade80 Thread exited: 0x0000017570aade80
Event: 1282.818 Thread 0x0000017570aad7f0 Thread added: 0x000001756e1ad410
Event: 1282.821 Thread 0x0000017570aa8fc0 Thread added: 0x000001756e1ae7c0
Event: 1289.112 Thread 0x0000017570aaaa00 Thread added: 0x000001756e1b0890
Event: 1289.418 Thread 0x0000017570a73540 Thread added: 0x000001756e1af4e0
Event: 1290.165 Thread 0x000001756e1b0890 Thread added: 0x000001756e1afb70
Event: 1306.142 Thread 0x0000017570aaf8c0 Thread exited: 0x0000017570aaf8c0
Event: 1314.978 Thread 0x000001756e2d5660 Thread added: 0x000001756e1b0200
Event: 1315.207 Thread 0x000001756e1b0200 Thread added: 0x000001756e1b0f20
Event: 1315.275 Thread 0x000001756e2d5660 Thread added: 0x000001756e1ae130
Event: 1315.279 Thread 0x000001756e1b0f20 Thread exited: 0x000001756e1b0f20
Event: 1315.846 Thread 0x000001756e1ae130 Thread exited: 0x000001756e1ae130
Event: 1336.254 Thread 0x0000017570aaaa00 Thread added: 0x000001756e1b0f20
Event: 1336.271 Thread 0x000001756e1b0f20 Thread exited: 0x000001756e1b0f20
Event: 1337.612 Thread 0x0000017570aaaa00 Thread added: 0x000001756e1ae130
Event: 1337.614 Thread 0x000001756e1ae130 Thread exited: 0x000001756e1ae130
Event: 1351.116 Thread 0x0000017570aad7f0 Thread added: 0x000001756e1b0f20


Dynamic libraries:
0x00007ff7c0000000 - 0x00007ff7c000e000 	c:\Users\Indhu\.vscode\extensions\redhat.java-1.54.0-win32-x64\jre\21.0.10-win32-x86_64\bin\java.exe
0x00007ffe216e0000 - 0x00007ffe21946000 	C:\WINDOWS\SYSTEM32\ntdll.dll
0x00007ffdddd70000 - 0x00007ffdddd91000 	C:\Program Files\Avast Software\Avast\aswhook.dll
0x00007ffe20cf0000 - 0x00007ffe20db9000 	C:\WINDOWS\System32\KERNEL32.DLL
0x00007ffe1e970000 - 0x00007ffe1ed6a000 	C:\WINDOWS\System32\KERNELBASE.dll
0x00007ffe1f2d0000 - 0x00007ffe1f41c000 	C:\WINDOWS\System32\ucrtbase.dll
0x00007ffe124e0000 - 0x00007ffe124fe000 	c:\Users\Indhu\.vscode\extensions\redhat.java-1.54.0-win32-x64\jre\21.0.10-win32-x86_64\bin\VCRUNTIME140.dll
0x00007ffe12150000 - 0x00007ffe12168000 	c:\Users\Indhu\.vscode\extensions\redhat.java-1.54.0-win32-x64\jre\21.0.10-win32-x86_64\bin\jli.dll
0x00007ffe1fbb0000 - 0x00007ffe1fd77000 	C:\WINDOWS\System32\USER32.dll
0x00007ffe1f420000 - 0x00007ffe1f447000 	C:\WINDOWS\System32\win32u.dll
0x00007ffe0b020000 - 0x00007ffe0b2b2000 	C:\WINDOWS\WinSxS\amd64_microsoft.windows.common-controls_6595b64144ccf1df_6.0.26100.8521_none_3e08b75ce33403b3\COMCTL32.dll
0x00007ffe1f610000 - 0x00007ffe1f63b000 	C:\WINDOWS\System32\GDI32.dll
0x00007ffe1ee00000 - 0x00007ffe1ef2b000 	C:\WINDOWS\System32\gdi32full.dll
0x00007ffe20c40000 - 0x00007ffe20ce9000 	C:\WINDOWS\System32\msvcrt.dll
0x00007ffe1f220000 - 0x00007ffe1f2c3000 	C:\WINDOWS\System32\msvcp_win.dll
0x00007ffe1fd90000 - 0x00007ffe1fdc2000 	C:\WINDOWS\System32\IMM32.DLL
0x00007ffe12380000 - 0x00007ffe1238c000 	c:\Users\Indhu\.vscode\extensions\redhat.java-1.54.0-win32-x64\jre\21.0.10-win32-x86_64\bin\vcruntime140_1.dll
0x00007ffdc7a80000 - 0x00007ffdc7b0d000 	c:\Users\Indhu\.vscode\extensions\redhat.java-1.54.0-win32-x64\jre\21.0.10-win32-x86_64\bin\msvcp140.dll
0x00007ffd9e2d0000 - 0x00007ffd9f071000 	c:\Users\Indhu\.vscode\extensions\redhat.java-1.54.0-win32-x64\jre\21.0.10-win32-x86_64\bin\server\jvm.dll
0x00007ffe1fe90000 - 0x00007ffe1ff46000 	C:\WINDOWS\System32\ADVAPI32.dll
0x00007ffe210b0000 - 0x00007ffe2115a000 	C:\WINDOWS\System32\sechost.dll
0x00007ffe1ff50000 - 0x00007ffe20068000 	C:\WINDOWS\System32\RPCRT4.dll
0x00007ffe20e40000 - 0x00007ffe20ec0000 	C:\WINDOWS\System32\WS2_32.dll
0x00007ffe1e7f0000 - 0x00007ffe1e84e000 	C:\WINDOWS\SYSTEM32\POWRPROF.dll
0x00007ffe0c760000 - 0x00007ffe0c796000 	C:\WINDOWS\SYSTEM32\WINMM.dll
0x00007ffe0f090000 - 0x00007ffe0f09b000 	C:\WINDOWS\SYSTEM32\VERSION.dll
0x00007ffe1e7d0000 - 0x00007ffe1e7e4000 	C:\WINDOWS\SYSTEM32\UMPDC.dll
0x00007ffe1d700000 - 0x00007ffe1d71b000 	C:\WINDOWS\SYSTEM32\kernel.appcore.dll
0x00007ffe12140000 - 0x00007ffe1214a000 	c:\Users\Indhu\.vscode\extensions\redhat.java-1.54.0-win32-x64\jre\21.0.10-win32-x86_64\bin\jimage.dll
0x00007ffe1c090000 - 0x00007ffe1c2d2000 	C:\WINDOWS\SYSTEM32\DBGHELP.DLL
0x00007ffe211e0000 - 0x00007ffe21563000 	C:\WINDOWS\System32\combase.dll
0x00007ffe20800000 - 0x00007ffe208d9000 	C:\WINDOWS\System32\OLEAUT32.dll
0x00007ffe0efa0000 - 0x00007ffe0efdb000 	C:\WINDOWS\SYSTEM32\dbgcore.DLL
0x00007ffe1f170000 - 0x00007ffe1f218000 	C:\WINDOWS\System32\bcryptPrimitives.dll
0x00007ffe0db50000 - 0x00007ffe0db5f000 	c:\Users\Indhu\.vscode\extensions\redhat.java-1.54.0-win32-x64\jre\21.0.10-win32-x86_64\bin\instrument.dll
0x00007ffe0db30000 - 0x00007ffe0db50000 	c:\Users\Indhu\.vscode\extensions\redhat.java-1.54.0-win32-x64\jre\21.0.10-win32-x86_64\bin\java.dll
0x00007ffe20070000 - 0x00007ffe207f4000 	C:\WINDOWS\System32\SHELL32.dll
0x00007ffe1c580000 - 0x00007ffe1ce00000 	C:\WINDOWS\SYSTEM32\windows.storage.dll
0x00007ffe20a40000 - 0x00007ffe20b36000 	C:\WINDOWS\System32\SHCORE.dll
0x00007ffe20dd0000 - 0x00007ffe20e37000 	C:\WINDOWS\System32\shlwapi.dll
0x00007ffe1e890000 - 0x00007ffe1e8b9000 	C:\WINDOWS\SYSTEM32\profapi.dll
0x00007ffe0db10000 - 0x00007ffe0db28000 	c:\Users\Indhu\.vscode\extensions\redhat.java-1.54.0-win32-x64\jre\21.0.10-win32-x86_64\bin\zip.dll
0x00007ffe0ccd0000 - 0x00007ffe0cce0000 	C:\Users\Indhu\.vscode\extensions\redhat.java-1.54.0-win32-x64\jre\21.0.10-win32-x86_64\bin\net.dll
0x00007ffe111a0000 - 0x00007ffe112c9000 	C:\WINDOWS\SYSTEM32\WINHTTP.dll
0x00007ffe1dc70000 - 0x00007ffe1dcdc000 	C:\WINDOWS\system32\mswsock.dll
0x00007ffdfd7c0000 - 0x00007ffdfd7d6000 	C:\Users\Indhu\.vscode\extensions\redhat.java-1.54.0-win32-x64\jre\21.0.10-win32-x86_64\bin\nio.dll
0x00007ffe0ccc0000 - 0x00007ffe0ccd0000 	c:\Users\Indhu\.vscode\extensions\redhat.java-1.54.0-win32-x64\jre\21.0.10-win32-x86_64\bin\verify.dll
0x00007ffdd8870000 - 0x00007ffdd88b5000 	C:\Users\Indhu\AppData\Roaming\Code\User\globalStorage\redhat.java\1.54.0\config_win\org.eclipse.equinox.launcher\org.eclipse.equinox.launcher.win32.win32.x86_64_1.3.0.v20260203-2149\eclipse_11919.dll
0x00007ffe1f450000 - 0x00007ffe1f5e8000 	C:\WINDOWS\System32\ole32.dll
0x00007ffe1df50000 - 0x00007ffe1df6b000 	C:\WINDOWS\SYSTEM32\CRYPTSP.dll
0x00007ffe1d660000 - 0x00007ffe1d699000 	C:\WINDOWS\system32\rsaenh.dll
0x00007ffe1dd20000 - 0x00007ffe1dd53000 	C:\WINDOWS\SYSTEM32\USERENV.dll
0x00007ffe1e860000 - 0x00007ffe1e88a000 	C:\WINDOWS\SYSTEM32\bcrypt.dll
0x00007ffe1df70000 - 0x00007ffe1df7c000 	C:\WINDOWS\SYSTEM32\CRYPTBASE.dll
0x00007ffe1d110000 - 0x00007ffe1d143000 	C:\WINDOWS\SYSTEM32\IPHLPAPI.DLL
0x00007ffe1fd80000 - 0x00007ffe1fd8a000 	C:\WINDOWS\System32\NSI.dll
0x00007ffe0a400000 - 0x00007ffe0a449000 	C:\Users\Indhu\AppData\Local\Temp\jna-70793484\jna6446179131468232006.dll
0x00007ffe1f5f0000 - 0x00007ffe1f5f8000 	C:\WINDOWS\System32\PSAPI.DLL
0x00007ffe113b0000 - 0x00007ffe113cd000 	C:\WINDOWS\SYSTEM32\dhcpcsvc6.DLL
0x00007ffe10a70000 - 0x00007ffe10a95000 	C:\WINDOWS\SYSTEM32\dhcpcsvc.DLL
0x00007ffdf6830000 - 0x00007ffdf6839000 	C:\Users\Indhu\.vscode\extensions\redhat.java-1.54.0-win32-x64\jre\21.0.10-win32-x86_64\bin\extnet.dll

JVMTI agents:
c:\Users\Indhu\.vscode\extensions\redhat.java-1.54.0-win32-x64\lombok\lombok-1.18.39-4050.jar path:c:\Users\Indhu\.vscode\extensions\redhat.java-1.54.0-win32-x64\jre\21.0.10-win32-x86_64\bin\instrument.dll, loaded, initialized, instrumentlib options:none

dbghelp: loaded successfully - version: 4.0.5 - missing functions: none
symbol engine: initialized successfully - sym options: 0x614 - pdb path: .;c:\Users\Indhu\.vscode\extensions\redhat.java-1.54.0-win32-x64\jre\21.0.10-win32-x86_64\bin;C:\WINDOWS\SYSTEM32;C:\Program Files\Avast Software\Avast;C:\WINDOWS\WinSxS\amd64_microsoft.windows.common-controls_6595b64144ccf1df_6.0.26100.8521_none_3e08b75ce33403b3;c:\Users\Indhu\.vscode\extensions\redhat.java-1.54.0-win32-x64\jre\21.0.10-win32-x86_64\bin\server;C:\Users\Indhu\AppData\Roaming\Code\User\globalStorage\redhat.java\1.54.0\config_win\org.eclipse.equinox.launcher\org.eclipse.equinox.launcher.win32.win32.x86_64_1.3.0.v20260203-2149;C:\Users\Indhu\AppData\Local\Temp\jna-70793484

VM Arguments:
jvm_args: --add-modules=ALL-SYSTEM --add-opens=java.base/java.util=ALL-UNNAMED --add-opens=java.base/java.lang=ALL-UNNAMED --add-opens=java.base/sun.nio.fs=ALL-UNNAMED -Declipse.application=org.eclipse.jdt.ls.core.id1 -Dosgi.bundles.defaultStartLevel=4 -Declipse.product=org.eclipse.jdt.ls.core.product -Djava.import.generatesMetadataFilesAtProjectRoot=false -DDetectVMInstallationsJob.disabled=true -Dfile.encoding=utf8 -XX:+UseParallelGC -XX:GCTimeRatio=4 -XX:AdaptiveSizePolicyWeight=90 -Dsun.zip.disableMemoryMapping=true -Xmx2G -Xms100m -Xlog:disable -javaagent:c:\Users\Indhu\.vscode\extensions\redhat.java-1.54.0-win32-x64\lombok\lombok-1.18.39-4050.jar -XX:+HeapDumpOnOutOfMemoryError -XX:HeapDumpPath=c:\Users\Indhu\AppData\Roaming\Code\User\workspaceStorage\4dbafc3fa6d5433351079bda42165453\redhat.java -Daether.dependencyCollector.impl=bf 
java_command: c:\Users\Indhu\.vscode\extensions\redhat.java-1.54.0-win32-x64\server\plugins\org.eclipse.equinox.launcher_1.7.100.v20251111-0406.jar -configuration c:\Users\Indhu\AppData\Roaming\Code\User\globalStorage\redhat.java\1.54.0\config_win -data c:\Users\Indhu\AppData\Roaming\Code\User\workspaceStorage\4dbafc3fa6d5433351079bda42165453\redhat.java\jdt_ws --pipe=\\.\pipe\lsp-d5142d8a77ae13fd4ae7a9407357e6e1-sock
java_class_path (initial): c:\Users\Indhu\.vscode\extensions\redhat.java-1.54.0-win32-x64\server\plugins\org.eclipse.equinox.launcher_1.7.100.v20251111-0406.jar
Launcher Type: SUN_STANDARD

[Global flags]
    uintx AdaptiveSizePolicyWeight                 = 90                                        {product} {command line}
     intx CICompilerCount                          = 3                                         {product} {ergonomic}
    uintx GCTimeRatio                              = 4                                         {product} {command line}
     bool HeapDumpOnOutOfMemoryError               = true                                   {manageable} {command line}
    ccstr HeapDumpPath                             = c:\Users\Indhu\AppData\Roaming\Code\User\workspaceStorage\4dbafc3fa6d5433351079bda42165453\redhat.java         {manageable} {command line}
   size_t InitialHeapSize                          = 104857600                                 {product} {command line}
   size_t MaxHeapSize                              = 2147483648                                {product} {command line}
   size_t MaxNewSize                               = 715653120                                 {product} {ergonomic}
   size_t MinHeapDeltaBytes                        = 524288                                    {product} {ergonomic}
   size_t MinHeapSize                              = 104857600                                 {product} {command line}
   size_t NewSize                                  = 34603008                                  {product} {ergonomic}
    uintx NonNMethodCodeHeapSize                   = 5832780                                {pd product} {ergonomic}
    uintx NonProfiledCodeHeapSize                  = 122912730                              {pd product} {ergonomic}
   size_t OldSize                                  = 70254592                                  {product} {ergonomic}
    uintx ProfiledCodeHeapSize                     = 122912730                              {pd product} {ergonomic}
    uintx ReservedCodeCacheSize                    = 251658240                              {pd product} {ergonomic}
     bool SegmentedCodeCache                       = true                                      {product} {ergonomic}
   size_t SoftMaxHeapSize                          = 2147483648                             {manageable} {ergonomic}
     bool UseCompressedOops                        = true                           {product lp64_product} {ergonomic}
     bool UseLargePagesIndividualAllocation        = false                                  {pd product} {ergonomic}
     bool UseParallelGC                            = true                                      {product} {command line}

Logging:
Log output configuration:
 #0: stdout all=off uptime,level,tags foldmultilines=false
 #1: stderr all=off uptime,level,tags foldmultilines=false

Release file:
JAVA_VERSION="21.0.10" 
MODULES="java.base java.compiler java.datatransfer java.xml java.prefs java.desktop java.instrument java.logging java.management java.security.sasl java.naming java.rmi java.management.rmi java.net.http java.scripting java.security.jgss java.transaction.xa java.sql java.sql.rowset java.xml.crypto java.se java.smartcardio jdk.accessibility jdk.internal.jvmstat jdk.attach jdk.charsets jdk.internal.opt jdk.zipfs jdk.compiler jdk.crypto.ec jdk.crypto.cryptoki jdk.crypto.mscapi jdk.dynalink jdk.internal.ed jdk.editpad jdk.hotspot.agent jdk.httpserver jdk.internal.le jdk.internal.vm.ci jdk.internal.vm.compiler jdk.internal.vm.compiler.management jdk.jartool jdk.javadoc jdk.jcmd jdk.management jdk.management.agent jdk.jconsole jdk.jdeps jdk.jdwp.agent jdk.jdi jdk.jfr jdk.jshell jdk.jsobject jdk.jstatd jdk.localedata jdk.management.jfr jdk.naming.dns jdk.naming.rmi jdk.net jdk.nio.mapmode jdk.random jdk.sctp jdk.security.auth jdk.security.jgss jdk.unsupported jdk.unsupported.desktop jdk.xml.dom" 

Environment Variables:
JAVA_HOME=C:\Program Files\java\jdk-21.0.11
PATH=C:\MinGW\bin;C:\Python311\Scripts\;C:\Python311\;C:\Windows\system32;C:\Windows;C:\Windows\System32\Wbem;C:\Windows\System32\WindowsPowerShell\v1.0\;C:\Windows\System32\OpenSSH\;C:\ProgramData\chocolatey\bin;c:\Users\Indhu\AppData\Local\Programs\cursor\resources\app\bin;C:\Program Files\Git\cmd;C:\WINDOWS\system32;C:\WINDOWS;C:\WINDOWS\System32\Wbem;C:\WINDOWS\System32\WindowsPowerShell\v1.0\;C:\WINDOWS\System32\OpenSSH\;C:\Program Files\java\jre-8u451-windows-x64.exe;C:\Program Files\nodejs\;C:\Program Files\Redis\;"C:\Program Files\java\jre-8u451-windows-x64.exe"\bin;C:\Users\Indhu\AppData\Local\Programs\Python\Python313\Scripts\;C:\Users\Indhu\AppData\Local\Programs\Python\Python313\;C:\Windows;C:\Users\Indhu\AppData\Local\Microsoft\WindowsApps;C:\Users\Indhu\AppData\Local\Programs\Microsoft VS Code\bin;C:\Users\Indhu\AppData\Local\GitHubDesktop\bin;C:\Users\Indhu\AppData\Roaming\npm;C:\Users\Indhu\AppData\Local\Programs\Antigravity\bin
USERNAME=Indhu
OS=Windows_NT
PROCESSOR_IDENTIFIER=Intel64 Family 6 Model 126 Stepping 5, GenuineIntel
TMP=C:\Users\Indhu\AppData\Local\Temp
TEMP=C:\Users\Indhu\AppData\Local\Temp




Periodic native trim disabled

---------------  S Y S T E M  ---------------

OS:
 Windows 11 , 64 bit Build 26100 (10.0.26100.8521)
OS uptime: 0 days 16:04 hours

CPU: total 4 (initial active 4) (2 cores per cpu, 2 threads per core) family 6 model 126 stepping 5 microcode 0xa6, cx8, cmov, fxsr, ht, mmx, 3dnowpref, sse, sse2, sse3, ssse3, sse4.1, sse4.2, popcnt, lzcnt, tsc, tscinvbit, avx, avx2, aes, erms, clmul, bmi1, bmi2, adx, avx512f, avx512dq, avx512cd, avx512bw, avx512vl, sha, fma, vzeroupper, avx512_vpopcntdq, avx512_vpclmulqdq, avx512_vaes, avx512_vnni, clflush, clflushopt, avx512_vbmi2, avx512_vbmi, rdtscp, rdpid, fsrm, gfni, avx512_bitalg, f16c, pku, avx512_ifma
Processor Information for the first 4 processors :
  Max Mhz: 1201, Current Mhz: 1201, Mhz Limit: 1201

Memory: 4k page, system-wide physical 3901M (276M free)
TotalPageFile size 15677M (AvailPageFile size 4M)
current process WorkingSet (physical memory assigned to process): 242M, peak: 335M
current process commit charge ("private bytes"): 1353M, peak: 1354M

vm_info: OpenJDK 64-Bit Server VM (21.0.10+7-LTS) for windows-amd64 JRE (21.0.10+7-LTS), built on 2026-01-20T00:00:00Z by "admin" with MS VC++ 17.12 (VS2022)

END.
