#
# There is insufficient memory for the Java Runtime Environment to continue.
# Native memory allocation (malloc) failed to allocate 1082416 bytes. Error detail: Chunk::new
# Possible reasons:
#   The system is out of physical RAM or swap space
#   This process is running with CompressedOops enabled, and the Java Heap may be blocking the growth of the native heap
# Possible solutions:
#   Reduce memory load on the system
#   Increase physical memory or swap space
#   Check if swap backing store is full
#   Decrease Java heap size (-Xmx/-Xms)
#   Decrease number of Java threads
#   Decrease Java thread stack sizes (-Xss)
#   Set larger code cache with -XX:ReservedCodeCacheSize=
#   JVM is running with Unscaled Compressed Oops mode in which the Java heap is
#     placed in the first 4GB address space. The Java Heap base address is the
#     maximum limit for the native heap growth. Please use -XX:HeapBaseMinAddress
#     to set the Java Heap base and to place the Java Heap above 4GB virtual address.
# This output file may be truncated or incomplete.
#
#  Out of Memory Error (arena.cpp:168), pid=10908, tid=10608
#
# JRE version: OpenJDK Runtime Environment Temurin-21.0.10+7 (21.0.10+7) (build 21.0.10+7-LTS)
# Java VM: OpenJDK 64-Bit Server VM Temurin-21.0.10+7 (21.0.10+7-LTS, mixed mode, sharing, tiered, compressed oops, compressed class ptrs, parallel gc, windows-amd64)
# No core dump will be written. Minidumps are not enabled by default on client versions of Windows
#

---------------  S U M M A R Y ------------

Command Line: --add-modules=ALL-SYSTEM --add-opens=java.base/java.util=ALL-UNNAMED --add-opens=java.base/java.lang=ALL-UNNAMED --add-opens=java.base/sun.nio.fs=ALL-UNNAMED -Declipse.application=org.eclipse.jdt.ls.core.id1 -Dosgi.bundles.defaultStartLevel=4 -Declipse.product=org.eclipse.jdt.ls.core.product -Djava.import.generatesMetadataFilesAtProjectRoot=false -DDetectVMInstallationsJob.disabled=true -Dfile.encoding=utf8 -XX:+UseParallelGC -XX:GCTimeRatio=4 -XX:AdaptiveSizePolicyWeight=90 -Dsun.zip.disableMemoryMapping=true -Xmx2G -Xms100m -Xlog:disable -javaagent:c:\Users\Indhu\.vscode\extensions\redhat.java-1.54.0-win32-x64\lombok\lombok-1.18.39-4050.jar -XX:+HeapDumpOnOutOfMemoryError -XX:HeapDumpPath=c:\Users\Indhu\AppData\Roaming\Code\User\workspaceStorage\4dbafc3fa6d5433351079bda42165453\redhat.java -Daether.dependencyCollector.impl=bf c:\Users\Indhu\.vscode\extensions\redhat.java-1.54.0-win32-x64\server\plugins\org.eclipse.equinox.launcher_1.7.100.v20251111-0406.jar -configuration c:\Users\Indhu\AppData\Roaming\Code\User\globalStorage\redhat.java\1.54.0\config_win -data c:\Users\Indhu\AppData\Roaming\Code\User\workspaceStorage\4dbafc3fa6d5433351079bda42165453\redhat.java\jdt_ws --pipe=\\.\pipe\lsp-c1c53fbd65659b1c4a0b764cbb7a702a-sock

Host: Intel(R) Core(TM) i3-1005G1 CPU @ 1.20GHz, 4 cores, 3G,  Windows 11 , 64 bit Build 26100 (10.0.26100.8521)
Time: Sat Jun  6 11:14:17 2026 India Standard Time elapsed time: 871.642914 seconds (0d 0h 14m 31s)

---------------  T H R E A D  ---------------

Current thread (0x000002c06f175b40):  JavaThread "C2 CompilerThread0" daemon [_thread_in_native, id=10608, stack(0x000000d537a00000,0x000000d537b00000) (1024K)]


Current CompileTask:
C2:871643 18238       4       org.eclipse.jdt.internal.core.builder.NameEnvironment::getModulesDeclaringPackage (336 bytes)

Stack: [0x000000d537a00000,0x000000d537b00000]
Native frames: (J=compiled Java code, j=interpreted, Vv=VM code, C=native code)
V  [jvm.dll+0x6d7a39]
V  [jvm.dll+0x8b4b26]
V  [jvm.dll+0x8b70de]
V  [jvm.dll+0x8b77c3]
V  [jvm.dll+0x284346]
V  [jvm.dll+0xc66ed]
V  [jvm.dll+0xc6c31]
V  [jvm.dll+0x3bec3b]
V  [jvm.dll+0x38b162]
V  [jvm.dll+0x38a5aa]
V  [jvm.dll+0x24c560]
V  [jvm.dll+0x24bb40]
V  [jvm.dll+0x1cb34e]
V  [jvm.dll+0x25b85d]
V  [jvm.dll+0x259dea]
V  [jvm.dll+0x3f857e]
V  [jvm.dll+0x85f59d]
V  [jvm.dll+0x6d626d]
C  [ucrtbase.dll+0x2cd30]
C  [KERNEL32.DLL+0x2e957]
C  [ntdll.dll+0x87c1c]


---------------  P R O C E S S  ---------------

Threads class SMR info:
_java_thread_list=0x000002c07f78f910, length=45, elements={
0x000002c06ce7ac70, 0x000002c06f165f90, 0x000002c06f1677a0, 0x000002c06f16c1a0,
0x000002c06f16d410, 0x000002c06f16fe80, 0x000002c06f1708e0, 0x000002c06f175b40,
0x000002c06f1e6020, 0x000002c077986fb0, 0x000002c077aa2a80, 0x000002c077b95730,
0x000002c07c6fe610, 0x000002c07c685db0, 0x000002c07c686420, 0x000002c07cb4e9f0,
0x000002c07ce41db0, 0x000002c07c035f90, 0x000002c07c8fed80, 0x000002c07c8ff410,
0x000002c07c8fe060, 0x000002c07f0e1b90, 0x000002c07f0e28b0, 0x000002c07f0e0e70,
0x000002c07f0e1500, 0x000002c07f0e0150, 0x000002c07f0e2f40, 0x000002c07f0e5d30,
0x000002c07f0e42f0, 0x000002c07eee6950, 0x000002c07f0e07e0, 0x000002c07f9129e0,
0x000002c07f9157d0, 0x000002c07f915140, 0x000002c07f913070, 0x000002c07f915e60,
0x000002c07f0e70e0, 0x000002c07c900130, 0x000002c07eee1a90, 0x000002c07eee27b0,
0x000002c07eee34d0, 0x000002c07eee06e0, 0x000002c07eee0d70, 0x000002c07eee55a0,
0x000002c07f9164f0
}

Java Threads: ( => current thread )
  0x000002c06ce7ac70 JavaThread "main"                              [_thread_blocked, id=11556, stack(0x000000d537000000,0x000000d537100000) (1024K)]
  0x000002c06f165f90 JavaThread "Reference Handler"          daemon [_thread_blocked, id=16968, stack(0x000000d537400000,0x000000d537500000) (1024K)]
  0x000002c06f1677a0 JavaThread "Finalizer"                  daemon [_thread_blocked, id=18748, stack(0x000000d537500000,0x000000d537600000) (1024K)]
  0x000002c06f16c1a0 JavaThread "Signal Dispatcher"          daemon [_thread_blocked, id=18460, stack(0x000000d537600000,0x000000d537700000) (1024K)]
  0x000002c06f16d410 JavaThread "Attach Listener"            daemon [_thread_blocked, id=19880, stack(0x000000d537700000,0x000000d537800000) (1024K)]
  0x000002c06f16fe80 JavaThread "Service Thread"             daemon [_thread_blocked, id=18412, stack(0x000000d537800000,0x000000d537900000) (1024K)]
  0x000002c06f1708e0 JavaThread "Monitor Deflation Thread"   daemon [_thread_blocked, id=18480, stack(0x000000d537900000,0x000000d537a00000) (1024K)]
=>0x000002c06f175b40 JavaThread "C2 CompilerThread0"         daemon [_thread_in_native, id=10608, stack(0x000000d537a00000,0x000000d537b00000) (1024K)]
  0x000002c06f1e6020 JavaThread "C1 CompilerThread0"         daemon [_thread_blocked, id=10964, stack(0x000000d537b00000,0x000000d537c00000) (1024K)]
  0x000002c077986fb0 JavaThread "Common-Cleaner"             daemon [_thread_blocked, id=10972, stack(0x000000d537c00000,0x000000d537d00000) (1024K)]
  0x000002c077aa2a80 JavaThread "Notification Thread"        daemon [_thread_blocked, id=13372, stack(0x000000d537d00000,0x000000d537e00000) (1024K)]
  0x000002c077b95730 JavaThread "Active Thread: Equinox Container: dd81bc89-c6f3-4c6e-b8b0-38e484031d91"        [_thread_blocked, id=19604, stack(0x000000d537e00000,0x000000d537f00000) (1024K)]
  0x000002c07c6fe610 JavaThread "Refresh Thread: Equinox Container: dd81bc89-c6f3-4c6e-b8b0-38e484031d91" daemon [_thread_blocked, id=19860, stack(0x000000d538200000,0x000000d538300000) (1024K)]
  0x000002c07c685db0 JavaThread "Framework Event Dispatcher: Equinox Container: dd81bc89-c6f3-4c6e-b8b0-38e484031d91" daemon [_thread_blocked, id=14016, stack(0x000000d538300000,0x000000d538400000) (1024K)]
  0x000002c07c686420 JavaThread "Start Level: Equinox Container: dd81bc89-c6f3-4c6e-b8b0-38e484031d91" daemon [_thread_blocked, id=17628, stack(0x000000d538400000,0x000000d538500000) (1024K)]
  0x000002c07cb4e9f0 JavaThread "Bundle File Closer"         daemon [_thread_blocked, id=276, stack(0x000000d538500000,0x000000d538600000) (1024K)]
  0x000002c07ce41db0 JavaThread "SCR Component Actor"        daemon [_thread_blocked, id=19748, stack(0x000000d538600000,0x000000d538700000) (1024K)]
  0x000002c07c035f90 JavaThread "Worker-JM"                         [_thread_blocked, id=18968, stack(0x000000d538700000,0x000000d538800000) (1024K)]
  0x000002c07c8fed80 JavaThread "JNA Cleaner"                daemon [_thread_blocked, id=8316, stack(0x000000d538800000,0x000000d538900000) (1024K)]
  0x000002c07c8ff410 JavaThread "Worker-1"                          [_thread_in_vm, id=19556, stack(0x000000d538a00000,0x000000d538b00000) (1024K)]
  0x000002c07c8fe060 JavaThread "Java indexing"              daemon [_thread_blocked, id=440, stack(0x000000d538c00000,0x000000d538d00000) (1024K)]
  0x000002c07f0e1b90 JavaThread "Thread-1"                   daemon [_thread_in_native, id=18660, stack(0x000000d539300000,0x000000d539400000) (1024K)]
  0x000002c07f0e28b0 JavaThread "Thread-2"                   daemon [_thread_in_native, id=10992, stack(0x000000d539400000,0x000000d539500000) (1024K)]
  0x000002c07f0e0e70 JavaThread "Thread-3"                   daemon [_thread_in_native, id=18188, stack(0x000000d539500000,0x000000d539600000) (1024K)]
  0x000002c07f0e1500 JavaThread "Thread-4"                   daemon [_thread_in_native, id=12544, stack(0x000000d539600000,0x000000d539700000) (1024K)]
  0x000002c07f0e0150 JavaThread "Thread-5"                   daemon [_thread_in_native, id=17576, stack(0x000000d539700000,0x000000d539800000) (1024K)]
  0x000002c07f0e2f40 JavaThread "pool-2-thread-1"                   [_thread_blocked, id=6404, stack(0x000000d539800000,0x000000d539900000) (1024K)]
  0x000002c07f0e5d30 JavaThread "WorkspaceEventsHandler"            [_thread_blocked, id=12940, stack(0x000000d539900000,0x000000d539a00000) (1024K)]
  0x000002c07f0e42f0 JavaThread "pool-1-thread-1"                   [_thread_blocked, id=13116, stack(0x000000d539a00000,0x000000d539b00000) (1024K)]
  0x000002c07eee6950 JavaThread "Cleaner-0"                  daemon [_thread_blocked, id=8216, stack(0x000000d53a600000,0x000000d53a700000) (1024K)]
  0x000002c07f0e07e0 JavaThread "Worker-8: Building"                [_thread_blocked, id=20196, stack(0x000000d539200000,0x000000d539300000) (1024K)]
  0x000002c07f9129e0 JavaThread "Java Debug Server"          daemon [_thread_in_native, id=16832, stack(0x000000d539c00000,0x000000d539d00000) (1024K)]
  0x000002c07f9157d0 JavaThread "RxSchedulerPurge-1"         daemon [_thread_blocked, id=19876, stack(0x000000d539e00000,0x000000d539f00000) (1024K)]
  0x000002c07f915140 JavaThread "RxCachedWorkerPoolEvictor-1" daemon [_thread_blocked, id=19532, stack(0x000000d53a100000,0x000000d53a200000) (1024K)]
  0x000002c07f913070 JavaThread "process reaper (pid 20444)" daemon [_thread_in_native, id=12612, stack(0x000000d536ba0000,0x000000d536bc0000) (128K)]
  0x000002c07f915e60 JavaThread "pool-5-thread-2"                   [_thread_in_native, id=7248, stack(0x000000d539d00000,0x000000d539e00000) (1024K)]
  0x000002c07f0e70e0 JavaThread "RxNewThreadScheduler-5"     daemon [_thread_blocked, id=14628, stack(0x000000d538f00000,0x000000d539000000) (1024K)]
  0x000002c07c900130 JavaThread "ForkJoinPool.commonPool-worker-7" daemon [_thread_blocked, id=1872, stack(0x000000d536e00000,0x000000d536f00000) (1024K)]
  0x000002c07eee1a90 JavaThread "ForkJoinPool.commonPool-worker-8" daemon [_thread_blocked, id=19896, stack(0x000000d536f00000,0x000000d537000000) (1024K)]
  0x000002c07eee27b0 JavaThread "ForkJoinPool.commonPool-worker-9" daemon [_thread_blocked, id=20020, stack(0x000000d538900000,0x000000d538a00000) (1024K)]
  0x000002c07eee34d0 JavaThread "Compiler Source File Reader" daemon [_thread_blocked, id=1204, stack(0x000000d538b00000,0x000000d538c00000) (1024K)]
  0x000002c07eee06e0 JavaThread "Worker-12"                         [_thread_blocked, id=20288, stack(0x000000d538d00000,0x000000d538e00000) (1024K)]
  0x000002c07eee0d70 JavaThread "Compiler Processing Task"   daemon [_thread_blocked, id=18924, stack(0x000000d538e00000,0x000000d538f00000) (1024K)]
  0x000002c07eee55a0 JavaThread "Worker-13"                         [_thread_blocked, id=18560, stack(0x000000d539000000,0x000000d539100000) (1024K)]
  0x000002c07f9164f0 JavaThread "Compiler Source File Reader" daemon [_thread_blocked, id=18488, stack(0x000000d539100000,0x000000d539200000) (1024K)]
Total: 45

Other Threads:
  0x000002c06f15f8c0 VMThread "VM Thread"                           [id=19512, stack(0x000000d537300000,0x000000d537400000) (1024K)]
  0x000002c06f0fc950 WatcherThread "VM Periodic Task Thread"        [id=4300, stack(0x000000d537200000,0x000000d537300000) (1024K)]
  0x000002c06f292dd0 WorkerThread "GC Thread#0"                     [id=6220, stack(0x000000d537100000,0x000000d537200000) (1024K)]
  0x000002c07c48d2b0 WorkerThread "GC Thread#1"                     [id=11452, stack(0x000000d537f00000,0x000000d538000000) (1024K)]
  0x000002c07c3e1040 WorkerThread "GC Thread#2"                     [id=14296, stack(0x000000d538000000,0x000000d538100000) (1024K)]
  0x000002c07c19ce10 WorkerThread "GC Thread#3"                     [id=18040, stack(0x000000d538100000,0x000000d538200000) (1024K)]
Total: 6

Threads with active compile tasks:
C2 CompilerThread0  871780 18238       4       org.eclipse.jdt.internal.core.builder.NameEnvironment::getModulesDeclaringPackage (336 bytes)
Total: 1

VM state: not at safepoint (normal execution)

VM Mutex/Monitor currently owned by a thread:  ([mutex/lock_event])
[0x00007ffd9ef8e2e0] ThreadsLockThrottle_lock - owner thread: 0x000002c07c8ff410
[0x00007ffd9ef8e560] Threads_lock - owner thread: 0x000002c07c8ff410

Heap address: 0x0000000080000000, size: 2048 MB, Compressed Oops mode: 32-bit

CDS archive(s) mapped at: [0x000002c00f000000-0x000002c00fba0000-0x000002c00fba0000), size 12189696, SharedBaseAddress: 0x000002c00f000000, ArchiveRelocationMode: 1.
Compressed class space mapped at: 0x000002c010000000-0x000002c050000000, reserved size: 1073741824
Narrow klass base: 0x000002c00f000000, Narrow klass shift: 0, Narrow klass range: 0x100000000

GC Precious Log:
 CardTable entry size: 512
 CPUs: 4 total, 4 available
 Memory: 3901M
 Large Page Support: Disabled
 NUMA Support: Disabled
 Compressed Oops: Enabled (32-bit)
 Alignments: Space 512K, Generation 512K, Heap 2M
 Heap Min Capacity: 100M
 Heap Initial Capacity: 100M
 Heap Max Capacity: 2G
 Pre-touch: Disabled
 Parallel Workers: 4

Heap:
 PSYoungGen      total 9216K, used 5964K [0x00000000d5580000, 0x00000000d6100000, 0x0000000100000000)
  eden space 7168K, 54% used [0x00000000d5580000,0x00000000d59544b0,0x00000000d5c80000)
  from space 2048K, 99% used [0x00000000d5d80000,0x00000000d5f7ed98,0x00000000d5f80000)
  to   space 1024K, 0% used [0x00000000d6000000,0x00000000d6000000,0x00000000d6100000)
 ParOldGen       total 1218560K, used 480453K [0x0000000080000000, 0x00000000ca600000, 0x00000000d5580000)
  object space 1218560K, 39% used [0x0000000080000000,0x000000009d531750,0x00000000ca600000)
 Metaspace       used 85811K, committed 87680K, reserved 1179648K
  class space    used 9064K, committed 9920K, reserved 1048576K

Card table byte_map: [0x000002c06ec10000,0x000002c06f020000] _byte_map_base: 0x000002c06e810000

Marking Bits: (ParMarkBitMap*) 0x00007ffd9ef93450
 Begin Bits: [0x000002c072720000, 0x000002c074720000)
 End Bits:   [0x000002c074720000, 0x000002c076720000)

Polling page: 0x000002c06d0e0000

Metaspace:

Usage:
  Non-class:     74.95 MB used.
      Class:      8.85 MB used.
       Both:     83.80 MB used.

Virtual space:
  Non-class space:      128.00 MB reserved,      75.94 MB ( 59%) committed,  2 nodes.
      Class space:        1.00 GB reserved,       9.69 MB ( <1%) committed,  1 nodes.
             Both:        1.12 GB reserved,      85.62 MB (  7%) committed. 

Chunk freelists:
   Non-Class:  3.59 MB
       Class:  6.36 MB
        Both:  9.95 MB

MaxMetaspaceSize: unlimited
CompressedClassSpaceSize: 1.00 GB
Initial GC threshold: 21.00 MB
Current GC threshold: 138.12 MB
CDS: on
 - commit_granule_bytes: 65536.
 - commit_granule_words: 8192.
 - virtual_space_node_default_size: 8388608.
 - enlarge_chunks_in_place: 1.
 - use_allocation_guard: 0.


Internal statistics:

num_allocs_failed_limit: 9.
num_arena_births: 1638.
num_arena_deaths: 20.
num_vsnodes_births: 3.
num_vsnodes_deaths: 0.
num_space_committed: 1370.
num_space_uncommitted: 0.
num_chunks_returned_to_freelist: 31.
num_chunks_taken_from_freelist: 6130.
num_chunk_merges: 11.
num_chunk_splits: 3597.
num_chunks_enlarged: 1781.
num_inconsistent_stats: 0.

CodeHeap 'non-profiled nmethods': size=120000Kb used=14385Kb max_used=14385Kb free=105614Kb
 bounds [0x000002c007ad0000, 0x000002c0088e0000, 0x000002c00f000000]
CodeHeap 'profiled nmethods': size=120000Kb used=40459Kb max_used=40459Kb free=79540Kb
 bounds [0x000002c000000000, 0x000002c002790000, 0x000002c007530000]
CodeHeap 'non-nmethods': size=5760Kb used=1509Kb max_used=1585Kb free=4250Kb
 bounds [0x000002c007530000, 0x000002c0077a0000, 0x000002c007ad0000]
CodeCache: size=245760Kb, used=56353Kb, max_used=56429Kb, free=189404Kb
 total_blobs=17446, nmethods=16622, adapters=728, full_count=0
Compilation: enabled, stopped_count=0, restarted_count=0

Compilation events (20 events):
Event: 868.344 Thread 0x000002c06f1e6020 18233       3       java.lang.Throwable$WrappedPrintWriter::println (9 bytes)
Event: 868.346 Thread 0x000002c06f1e6020 nmethod 18233 0x000002c00277b110 code [0x000002c00277b2c0, 0x000002c00277b490]
Event: 868.346 Thread 0x000002c06f1e6020 18234   !   3       java.io.PrintWriter::println (87 bytes)
Event: 868.348 Thread 0x000002c06f1e6020 nmethod 18234 0x000002c00277b590 code [0x000002c00277b920, 0x000002c00277d510]
Event: 868.368 Thread 0x000002c06f1e6020 18236       3       java.util.LinkedList::unlink (91 bytes)
Event: 868.369 Thread 0x000002c06f1e6020 nmethod 18236 0x000002c00277de90 code [0x000002c00277e040, 0x000002c00277e2b8]
Event: 870.387 Thread 0x000002c06f175b40 nmethod 18227 0x000002c0088d7410 code [0x000002c0088d7740, 0x000002c0088d9170]
Event: 870.387 Thread 0x000002c06f175b40 18230       4       org.eclipse.jdt.internal.compiler.lookup.AnnotatableTypeSystem::getParameterizedType (123 bytes)
Event: 870.451 Thread 0x000002c06f175b40 nmethod 18230 0x000002c0088da210 code [0x000002c0088da4a0, 0x000002c0088db530]
Event: 870.451 Thread 0x000002c06f175b40 18235       4       java.lang.StringUTF16::charAt (11 bytes)
Event: 870.453 Thread 0x000002c06f175b40 nmethod 18235 0x000002c0088dbf10 code [0x000002c0088dc0a0, 0x000002c0088dc150]
Event: 870.453 Thread 0x000002c06f175b40 18237       4       org.eclipse.jdt.internal.compiler.lookup.LookupEnvironment$$Lambda/0x000002c010641500::apply (20 bytes)
Event: 870.455 Thread 0x000002c06f175b40 nmethod 18237 0x000002c0088dc290 code [0x000002c0088dc420, 0x000002c0088dc538]
Event: 870.498 Thread 0x000002c06f175b40 18238       4       org.eclipse.jdt.internal.core.builder.NameEnvironment::getModulesDeclaringPackage (336 bytes)
Event: 870.518 Thread 0x000002c06f1e6020 18240       3       org.eclipse.jdt.internal.compiler.lookup.LookupEnvironment::usesOwningAnnotations (152 bytes)
Event: 870.520 Thread 0x000002c06f1e6020 nmethod 18240 0x000002c00277e390 code [0x000002c00277e620, 0x000002c00277f058]
Event: 870.520 Thread 0x000002c06f1e6020 18241       3       org.eclipse.jdt.internal.compiler.ast.ReturnStatement::analyseCode (587 bytes)
Event: 870.529 Thread 0x000002c06f1e6020 nmethod 18241 0x000002c00277f390 code [0x000002c00277f840, 0x000002c0027827b0]
Event: 870.529 Thread 0x000002c06f1e6020 18242       3       org.eclipse.jdt.internal.compiler.ast.ReturnStatement::anylizeCloseableReturnExpression (118 bytes)
Event: 870.532 Thread 0x000002c06f1e6020 nmethod 18242 0x000002c002783510 code [0x000002c002783740, 0x000002c002783f78]

GC Heap History (20 events):
Event: 855.858 GC heap before
{Heap before GC invocations=1056 (full 4):
 PSYoungGen      total 8192K, used 7807K [0x00000000d5580000, 0x00000000d6100000, 0x0000000100000000)
  eden space 7680K, 99% used [0x00000000d5580000,0x00000000d5cffff0,0x00000000d5d00000)
  from space 512K, 25% used [0x00000000d5e00000,0x00000000d5e20000,0x00000000d5e80000)
  to   space 1024K, 0% used [0x00000000d6000000,0x00000000d6000000,0x00000000d6100000)
 ParOldGen       total 1218560K, used 456693K [0x0000000080000000, 0x00000000ca600000, 0x00000000d5580000)
  object space 1218560K, 37% used [0x0000000080000000,0x000000009bdfd560,0x00000000ca600000)
 Metaspace       used 85707K, committed 87616K, reserved 1179648K
  class space    used 9064K, committed 9920K, reserved 1048576K
}
Event: 855.871 GC heap after
{Heap after GC invocations=1056 (full 4):
 PSYoungGen      total 8192K, used 1007K [0x00000000d5580000, 0x00000000d6400000, 0x0000000100000000)
  eden space 7168K, 0% used [0x00000000d5580000,0x00000000d5580000,0x00000000d5c80000)
  from space 1024K, 98% used [0x00000000d6000000,0x00000000d60fbf10,0x00000000d6100000)
  to   space 3584K, 0% used [0x00000000d5c80000,0x00000000d5c80000,0x00000000d6000000)
 ParOldGen       total 1218560K, used 458631K [0x0000000080000000, 0x00000000ca600000, 0x00000000d5580000)
  object space 1218560K, 37% used [0x0000000080000000,0x000000009bfe1e60,0x00000000ca600000)
 Metaspace       used 85707K, committed 87616K, reserved 1179648K
  class space    used 9064K, committed 9920K, reserved 1048576K
}
Event: 856.783 GC heap before
{Heap before GC invocations=1057 (full 4):
 PSYoungGen      total 8192K, used 8175K [0x00000000d5580000, 0x00000000d6400000, 0x0000000100000000)
  eden space 7168K, 100% used [0x00000000d5580000,0x00000000d5c80000,0x00000000d5c80000)
  from space 1024K, 98% used [0x00000000d6000000,0x00000000d60fbf10,0x00000000d6100000)
  to   space 3584K, 0% used [0x00000000d5c80000,0x00000000d5c80000,0x00000000d6000000)
 ParOldGen       total 1218560K, used 458631K [0x0000000080000000, 0x00000000ca600000, 0x00000000d5580000)
  object space 1218560K, 37% used [0x0000000080000000,0x000000009bfe1e60,0x00000000ca600000)
 Metaspace       used 85707K, committed 87616K, reserved 1179648K
  class space    used 9064K, committed 9920K, reserved 1048576K
}
Event: 856.797 GC heap after
{Heap after GC invocations=1057 (full 4):
 PSYoungGen      total 10752K, used 3561K [0x00000000d5580000, 0x00000000d6780000, 0x0000000100000000)
  eden space 7168K, 0% used [0x00000000d5580000,0x00000000d5580000,0x00000000d5c80000)
  from space 3584K, 99% used [0x00000000d5c80000,0x00000000d5ffa560,0x00000000d6000000)
  to   space 5632K, 0% used [0x00000000d6200000,0x00000000d6200000,0x00000000d6780000)
 ParOldGen       total 1218560K, used 459991K [0x0000000080000000, 0x00000000ca600000, 0x00000000d5580000)
  object space 1218560K, 37% used [0x0000000080000000,0x000000009c135e60,0x00000000ca600000)
 Metaspace       used 85707K, committed 87616K, reserved 1179648K
  class space    used 9064K, committed 9920K, reserved 1048576K
}
Event: 858.878 GC heap before
{Heap before GC invocations=1058 (full 4):
 PSYoungGen      total 10752K, used 10729K [0x00000000d5580000, 0x00000000d6780000, 0x0000000100000000)
  eden space 7168K, 100% used [0x00000000d5580000,0x00000000d5c80000,0x00000000d5c80000)
  from space 3584K, 99% used [0x00000000d5c80000,0x00000000d5ffa560,0x00000000d6000000)
  to   space 5632K, 0% used [0x00000000d6200000,0x00000000d6200000,0x00000000d6780000)
 ParOldGen       total 1218560K, used 459991K [0x0000000080000000, 0x00000000ca600000, 0x00000000d5580000)
  object space 1218560K, 37% used [0x0000000080000000,0x000000009c135e60,0x00000000ca600000)
 Metaspace       used 85719K, committed 87616K, reserved 1179648K
  class space    used 9064K, committed 9920K, reserved 1048576K
}
Event: 858.882 GC heap after
{Heap after GC invocations=1058 (full 4):
 PSYoungGen      total 8192K, used 656K [0x00000000d5580000, 0x00000000d6300000, 0x0000000100000000)
  eden space 7168K, 0% used [0x00000000d5580000,0x00000000d5580000,0x00000000d5c80000)
  from space 1024K, 64% used [0x00000000d6200000,0x00000000d62a4030,0x00000000d6300000)
  to   space 2560K, 0% used [0x00000000d5e00000,0x00000000d5e00000,0x00000000d6080000)
 ParOldGen       total 1218560K, used 460015K [0x0000000080000000, 0x00000000ca600000, 0x00000000d5580000)
  object space 1218560K, 37% used [0x0000000080000000,0x000000009c13be60,0x00000000ca600000)
 Metaspace       used 85719K, committed 87616K, reserved 1179648K
  class space    used 9064K, committed 9920K, reserved 1048576K
}
Event: 859.612 GC heap before
{Heap before GC invocations=1059 (full 4):
 PSYoungGen      total 8192K, used 7824K [0x00000000d5580000, 0x00000000d6300000, 0x0000000100000000)
  eden space 7168K, 100% used [0x00000000d5580000,0x00000000d5c80000,0x00000000d5c80000)
  from space 1024K, 64% used [0x00000000d6200000,0x00000000d62a4030,0x00000000d6300000)
  to   space 2560K, 0% used [0x00000000d5e00000,0x00000000d5e00000,0x00000000d6080000)
 ParOldGen       total 1218560K, used 460015K [0x0000000080000000, 0x00000000ca600000, 0x00000000d5580000)
  object space 1218560K, 37% used [0x0000000080000000,0x000000009c13be60,0x00000000ca600000)
 Metaspace       used 85726K, committed 87616K, reserved 1179648K
  class space    used 9064K, committed 9920K, reserved 1048576K
}
Event: 860.622 GC heap after
{Heap after GC invocations=1059 (full 4):
 PSYoungGen      total 9728K, used 2553K [0x00000000d5580000, 0x00000000d6480000, 0x0000000100000000)
  eden space 7168K, 0% used [0x00000000d5580000,0x00000000d5580000,0x00000000d5c80000)
  from space 2560K, 99% used [0x00000000d5e00000,0x00000000d607e570,0x00000000d6080000)
  to   space 4096K, 0% used [0x00000000d6080000,0x00000000d6080000,0x00000000d6480000)
 ParOldGen       total 1218560K, used 460591K [0x0000000080000000, 0x00000000ca600000, 0x00000000d5580000)
  object space 1218560K, 37% used [0x0000000080000000,0x000000009c1cbe80,0x00000000ca600000)
 Metaspace       used 85726K, committed 87616K, reserved 1179648K
  class space    used 9064K, committed 9920K, reserved 1048576K
}
Event: 860.672 GC heap before
{Heap before GC invocations=1060 (full 4):
 PSYoungGen      total 9728K, used 9721K [0x00000000d5580000, 0x00000000d6480000, 0x0000000100000000)
  eden space 7168K, 100% used [0x00000000d5580000,0x00000000d5c80000,0x00000000d5c80000)
  from space 2560K, 99% used [0x00000000d5e00000,0x00000000d607e570,0x00000000d6080000)
  to   space 4096K, 0% used [0x00000000d6080000,0x00000000d6080000,0x00000000d6480000)
 ParOldGen       total 1218560K, used 460591K [0x0000000080000000, 0x00000000ca600000, 0x00000000d5580000)
  object space 1218560K, 37% used [0x0000000080000000,0x000000009c1cbe80,0x00000000ca600000)
 Metaspace       used 85730K, committed 87616K, reserved 1179648K
  class space    used 9064K, committed 9920K, reserved 1048576K
}
Event: 860.680 GC heap after
{Heap after GC invocations=1060 (full 4):
 PSYoungGen      total 8192K, used 720K [0x00000000d5580000, 0x00000000d6180000, 0x0000000100000000)
  eden space 7168K, 0% used [0x00000000d5580000,0x00000000d5580000,0x00000000d5c80000)
  from space 1024K, 70% used [0x00000000d6080000,0x00000000d6134010,0x00000000d6180000)
  to   space 2048K, 0% used [0x00000000d5d80000,0x00000000d5d80000,0x00000000d5f80000)
 ParOldGen       total 1218560K, used 461137K [0x0000000080000000, 0x00000000ca600000, 0x00000000d5580000)
  object space 1218560K, 37% used [0x0000000080000000,0x000000009c254790,0x00000000ca600000)
 Metaspace       used 85730K, committed 87616K, reserved 1179648K
  class space    used 9064K, committed 9920K, reserved 1048576K
}
Event: 860.977 GC heap before
{Heap before GC invocations=1061 (full 4):
 PSYoungGen      total 8192K, used 7887K [0x00000000d5580000, 0x00000000d6180000, 0x0000000100000000)
  eden space 7168K, 99% used [0x00000000d5580000,0x00000000d5c7ff70,0x00000000d5c80000)
  from space 1024K, 70% used [0x00000000d6080000,0x00000000d6134010,0x00000000d6180000)
  to   space 2048K, 0% used [0x00000000d5d80000,0x00000000d5d80000,0x00000000d5f80000)
 ParOldGen       total 1218560K, used 461137K [0x0000000080000000, 0x00000000ca600000, 0x00000000d5580000)
  object space 1218560K, 37% used [0x0000000080000000,0x000000009c254790,0x00000000ca600000)
 Metaspace       used 85786K, committed 87680K, reserved 1179648K
  class space    used 9064K, committed 9920K, reserved 1048576K
}
Event: 860.980 GC heap after
{Heap after GC invocations=1061 (full 4):
 PSYoungGen      total 9216K, used 928K [0x00000000d5580000, 0x00000000d6100000, 0x0000000100000000)
  eden space 7168K, 0% used [0x00000000d5580000,0x00000000d5580000,0x00000000d5c80000)
  from space 2048K, 45% used [0x00000000d5d80000,0x00000000d5e68020,0x00000000d5f80000)
  to   space 1024K, 0% used [0x00000000d6000000,0x00000000d6000000,0x00000000d6100000)
 ParOldGen       total 1218560K, used 461196K [0x0000000080000000, 0x00000000ca600000, 0x00000000d5580000)
  object space 1218560K, 37% used [0x0000000080000000,0x000000009c263090,0x00000000ca600000)
 Metaspace       used 85786K, committed 87680K, reserved 1179648K
  class space    used 9064K, committed 9920K, reserved 1048576K
}
Event: 861.006 GC heap before
{Heap before GC invocations=1062 (full 4):
 PSYoungGen      total 9216K, used 8089K [0x00000000d5580000, 0x00000000d6100000, 0x0000000100000000)
  eden space 7168K, 99% used [0x00000000d5580000,0x00000000d5c7e500,0x00000000d5c80000)
  from space 2048K, 45% used [0x00000000d5d80000,0x00000000d5e68020,0x00000000d5f80000)
  to   space 1024K, 0% used [0x00000000d6000000,0x00000000d6000000,0x00000000d6100000)
 ParOldGen       total 1218560K, used 461196K [0x0000000080000000, 0x00000000ca600000, 0x00000000d5580000)
  object space 1218560K, 37% used [0x0000000080000000,0x000000009c263090,0x00000000ca600000)
 Metaspace       used 85786K, committed 87680K, reserved 1179648K
  class space    used 9064K, committed 9920K, reserved 1048576K
}
Event: 863.079 GC heap after
{Heap after GC invocations=1062 (full 4):
 PSYoungGen      total 8192K, used 1007K [0x00000000d5580000, 0x00000000d6100000, 0x0000000100000000)
  eden space 7168K, 0% used [0x00000000d5580000,0x00000000d5580000,0x00000000d5c80000)
  from space 1024K, 98% used [0x00000000d6000000,0x00000000d60fbe88,0x00000000d6100000)
  to   space 2048K, 0% used [0x00000000d5d80000,0x00000000d5d80000,0x00000000d5f80000)
 ParOldGen       total 1218560K, used 466925K [0x0000000080000000, 0x00000000ca600000, 0x00000000d5580000)
  object space 1218560K, 38% used [0x0000000080000000,0x000000009c7fb570,0x00000000ca600000)
 Metaspace       used 85786K, committed 87680K, reserved 1179648K
  class space    used 9064K, committed 9920K, reserved 1048576K
}
Event: 863.110 GC heap before
{Heap before GC invocations=1063 (full 4):
 PSYoungGen      total 8192K, used 8175K [0x00000000d5580000, 0x00000000d6100000, 0x0000000100000000)
  eden space 7168K, 100% used [0x00000000d5580000,0x00000000d5c80000,0x00000000d5c80000)
  from space 1024K, 98% used [0x00000000d6000000,0x00000000d60fbe88,0x00000000d6100000)
  to   space 2048K, 0% used [0x00000000d5d80000,0x00000000d5d80000,0x00000000d5f80000)
 ParOldGen       total 1218560K, used 466925K [0x0000000080000000, 0x00000000ca600000, 0x00000000d5580000)
  object space 1218560K, 38% used [0x0000000080000000,0x000000009c7fb570,0x00000000ca600000)
 Metaspace       used 85788K, committed 87680K, reserved 1179648K
  class space    used 9064K, committed 9920K, reserved 1048576K
}
Event: 865.154 GC heap after
{Heap after GC invocations=1063 (full 4):
 PSYoungGen      total 9216K, used 2042K [0x00000000d5580000, 0x00000000d6100000, 0x0000000100000000)
  eden space 7168K, 0% used [0x00000000d5580000,0x00000000d5580000,0x00000000d5c80000)
  from space 2048K, 99% used [0x00000000d5d80000,0x00000000d5f7ebd8,0x00000000d5f80000)
  to   space 1024K, 0% used [0x00000000d6000000,0x00000000d6000000,0x00000000d6100000)
 ParOldGen       total 1218560K, used 471277K [0x0000000080000000, 0x00000000ca600000, 0x00000000d5580000)
  object space 1218560K, 38% used [0x0000000080000000,0x000000009cc3b408,0x00000000ca600000)
 Metaspace       used 85788K, committed 87680K, reserved 1179648K
  class space    used 9064K, committed 9920K, reserved 1048576K
}
Event: 866.190 GC heap before
{Heap before GC invocations=1064 (full 4):
 PSYoungGen      total 9216K, used 9210K [0x00000000d5580000, 0x00000000d6100000, 0x0000000100000000)
  eden space 7168K, 100% used [0x00000000d5580000,0x00000000d5c80000,0x00000000d5c80000)
  from space 2048K, 99% used [0x00000000d5d80000,0x00000000d5f7ebd8,0x00000000d5f80000)
  to   space 1024K, 0% used [0x00000000d6000000,0x00000000d6000000,0x00000000d6100000)
 ParOldGen       total 1218560K, used 471277K [0x0000000080000000, 0x00000000ca600000, 0x00000000d5580000)
  object space 1218560K, 38% used [0x0000000080000000,0x000000009cc3b408,0x00000000ca600000)
 Metaspace       used 85792K, committed 87680K, reserved 1179648K
  class space    used 9064K, committed 9920K, reserved 1048576K
}
Event: 868.230 GC heap after
{Heap after GC invocations=1064 (full 4):
 PSYoungGen      total 8192K, used 1024K [0x00000000d5580000, 0x00000000d6100000, 0x0000000100000000)
  eden space 7168K, 0% used [0x00000000d5580000,0x00000000d5580000,0x00000000d5c80000)
  from space 1024K, 100% used [0x00000000d6000000,0x00000000d6100000,0x00000000d6100000)
  to   space 2048K, 0% used [0x00000000d5d80000,0x00000000d5d80000,0x00000000d5f80000)
 ParOldGen       total 1218560K, used 477461K [0x0000000080000000, 0x00000000ca600000, 0x00000000d5580000)
  object space 1218560K, 39% used [0x0000000080000000,0x000000009d245750,0x00000000ca600000)
 Metaspace       used 85792K, committed 87680K, reserved 1179648K
  class space    used 9064K, committed 9920K, reserved 1048576K
}
Event: 868.373 GC heap before
{Heap before GC invocations=1065 (full 4):
 PSYoungGen      total 8192K, used 8192K [0x00000000d5580000, 0x00000000d6100000, 0x0000000100000000)
  eden space 7168K, 100% used [0x00000000d5580000,0x00000000d5c80000,0x00000000d5c80000)
  from space 1024K, 100% used [0x00000000d6000000,0x00000000d6100000,0x00000000d6100000)
  to   space 2048K, 0% used [0x00000000d5d80000,0x00000000d5d80000,0x00000000d5f80000)
 ParOldGen       total 1218560K, used 477461K [0x0000000080000000, 0x00000000ca600000, 0x00000000d5580000)
  object space 1218560K, 39% used [0x0000000080000000,0x000000009d245750,0x00000000ca600000)
 Metaspace       used 85801K, committed 87680K, reserved 1179648K
  class space    used 9064K, committed 9920K, reserved 1048576K
}
Event: 870.381 GC heap after
{Heap after GC invocations=1065 (full 4):
 PSYoungGen      total 9216K, used 2043K [0x00000000d5580000, 0x00000000d6100000, 0x0000000100000000)
  eden space 7168K, 0% used [0x00000000d5580000,0x00000000d5580000,0x00000000d5c80000)
  from space 2048K, 99% used [0x00000000d5d80000,0x00000000d5f7ed98,0x00000000d5f80000)
  to   space 1024K, 0% used [0x00000000d6000000,0x00000000d6000000,0x00000000d6100000)
 ParOldGen       total 1218560K, used 480453K [0x0000000080000000, 0x00000000ca600000, 0x00000000d5580000)
  object space 1218560K, 39% used [0x0000000080000000,0x000000009d531750,0x00000000ca600000)
 Metaspace       used 85801K, committed 87680K, reserved 1179648K
  class space    used 9064K, committed 9920K, reserved 1048576K
}

Dll operation events (11 events):
Event: 0.054 Loaded shared library c:\Users\Indhu\.vscode\extensions\redhat.java-1.54.0-win32-x64\jre\21.0.10-win32-x86_64\bin\java.dll
Event: 0.489 Loaded shared library c:\Users\Indhu\.vscode\extensions\redhat.java-1.54.0-win32-x64\jre\21.0.10-win32-x86_64\bin\zip.dll
Event: 0.536 Loaded shared library C:\Users\Indhu\.vscode\extensions\redhat.java-1.54.0-win32-x64\jre\21.0.10-win32-x86_64\bin\instrument.dll
Event: 0.547 Loaded shared library C:\Users\Indhu\.vscode\extensions\redhat.java-1.54.0-win32-x64\jre\21.0.10-win32-x86_64\bin\net.dll
Event: 0.553 Loaded shared library C:\Users\Indhu\.vscode\extensions\redhat.java-1.54.0-win32-x64\jre\21.0.10-win32-x86_64\bin\nio.dll
Event: 0.574 Loaded shared library C:\Users\Indhu\.vscode\extensions\redhat.java-1.54.0-win32-x64\jre\21.0.10-win32-x86_64\bin\zip.dll
Event: 0.656 Loaded shared library C:\Users\Indhu\.vscode\extensions\redhat.java-1.54.0-win32-x64\jre\21.0.10-win32-x86_64\bin\jimage.dll
Event: 0.849 Loaded shared library c:\Users\Indhu\.vscode\extensions\redhat.java-1.54.0-win32-x64\jre\21.0.10-win32-x86_64\bin\verify.dll
Event: 3.726 Loaded shared library C:\Users\Indhu\AppData\Roaming\Code\User\globalStorage\redhat.java\1.54.0\config_win\org.eclipse.equinox.launcher\org.eclipse.equinox.launcher.win32.win32.x86_64_1.3.0.v20260203-2149\eclipse_11919.dll
Event: 10.496 Loaded shared library C:\Users\Indhu\AppData\Local\Temp\jna-70793484\jna10915239669259422601.dll
Event: 380.089 Loaded shared library C:\Users\Indhu\.vscode\extensions\redhat.java-1.54.0-win32-x64\jre\21.0.10-win32-x86_64\bin\extnet.dll

Deoptimization events (20 events):
Event: 868.244 Thread 0x000002c07eee06e0 Uncommon trap: trap_request=0xffffff45 fr.pc=0x000002c00864f0d0 relative=0x00000000000007f0
Event: 868.244 Thread 0x000002c07eee06e0 Uncommon trap: reason=unstable_if action=reinterpret pc=0x000002c00864f0d0 method=java.lang.Module.getLayer()Ljava/lang/ModuleLayer; @ 22 c2
Event: 868.244 Thread 0x000002c07eee06e0 DEOPT PACKING pc=0x000002c00864f0d0 sp=0x000000d538dfe810
Event: 868.244 Thread 0x000002c07eee06e0 DEOPT UNPACKING pc=0x000002c007586da2 sp=0x000000d538dfe6e0 mode 2
Event: 870.428 Thread 0x000002c07eee1a90 Uncommon trap: trap_request=0xffffff45 fr.pc=0x000002c0083bd06c relative=0x0000000000000fec
Event: 870.432 Thread 0x000002c07eee1a90 Uncommon trap: reason=unstable_if action=reinterpret pc=0x000002c0083bd06c method=org.eclipse.jdt.ls.core.internal.filesystem.JLSFsUtils.isProjectMetadataFile(Lorg/eclipse/core/runtime/IPath;)Z @ 11 c2
Event: 870.433 Thread 0x000002c07eee1a90 DEOPT PACKING pc=0x000002c0083bd06c sp=0x000000d536ffec10
Event: 870.434 Thread 0x000002c07eee1a90 DEOPT UNPACKING pc=0x000002c007586da2 sp=0x000000d536ffeb60 mode 2
Event: 870.440 Thread 0x000002c07eee1a90 Uncommon trap: trap_request=0xffffff45 fr.pc=0x000002c0083bf63c relative=0x000000000000065c
Event: 870.440 Thread 0x000002c07eee1a90 Uncommon trap: reason=unstable_if action=reinterpret pc=0x000002c0083bf63c method=org.eclipse.jdt.ls.core.internal.filesystem.JLSFsUtils.isProjectMetadataFile(Lorg/eclipse/core/runtime/IPath;)Z @ 11 c2
Event: 870.440 Thread 0x000002c07eee1a90 DEOPT PACKING pc=0x000002c0083bf63c sp=0x000000d536ffeae0
Event: 870.441 Thread 0x000002c07eee1a90 DEOPT UNPACKING pc=0x000002c007586da2 sp=0x000000d536ffea88 mode 2
Event: 870.449 Thread 0x000002c07eee1a90 Uncommon trap: trap_request=0xffffff45 fr.pc=0x000002c0088d33ec relative=0x000000000000068c
Event: 870.449 Thread 0x000002c07eee1a90 Uncommon trap: reason=unstable_if action=reinterpret pc=0x000002c0088d33ec method=java.net.URI.percentNormalizedComparison(Ljava/lang/String;Ljava/lang/String;Z)I @ 109 c2
Event: 870.449 Thread 0x000002c07eee1a90 DEOPT PACKING pc=0x000002c0088d33ec sp=0x000000d536ffed40
Event: 870.449 Thread 0x000002c07eee1a90 DEOPT UNPACKING pc=0x000002c007586da2 sp=0x000000d536ffec48 mode 2
Event: 870.453 Thread 0x000002c07eee1a90 Uncommon trap: trap_request=0xffffff45 fr.pc=0x000002c008283584 relative=0x0000000000000524
Event: 870.453 Thread 0x000002c07eee1a90 Uncommon trap: reason=unstable_if action=reinterpret pc=0x000002c008283584 method=java.net.URI.percentNormalizedComparison(Ljava/lang/String;Ljava/lang/String;Z)I @ 109 c2
Event: 870.453 Thread 0x000002c07eee1a90 DEOPT PACKING pc=0x000002c008283584 sp=0x000000d536ffec60
Event: 870.453 Thread 0x000002c07eee1a90 DEOPT UNPACKING pc=0x000002c007586da2 sp=0x000000d536ffebf8 mode 2

Classes loaded (20 events):
Event: 380.779 Loading class java/util/concurrent/CompletableFuture$UniCompose
Event: 380.779 Loading class java/util/concurrent/CompletableFuture$UniCompose done
Event: 380.779 Loading class java/util/concurrent/CompletableFuture$UniRelay
Event: 380.779 Loading class java/util/concurrent/CompletableFuture$UniRelay done
Event: 380.896 Loading class java/lang/ProcessHandleImpl$ExitCompletion
Event: 380.897 Loading class java/lang/ProcessHandleImpl$ExitCompletion done
Event: 380.897 Loading class java/lang/ProcessHandleImpl$1
Event: 380.898 Loading class java/lang/ProcessHandleImpl$1 done
Event: 380.904 Loading class java/util/concurrent/CompletableFuture$UniHandle
Event: 380.905 Loading class java/util/concurrent/CompletableFuture$UniHandle done
Event: 381.443 Loading class java/util/concurrent/ScheduledThreadPoolExecutor$DelayedWorkQueue$Itr
Event: 381.443 Loading class java/util/concurrent/ScheduledThreadPoolExecutor$DelayedWorkQueue$Itr done
Event: 480.805 Loading class java/lang/Throwable$WrappedPrintWriter
Event: 480.845 Loading class java/lang/Throwable$PrintStreamOrWriter
Event: 480.847 Loading class java/lang/Throwable$PrintStreamOrWriter done
Event: 480.847 Loading class java/lang/Throwable$WrappedPrintWriter done
Event: 490.933 Loading class java/util/function/IntPredicate
Event: 490.943 Loading class java/util/function/IntPredicate done
Event: 491.075 Loading class java/util/regex/Pattern$Bound
Event: 491.076 Loading class java/util/regex/Pattern$Bound done

Classes unloaded (10 events):
Event: 12.508 Thread 0x000002c06f15f8c0 Unloading class 0x000002c0101a3000 'java/lang/invoke/LambdaForm$MH+0x000002c0101a3000'
Event: 12.508 Thread 0x000002c06f15f8c0 Unloading class 0x000002c0101a2c00 'java/lang/invoke/LambdaForm$MH+0x000002c0101a2c00'
Event: 12.508 Thread 0x000002c06f15f8c0 Unloading class 0x000002c0101a2800 'java/lang/invoke/LambdaForm$MH+0x000002c0101a2800'
Event: 12.508 Thread 0x000002c06f15f8c0 Unloading class 0x000002c0101a2400 'java/lang/invoke/LambdaForm$MH+0x000002c0101a2400'
Event: 12.508 Thread 0x000002c06f15f8c0 Unloading class 0x000002c0101a2000 'java/lang/invoke/LambdaForm$BMH+0x000002c0101a2000'
Event: 12.508 Thread 0x000002c06f15f8c0 Unloading class 0x000002c0101a1c00 'java/lang/invoke/LambdaForm$DMH+0x000002c0101a1c00'
Event: 12.508 Thread 0x000002c06f15f8c0 Unloading class 0x000002c0101a0800 'java/lang/invoke/LambdaForm$DMH+0x000002c0101a0800'
Event: 29.082 Thread 0x000002c06f15f8c0 Unloading class 0x000002c01062c800 'java/lang/invoke/LambdaForm$MH+0x000002c01062c800'
Event: 29.082 Thread 0x000002c06f15f8c0 Unloading class 0x000002c01062c000 'java/lang/invoke/LambdaForm$MH+0x000002c01062c000'
Event: 491.737 Thread 0x000002c06f15f8c0 Unloading class 0x000002c0106ea400 'java/lang/invoke/LambdaForm$DMH+0x000002c0106ea400'

Classes redefined (0 events):
No events

Internal exceptions (20 events):
Event: 552.433 Thread 0x000002c07eee06e0 Exception <a 'sun/nio/fs/WindowsException'{0x00000000d5626a18}> (0x00000000d5626a18) 
thrown [s\src\hotspot\share\prims\jni.cpp, line 520]
Event: 552.436 Thread 0x000002c07eee06e0 Exception <a 'sun/nio/fs/WindowsException'{0x00000000d5627850}> (0x00000000d5627850) 
thrown [s\src\hotspot\share\prims\jni.cpp, line 520]
Event: 552.436 Thread 0x000002c07eee06e0 Exception <a 'sun/nio/fs/WindowsException'{0x00000000d5628150}> (0x00000000d5628150) 
thrown [s\src\hotspot\share\prims\jni.cpp, line 520]
Event: 552.445 Thread 0x000002c07eee06e0 Exception <a 'sun/nio/fs/WindowsException'{0x00000000d5629c18}> (0x00000000d5629c18) 
thrown [s\src\hotspot\share\prims\jni.cpp, line 520]
Event: 552.446 Thread 0x000002c07eee06e0 Exception <a 'sun/nio/fs/WindowsException'{0x00000000d562a268}> (0x00000000d562a268) 
thrown [s\src\hotspot\share\prims\jni.cpp, line 520]
Event: 552.620 Thread 0x000002c07eee06e0 Exception <a 'sun/nio/fs/WindowsException'{0x00000000d564c588}> (0x00000000d564c588) 
thrown [s\src\hotspot\share\prims\jni.cpp, line 520]
Event: 552.620 Thread 0x000002c07eee06e0 Exception <a 'sun/nio/fs/WindowsException'{0x00000000d564ce88}> (0x00000000d564ce88) 
thrown [s\src\hotspot\share\prims\jni.cpp, line 520]
Event: 553.193 Thread 0x000002c07f0e70e0 Exception <a 'sun/nio/fs/WindowsException'{0x00000000d55e59e8}> (0x00000000d55e59e8) 
thrown [s\src\hotspot\share\prims\jni.cpp, line 520]
Event: 553.193 Thread 0x000002c07f0e70e0 Exception <a 'sun/nio/fs/WindowsException'{0x00000000d55e6058}> (0x00000000d55e6058) 
thrown [s\src\hotspot\share\prims\jni.cpp, line 520]
Event: 622.593 Thread 0x000002c07c8ff410 Exception <a 'sun/nio/fs/WindowsException'{0x00000000d5667c00}> (0x00000000d5667c00) 
thrown [s\src\hotspot\share\prims\jni.cpp, line 520]
Event: 622.596 Thread 0x000002c07c8ff410 Exception <a 'sun/nio/fs/WindowsException'{0x00000000d5668500}> (0x00000000d5668500) 
thrown [s\src\hotspot\share\prims\jni.cpp, line 520]
Event: 847.834 Thread 0x000002c07c8fe060 Exception <a 'sun/nio/fs/WindowsException'{0x00000000d56ad8a8}> (0x00000000d56ad8a8) 
thrown [s\src\hotspot\share\prims\jni.cpp, line 520]
Event: 848.284 Thread 0x000002c07c8fe060 Exception <a 'sun/nio/fs/WindowsException'{0x00000000d5595c20}> (0x00000000d5595c20) 
thrown [s\src\hotspot\share\prims\jni.cpp, line 520]
Event: 860.976 Thread 0x000002c07c8fe060 Exception <a 'sun/nio/fs/WindowsException'{0x00000000d5bd9330}> (0x00000000d5bd9330) 
thrown [s\src\hotspot\share\prims\jni.cpp, line 520]
Event: 865.179 Thread 0x000002c07eee06e0 Exception <a 'java/io/IOException'{0x00000000d5766180}> (0x00000000d5766180) 
thrown [s\src\hotspot\share\prims\jni.cpp, line 520]
Event: 868.307 Thread 0x000002c07c8fe060 Exception <a 'java/io/IOException'{0x00000000d58ce1f0}> (0x00000000d58ce1f0) 
thrown [s\src\hotspot\share\prims\jni.cpp, line 520]
Event: 870.420 Thread 0x000002c07eee1a90 Exception <a 'java/io/IOException'{0x00000000d5741fa8}> (0x00000000d5741fa8) 
thrown [s\src\hotspot\share\prims\jni.cpp, line 520]
Event: 870.449 Thread 0x000002c07eee1a90 Exception <a 'java/io/IOException'{0x00000000d575adf0}> (0x00000000d575adf0) 
thrown [s\src\hotspot\share\prims\jni.cpp, line 520]
Event: 870.452 Thread 0x000002c07eee1a90 Exception <a 'java/io/IOException'{0x00000000d5797560}> (0x00000000d5797560) 
thrown [s\src\hotspot\share\prims\jni.cpp, line 520]
Event: 870.454 Thread 0x000002c07eee1a90 Exception <a 'java/io/IOException'{0x00000000d579bb90}> (0x00000000d579bb90) 
thrown [s\src\hotspot\share\prims\jni.cpp, line 520]

ZGC Phase Switch (0 events):
No events

VM Operations (20 events):
Event: 856.797 Executing safepoint VM operation: ParallelGCFailedAllocation (Allocation Failure) done
Event: 858.821 Executing safepoint VM operation: Cleanup
Event: 858.821 Executing safepoint VM operation: Cleanup done
Event: 858.878 Executing safepoint VM operation: ParallelGCFailedAllocation (Allocation Failure)
Event: 858.882 Executing safepoint VM operation: ParallelGCFailedAllocation (Allocation Failure) done
Event: 859.612 Executing safepoint VM operation: ParallelGCFailedAllocation (Allocation Failure)
Event: 860.622 Executing safepoint VM operation: ParallelGCFailedAllocation (Allocation Failure) done
Event: 860.672 Executing safepoint VM operation: ParallelGCFailedAllocation (Allocation Failure)
Event: 860.680 Executing safepoint VM operation: ParallelGCFailedAllocation (Allocation Failure) done
Event: 860.977 Executing safepoint VM operation: ParallelGCFailedAllocation (Allocation Failure)
Event: 860.980 Executing safepoint VM operation: ParallelGCFailedAllocation (Allocation Failure) done
Event: 861.006 Executing safepoint VM operation: ParallelGCFailedAllocation (Allocation Failure)
Event: 863.079 Executing safepoint VM operation: ParallelGCFailedAllocation (Allocation Failure) done
Event: 863.109 Executing safepoint VM operation: ParallelGCFailedAllocation (Allocation Failure)
Event: 865.154 Executing safepoint VM operation: ParallelGCFailedAllocation (Allocation Failure) done
Event: 865.206 Executing safepoint VM operation: ParallelGCFailedAllocation (Allocation Failure)
Event: 868.230 Executing safepoint VM operation: ParallelGCFailedAllocation (Allocation Failure) done
Event: 868.373 Executing safepoint VM operation: ParallelGCFailedAllocation (Allocation Failure)
Event: 870.382 Executing safepoint VM operation: ParallelGCFailedAllocation (Allocation Failure) done
Event: 871.394 Executing safepoint VM operation: Cleanup

Memory protections (0 events):
No events

Nmethod flushes (20 events):
Event: 492.202 Thread 0x000002c06f15f8c0 flushing  nmethod 0x000002c001166e10
Event: 492.202 Thread 0x000002c06f15f8c0 flushing  nmethod 0x000002c001176c10
Event: 492.202 Thread 0x000002c06f15f8c0 flushing  nmethod 0x000002c001182e90
Event: 492.203 Thread 0x000002c06f15f8c0 flushing  nmethod 0x000002c001185990
Event: 492.203 Thread 0x000002c06f15f8c0 flushing  nmethod 0x000002c001192f90
Event: 492.203 Thread 0x000002c06f15f8c0 flushing  nmethod 0x000002c0011b4010
Event: 492.203 Thread 0x000002c06f15f8c0 flushing  nmethod 0x000002c0011f6990
Event: 492.203 Thread 0x000002c06f15f8c0 flushing  nmethod 0x000002c0011f7690
Event: 492.203 Thread 0x000002c06f15f8c0 flushing  nmethod 0x000002c0011f8590
Event: 492.203 Thread 0x000002c06f15f8c0 flushing  nmethod 0x000002c0011fa690
Event: 492.203 Thread 0x000002c06f15f8c0 flushing  nmethod 0x000002c0011fb090
Event: 492.203 Thread 0x000002c06f15f8c0 flushing  nmethod 0x000002c0011fb890
Event: 492.203 Thread 0x000002c06f15f8c0 flushing  nmethod 0x000002c0011fc790
Event: 492.203 Thread 0x000002c06f15f8c0 flushing  nmethod 0x000002c001239810
Event: 492.203 Thread 0x000002c06f15f8c0 flushing  nmethod 0x000002c00125ba90
Event: 492.203 Thread 0x000002c06f15f8c0 flushing  nmethod 0x000002c00127c590
Event: 492.203 Thread 0x000002c06f15f8c0 flushing  nmethod 0x000002c001281b10
Event: 492.203 Thread 0x000002c06f15f8c0 flushing  nmethod 0x000002c001281f10
Event: 492.203 Thread 0x000002c06f15f8c0 flushing  nmethod 0x000002c001282510
Event: 492.203 Thread 0x000002c06f15f8c0 flushing  nmethod 0x000002c001285e90

Events (20 events):
Event: 571.811 Thread 0x000002c07f916b80 Thread exited: 0x000002c07f916b80
Event: 602.164 Thread 0x000002c07eee55a0 Thread exited: 0x000002c07eee55a0
Event: 602.582 Thread 0x000002c07f9164f0 Thread exited: 0x000002c07f9164f0
Event: 622.632 Thread 0x000002c07c8ff410 Thread added: 0x000002c07c900130
Event: 622.644 Thread 0x000002c07c900130 Thread exited: 0x000002c07c900130
Event: 622.818 Thread 0x000002c07c8ff410 Thread added: 0x000002c07c900130
Event: 622.819 Thread 0x000002c07c900130 Thread exited: 0x000002c07c900130
Event: 628.651 Thread 0x000002c07eee06e0 Thread exited: 0x000002c07eee06e0
Event: 688.668 Thread 0x000002c07eee34d0 Thread exited: 0x000002c07eee34d0
Event: 748.719 Thread 0x000002c07eee1a90 Thread exited: 0x000002c07eee1a90
Event: 805.080 Thread 0x000002c07eee27b0 Thread exited: 0x000002c07eee27b0
Event: 811.780 Thread 0x000002c07eee0d70 Thread exited: 0x000002c07eee0d70
Event: 839.652 Thread 0x000002c07f0e42f0 Thread added: 0x000002c07c900130
Event: 839.849 Thread 0x000002c07c900130 Thread added: 0x000002c07eee1a90
Event: 840.251 Thread 0x000002c07f0e42f0 Thread added: 0x000002c07eee27b0
Event: 848.108 Thread 0x000002c07c8ff410 Thread added: 0x000002c07eee34d0
Event: 848.291 Thread 0x000002c07f0e07e0 Thread added: 0x000002c07eee06e0
Event: 848.300 Thread 0x000002c07c8ff410 Thread added: 0x000002c07eee0d70
Event: 865.170 Thread 0x000002c07eee06e0 Thread added: 0x000002c07eee55a0
Event: 865.178 Thread 0x000002c07f0e07e0 Thread added: 0x000002c07f9164f0


Dynamic libraries:
0x00007ff7c0000000 - 0x00007ff7c000e000 	c:\Users\Indhu\.vscode\extensions\redhat.java-1.54.0-win32-x64\jre\21.0.10-win32-x86_64\bin\java.exe
0x00007ffe216e0000 - 0x00007ffe21946000 	C:\WINDOWS\SYSTEM32\ntdll.dll
0x00007ffdddd70000 - 0x00007ffdddd91000 	C:\Program Files\Avast Software\Avast\aswhook.dll
0x00007ffe20cf0000 - 0x00007ffe20db9000 	C:\WINDOWS\System32\KERNEL32.DLL
0x00007ffe1e970000 - 0x00007ffe1ed6a000 	C:\WINDOWS\System32\KERNELBASE.dll
0x00007ffe1f2d0000 - 0x00007ffe1f41c000 	C:\WINDOWS\System32\ucrtbase.dll
0x00007ffe12150000 - 0x00007ffe12168000 	c:\Users\Indhu\.vscode\extensions\redhat.java-1.54.0-win32-x64\jre\21.0.10-win32-x86_64\bin\jli.dll
0x00007ffe1fbb0000 - 0x00007ffe1fd77000 	C:\WINDOWS\System32\USER32.dll
0x00007ffe1f420000 - 0x00007ffe1f447000 	C:\WINDOWS\System32\win32u.dll
0x00007ffe1f610000 - 0x00007ffe1f63b000 	C:\WINDOWS\System32\GDI32.dll
0x00007ffe1ee00000 - 0x00007ffe1ef2b000 	C:\WINDOWS\System32\gdi32full.dll
0x00007ffe1f220000 - 0x00007ffe1f2c3000 	C:\WINDOWS\System32\msvcp_win.dll
0x00007ffe124e0000 - 0x00007ffe124fe000 	c:\Users\Indhu\.vscode\extensions\redhat.java-1.54.0-win32-x64\jre\21.0.10-win32-x86_64\bin\VCRUNTIME140.dll
0x00007ffe0b020000 - 0x00007ffe0b2b2000 	C:\WINDOWS\WinSxS\amd64_microsoft.windows.common-controls_6595b64144ccf1df_6.0.26100.8521_none_3e08b75ce33403b3\COMCTL32.dll
0x00007ffe20c40000 - 0x00007ffe20ce9000 	C:\WINDOWS\System32\msvcrt.dll
0x00007ffe1fd90000 - 0x00007ffe1fdc2000 	C:\WINDOWS\System32\IMM32.DLL
0x00007ffe12380000 - 0x00007ffe1238c000 	c:\Users\Indhu\.vscode\extensions\redhat.java-1.54.0-win32-x64\jre\21.0.10-win32-x86_64\bin\vcruntime140_1.dll
0x00007ffdc7a80000 - 0x00007ffdc7b0d000 	c:\Users\Indhu\.vscode\extensions\redhat.java-1.54.0-win32-x64\jre\21.0.10-win32-x86_64\bin\msvcp140.dll
0x00007ffd9e2d0000 - 0x00007ffd9f071000 	c:\Users\Indhu\.vscode\extensions\redhat.java-1.54.0-win32-x64\jre\21.0.10-win32-x86_64\bin\server\jvm.dll
0x00007ffe1fe90000 - 0x00007ffe1ff46000 	C:\WINDOWS\System32\ADVAPI32.dll
0x00007ffe210b0000 - 0x00007ffe2115a000 	C:\WINDOWS\System32\sechost.dll
0x00007ffe1ff50000 - 0x00007ffe20068000 	C:\WINDOWS\System32\RPCRT4.dll
0x00007ffe20e40000 - 0x00007ffe20ec0000 	C:\WINDOWS\System32\WS2_32.dll
0x00007ffe1e7f0000 - 0x00007ffe1e84e000 	C:\WINDOWS\SYSTEM32\POWRPROF.dll
0x00007ffe0c760000 - 0x00007ffe0c796000 	C:\WINDOWS\SYSTEM32\WINMM.dll
0x00007ffe0f090000 - 0x00007ffe0f09b000 	C:\WINDOWS\SYSTEM32\VERSION.dll
0x00007ffe1e7d0000 - 0x00007ffe1e7e4000 	C:\WINDOWS\SYSTEM32\UMPDC.dll
0x00007ffe1d700000 - 0x00007ffe1d71b000 	C:\WINDOWS\SYSTEM32\kernel.appcore.dll
0x00007ffe12140000 - 0x00007ffe1214a000 	c:\Users\Indhu\.vscode\extensions\redhat.java-1.54.0-win32-x64\jre\21.0.10-win32-x86_64\bin\jimage.dll
0x00007ffe1c090000 - 0x00007ffe1c2d2000 	C:\WINDOWS\SYSTEM32\DBGHELP.DLL
0x00007ffe211e0000 - 0x00007ffe21563000 	C:\WINDOWS\System32\combase.dll
0x00007ffe20800000 - 0x00007ffe208d9000 	C:\WINDOWS\System32\OLEAUT32.dll
0x00007ffe0efa0000 - 0x00007ffe0efdb000 	C:\WINDOWS\SYSTEM32\dbgcore.DLL
0x00007ffe1f170000 - 0x00007ffe1f218000 	C:\WINDOWS\System32\bcryptPrimitives.dll
0x00007ffe0db50000 - 0x00007ffe0db5f000 	c:\Users\Indhu\.vscode\extensions\redhat.java-1.54.0-win32-x64\jre\21.0.10-win32-x86_64\bin\instrument.dll
0x00007ffe0db30000 - 0x00007ffe0db50000 	c:\Users\Indhu\.vscode\extensions\redhat.java-1.54.0-win32-x64\jre\21.0.10-win32-x86_64\bin\java.dll
0x00007ffe20070000 - 0x00007ffe207f4000 	C:\WINDOWS\System32\SHELL32.dll
0x00007ffe1c580000 - 0x00007ffe1ce00000 	C:\WINDOWS\SYSTEM32\windows.storage.dll
0x00007ffe20a40000 - 0x00007ffe20b36000 	C:\WINDOWS\System32\SHCORE.dll
0x00007ffe20dd0000 - 0x00007ffe20e37000 	C:\WINDOWS\System32\shlwapi.dll
0x00007ffe1e890000 - 0x00007ffe1e8b9000 	C:\WINDOWS\SYSTEM32\profapi.dll
0x00007ffe0db10000 - 0x00007ffe0db28000 	c:\Users\Indhu\.vscode\extensions\redhat.java-1.54.0-win32-x64\jre\21.0.10-win32-x86_64\bin\zip.dll
0x00007ffe0ccd0000 - 0x00007ffe0cce0000 	C:\Users\Indhu\.vscode\extensions\redhat.java-1.54.0-win32-x64\jre\21.0.10-win32-x86_64\bin\net.dll
0x00007ffe111a0000 - 0x00007ffe112c9000 	C:\WINDOWS\SYSTEM32\WINHTTP.dll
0x00007ffe1dc70000 - 0x00007ffe1dcdc000 	C:\WINDOWS\system32\mswsock.dll
0x00007ffdfd7c0000 - 0x00007ffdfd7d6000 	C:\Users\Indhu\.vscode\extensions\redhat.java-1.54.0-win32-x64\jre\21.0.10-win32-x86_64\bin\nio.dll
0x00007ffe0ccc0000 - 0x00007ffe0ccd0000 	c:\Users\Indhu\.vscode\extensions\redhat.java-1.54.0-win32-x64\jre\21.0.10-win32-x86_64\bin\verify.dll
0x00007ffdd8870000 - 0x00007ffdd88b5000 	C:\Users\Indhu\AppData\Roaming\Code\User\globalStorage\redhat.java\1.54.0\config_win\org.eclipse.equinox.launcher\org.eclipse.equinox.launcher.win32.win32.x86_64_1.3.0.v20260203-2149\eclipse_11919.dll
0x00007ffe1f450000 - 0x00007ffe1f5e8000 	C:\WINDOWS\System32\ole32.dll
0x00007ffe1df50000 - 0x00007ffe1df6b000 	C:\WINDOWS\SYSTEM32\CRYPTSP.dll
0x00007ffe1d660000 - 0x00007ffe1d699000 	C:\WINDOWS\system32\rsaenh.dll
0x00007ffe1dd20000 - 0x00007ffe1dd53000 	C:\WINDOWS\SYSTEM32\USERENV.dll
0x00007ffe1e860000 - 0x00007ffe1e88a000 	C:\WINDOWS\SYSTEM32\bcrypt.dll
0x00007ffe1df70000 - 0x00007ffe1df7c000 	C:\WINDOWS\SYSTEM32\CRYPTBASE.dll
0x00007ffe1d110000 - 0x00007ffe1d143000 	C:\WINDOWS\SYSTEM32\IPHLPAPI.DLL
0x00007ffe1fd80000 - 0x00007ffe1fd8a000 	C:\WINDOWS\System32\NSI.dll
0x00007ffe0a400000 - 0x00007ffe0a449000 	C:\Users\Indhu\AppData\Local\Temp\jna-70793484\jna10915239669259422601.dll
0x00007ffe1f5f0000 - 0x00007ffe1f5f8000 	C:\WINDOWS\System32\PSAPI.DLL
0x00007ffe113b0000 - 0x00007ffe113cd000 	C:\WINDOWS\SYSTEM32\dhcpcsvc6.DLL
0x00007ffe10a70000 - 0x00007ffe10a95000 	C:\WINDOWS\SYSTEM32\dhcpcsvc.DLL
0x00007ffdf6830000 - 0x00007ffdf6839000 	C:\Users\Indhu\.vscode\extensions\redhat.java-1.54.0-win32-x64\jre\21.0.10-win32-x86_64\bin\extnet.dll

JVMTI agents:
c:\Users\Indhu\.vscode\extensions\redhat.java-1.54.0-win32-x64\lombok\lombok-1.18.39-4050.jar path:c:\Users\Indhu\.vscode\extensions\redhat.java-1.54.0-win32-x64\jre\21.0.10-win32-x86_64\bin\instrument.dll, loaded, initialized, instrumentlib options:none

dbghelp: loaded successfully - version: 4.0.5 - missing functions: none
symbol engine: initialized successfully - sym options: 0x614 - pdb path: .;c:\Users\Indhu\.vscode\extensions\redhat.java-1.54.0-win32-x64\jre\21.0.10-win32-x86_64\bin;C:\WINDOWS\SYSTEM32;C:\Program Files\Avast Software\Avast;C:\WINDOWS\WinSxS\amd64_microsoft.windows.common-controls_6595b64144ccf1df_6.0.26100.8521_none_3e08b75ce33403b3;c:\Users\Indhu\.vscode\extensions\redhat.java-1.54.0-win32-x64\jre\21.0.10-win32-x86_64\bin\server;C:\Users\Indhu\AppData\Roaming\Code\User\globalStorage\redhat.java\1.54.0\config_win\org.eclipse.equinox.launcher\org.eclipse.equinox.launcher.win32.win32.x86_64_1.3.0.v20260203-2149;C:\Users\Indhu\AppData\Local\Temp\jna-70793484

VM Arguments:
jvm_args: --add-modules=ALL-SYSTEM --add-opens=java.base/java.util=ALL-UNNAMED --add-opens=java.base/java.lang=ALL-UNNAMED --add-opens=java.base/sun.nio.fs=ALL-UNNAMED -Declipse.application=org.eclipse.jdt.ls.core.id1 -Dosgi.bundles.defaultStartLevel=4 -Declipse.product=org.eclipse.jdt.ls.core.product -Djava.import.generatesMetadataFilesAtProjectRoot=false -DDetectVMInstallationsJob.disabled=true -Dfile.encoding=utf8 -XX:+UseParallelGC -XX:GCTimeRatio=4 -XX:AdaptiveSizePolicyWeight=90 -Dsun.zip.disableMemoryMapping=true -Xmx2G -Xms100m -Xlog:disable -javaagent:c:\Users\Indhu\.vscode\extensions\redhat.java-1.54.0-win32-x64\lombok\lombok-1.18.39-4050.jar -XX:+HeapDumpOnOutOfMemoryError -XX:HeapDumpPath=c:\Users\Indhu\AppData\Roaming\Code\User\workspaceStorage\4dbafc3fa6d5433351079bda42165453\redhat.java -Daether.dependencyCollector.impl=bf 
java_command: c:\Users\Indhu\.vscode\extensions\redhat.java-1.54.0-win32-x64\server\plugins\org.eclipse.equinox.launcher_1.7.100.v20251111-0406.jar -configuration c:\Users\Indhu\AppData\Roaming\Code\User\globalStorage\redhat.java\1.54.0\config_win -data c:\Users\Indhu\AppData\Roaming\Code\User\workspaceStorage\4dbafc3fa6d5433351079bda42165453\redhat.java\jdt_ws --pipe=\\.\pipe\lsp-c1c53fbd65659b1c4a0b764cbb7a702a-sock
java_class_path (initial): c:\Users\Indhu\.vscode\extensions\redhat.java-1.54.0-win32-x64\server\plugins\org.eclipse.equinox.launcher_1.7.100.v20251111-0406.jar
Launcher Type: SUN_STANDARD

[Global flags]
    uintx AdaptiveSizePolicyWeight                 = 90                                        {product} {command line}
     intx CICompilerCount                          = 3                                         {product} {ergonomic}
    uintx GCTimeRatio                              = 4                                         {product} {command line}
     bool HeapDumpOnOutOfMemoryError               = true                                   {manageable} {command line}
    ccstr HeapDumpPath                             = c:\Users\Indhu\AppData\Roaming\Code\User\workspaceStorage\4dbafc3fa6d5433351079bda42165453\redhat.java         {manageable} {command line}
   size_t InitialHeapSize                          = 104857600                                 {product} {command line}
   size_t MaxHeapSize                              = 2147483648                                {product} {command line}
   size_t MaxNewSize                               = 715653120                                 {product} {ergonomic}
   size_t MinHeapDeltaBytes                        = 524288                                    {product} {ergonomic}
   size_t MinHeapSize                              = 104857600                                 {product} {command line}
   size_t NewSize                                  = 34603008                                  {product} {ergonomic}
    uintx NonNMethodCodeHeapSize                   = 5832780                                {pd product} {ergonomic}
    uintx NonProfiledCodeHeapSize                  = 122912730                              {pd product} {ergonomic}
   size_t OldSize                                  = 70254592                                  {product} {ergonomic}
    uintx ProfiledCodeHeapSize                     = 122912730                              {pd product} {ergonomic}
    uintx ReservedCodeCacheSize                    = 251658240                              {pd product} {ergonomic}
     bool SegmentedCodeCache                       = true                                      {product} {ergonomic}
   size_t SoftMaxHeapSize                          = 2147483648                             {manageable} {ergonomic}
     bool UseCompressedOops                        = true                           {product lp64_product} {ergonomic}
     bool UseLargePagesIndividualAllocation        = false                                  {pd product} {ergonomic}
     bool UseParallelGC                            = true                                      {product} {command line}

Logging:
Log output configuration:
 #0: stdout all=off uptime,level,tags foldmultilines=false
 #1: stderr all=off uptime,level,tags foldmultilines=false

Release file:
JAVA_VERSION="21.0.10" 
MODULES="java.base java.compiler java.datatransfer java.xml java.prefs java.desktop java.instrument java.logging java.management java.security.sasl java.naming java.rmi java.management.rmi java.net.http java.scripting java.security.jgss java.transaction.xa java.sql java.sql.rowset java.xml.crypto java.se java.smartcardio jdk.accessibility jdk.internal.jvmstat jdk.attach jdk.charsets jdk.internal.opt jdk.zipfs jdk.compiler jdk.crypto.ec jdk.crypto.cryptoki jdk.crypto.mscapi jdk.dynalink jdk.internal.ed jdk.editpad jdk.hotspot.agent jdk.httpserver jdk.internal.le jdk.internal.vm.ci jdk.internal.vm.compiler jdk.internal.vm.compiler.management jdk.jartool jdk.javadoc jdk.jcmd jdk.management jdk.management.agent jdk.jconsole jdk.jdeps jdk.jdwp.agent jdk.jdi jdk.jfr jdk.jshell jdk.jsobject jdk.jstatd jdk.localedata jdk.management.jfr jdk.naming.dns jdk.naming.rmi jdk.net jdk.nio.mapmode jdk.random jdk.sctp jdk.security.auth jdk.security.jgss jdk.unsupported jdk.unsupported.desktop jdk.xml.dom" 

Environment Variables:
JAVA_HOME=C:\Program Files\java\jdk-21.0.11
PATH=C:\MinGW\bin;C:\Python311\Scripts\;C:\Python311\;C:\Windows\system32;C:\Windows;C:\Windows\System32\Wbem;C:\Windows\System32\WindowsPowerShell\v1.0\;C:\Windows\System32\OpenSSH\;C:\ProgramData\chocolatey\bin;c:\Users\Indhu\AppData\Local\Programs\cursor\resources\app\bin;C:\Program Files\Git\cmd;C:\WINDOWS\system32;C:\WINDOWS;C:\WINDOWS\System32\Wbem;C:\WINDOWS\System32\WindowsPowerShell\v1.0\;C:\WINDOWS\System32\OpenSSH\;C:\Program Files\java\jre-8u451-windows-x64.exe;C:\Program Files\nodejs\;C:\Program Files\Redis\;"C:\Program Files\java\jre-8u451-windows-x64.exe"\bin;C:\Users\Indhu\AppData\Local\Programs\Python\Python313\Scripts\;C:\Users\Indhu\AppData\Local\Programs\Python\Python313\;C:\Windows;C:\Users\Indhu\AppData\Local\Microsoft\WindowsApps;C:\Users\Indhu\AppData\Local\Programs\Microsoft VS Code\bin;C:\Users\Indhu\AppData\Local\GitHubDesktop\bin;C:\Users\Indhu\AppData\Roaming\npm;C:\Users\Indhu\AppData\Local\Programs\Antigravity\bin
USERNAME=Indhu
OS=Windows_NT
PROCESSOR_IDENTIFIER=Intel64 Family 6 Model 126 Stepping 5, GenuineIntel
TMP=C:\Users\Indhu\AppData\Local\Temp
TEMP=C:\Users\Indhu\AppData\Local\Temp




Periodic native trim disabled

---------------  S Y S T E M  ---------------

OS:
 Windows 11 , 64 bit Build 26100 (10.0.26100.8521)
OS uptime: 0 days 16:18 hours

CPU: total 4 (initial active 4) (2 cores per cpu, 2 threads per core) family 6 model 126 stepping 5 microcode 0xa6, cx8, cmov, fxsr, ht, mmx, 3dnowpref, sse, sse2, sse3, ssse3, sse4.1, sse4.2, popcnt, lzcnt, tsc, tscinvbit, avx, avx2, aes, erms, clmul, bmi1, bmi2, adx, avx512f, avx512dq, avx512cd, avx512bw, avx512vl, sha, fma, vzeroupper, avx512_vpopcntdq, avx512_vpclmulqdq, avx512_vaes, avx512_vnni, clflush, clflushopt, avx512_vbmi2, avx512_vbmi, rdtscp, rdpid, fsrm, gfni, avx512_bitalg, f16c, pku, avx512_ifma
Processor Information for the first 4 processors :
  Max Mhz: 1201, Current Mhz: 1000, Mhz Limit: 1201

Memory: 4k page, system-wide physical 3901M (473M free)
TotalPageFile size 15677M (AvailPageFile size 0M)
current process WorkingSet (physical memory assigned to process): 192M, peak: 601M
current process commit charge ("private bytes"): 1537M, peak: 1560M

vm_info: OpenJDK 64-Bit Server VM (21.0.10+7-LTS) for windows-amd64 JRE (21.0.10+7-LTS), built on 2026-01-20T00:00:00Z by "admin" with MS VC++ 17.12 (VS2022)

END.
