#
# There is insufficient memory for the Java Runtime Environment to continue.
# Native memory allocation (malloc) failed to allocate 554656 bytes. Error detail: Chunk::new
# Possible reasons:
#   The system is out of physical RAM or swap space
#   This process is running with CompressedOops enabled, and the Java Heap may be blocking the growth of the native heap
# Possible solutions:
#   Reduce memory load on the system
#   Increase physical memory or swap space
#   Check if swap backing store is full
#   Decrease Java heap size (-Xmx/-Xms)
#   Decrease number of Java threads
#   Decrease Java thread stack sizes (-Xss)
#   Set larger code cache with -XX:ReservedCodeCacheSize=
#   JVM is running with Unscaled Compressed Oops mode in which the Java heap is
#     placed in the first 4GB address space. The Java Heap base address is the
#     maximum limit for the native heap growth. Please use -XX:HeapBaseMinAddress
#     to set the Java Heap base and to place the Java Heap above 4GB virtual address.
# This output file may be truncated or incomplete.
#
#  Out of Memory Error (arena.cpp:168), pid=17160, tid=17116
#
# JRE version: OpenJDK Runtime Environment Temurin-21.0.10+7 (21.0.10+7) (build 21.0.10+7-LTS)
# Java VM: OpenJDK 64-Bit Server VM Temurin-21.0.10+7 (21.0.10+7-LTS, mixed mode, sharing, tiered, compressed oops, compressed class ptrs, parallel gc, windows-amd64)
# No core dump will be written. Minidumps are not enabled by default on client versions of Windows
#

---------------  S U M M A R Y ------------

Command Line: --add-modules=ALL-SYSTEM --add-opens=java.base/java.util=ALL-UNNAMED --add-opens=java.base/java.lang=ALL-UNNAMED --add-opens=java.base/sun.nio.fs=ALL-UNNAMED -Declipse.application=org.eclipse.jdt.ls.core.id1 -Dosgi.bundles.defaultStartLevel=4 -Declipse.product=org.eclipse.jdt.ls.core.product -Djava.import.generatesMetadataFilesAtProjectRoot=false -DDetectVMInstallationsJob.disabled=true -Dfile.encoding=utf8 -XX:+UseParallelGC -XX:GCTimeRatio=4 -XX:AdaptiveSizePolicyWeight=90 -Dsun.zip.disableMemoryMapping=true -Xmx2G -Xms100m -Xlog:disable -javaagent:c:\Users\Indhu\.vscode\extensions\redhat.java-1.54.0-win32-x64\lombok\lombok-1.18.39-4050.jar -XX:+HeapDumpOnOutOfMemoryError -XX:HeapDumpPath=c:\Users\Indhu\AppData\Roaming\Code\User\workspaceStorage\cdb6981eb4d79c372da7a2133b568a65\redhat.java -Daether.dependencyCollector.impl=bf c:\Users\Indhu\.vscode\extensions\redhat.java-1.54.0-win32-x64\server\plugins\org.eclipse.equinox.launcher_1.7.100.v20251111-0406.jar -configuration c:\Users\Indhu\AppData\Roaming\Code\User\globalStorage\redhat.java\1.54.0\config_win -data c:\Users\Indhu\AppData\Roaming\Code\User\workspaceStorage\cdb6981eb4d79c372da7a2133b568a65\redhat.java\jdt_ws --pipe=\\.\pipe\lsp-89c420cd6c1eef57540497a44ab78c59-sock

Host: Intel(R) Core(TM) i3-1005G1 CPU @ 1.20GHz, 4 cores, 3G,  Windows 11 , 64 bit Build 26100 (10.0.26100.8521)
Time: Fri Jun 12 13:35:41 2026 India Standard Time elapsed time: 3944.276414 seconds (0d 1h 5m 44s)

---------------  T H R E A D  ---------------

Current thread (0x00000249c677c760):  JavaThread "C2 CompilerThread0" daemon [_thread_in_native, id=17116, stack(0x000000a915000000,0x000000a915100000) (1024K)]


Current CompileTask:
C2:3944276 15120       4       org.eclipse.osgi.internal.serviceregistry.ServiceRegistry::notifyHooksPrivileged (57 bytes)

Stack: [0x000000a915000000,0x000000a915100000]
Native frames: (J=compiled Java code, j=interpreted, Vv=VM code, C=native code)
V  [jvm.dll+0x6d7a39]
V  [jvm.dll+0x8b4b26]
V  [jvm.dll+0x8b70de]
V  [jvm.dll+0x8b77c3]
V  [jvm.dll+0x284346]
V  [jvm.dll+0xc66ed]
V  [jvm.dll+0xc6c31]
V  [jvm.dll+0x2fb29e]
V  [jvm.dll+0x5fe884]
V  [jvm.dll+0x255b17]
V  [jvm.dll+0x255edd]
V  [jvm.dll+0x24e500]
V  [jvm.dll+0x24ba42]
V  [jvm.dll+0x1cb34e]
V  [jvm.dll+0x25b85d]
V  [jvm.dll+0x259dea]
V  [jvm.dll+0x3f857e]
V  [jvm.dll+0x85f59d]
V  [jvm.dll+0x6d626d]
C  [ucrtbase.dll+0x2cd30]
C  [KERNEL32.DLL+0x2e957]
C  [ntdll.dll+0x87c1c]


---------------  P R O C E S S  ---------------

Threads class SMR info:
_java_thread_list=0x00000249e6410470, length=43, elements={
0x00000249c6885620, 0x00000249c693a6f0, 0x00000249c693ccd0, 0x00000249c6775890,
0x00000249c67764f0, 0x00000249c6778f60, 0x00000249c67799c0, 0x00000249c677c760,
0x00000249c67fbb40, 0x00000249e210cdc0, 0x00000249e228d7d0, 0x00000249e274dda0,
0x00000249e22d63f0, 0x00000249e2441160, 0x00000249e2441ba0, 0x00000249e2c60020,
0x00000249e2f76790, 0x00000249e2e9a4a0, 0x00000249e2dd2b60, 0x00000249e2dd31f0,
0x00000249e2dd52c0, 0x00000249e3b580f0, 0x00000249e3b594a0, 0x00000249e3b5a1c0,
0x00000249e3b56d40, 0x00000249e3b59b30, 0x00000249e3b573d0, 0x00000249e3b57a60,
0x00000249e3b58780, 0x00000249e5becb00, 0x00000249e5beb750, 0x00000249e5be8ff0,
0x00000249e5bed190, 0x00000249e5bea3a0, 0x00000249e5be9d10, 0x00000249e5bed820,
0x00000249e5bedeb0, 0x00000249e5beb0c0, 0x00000249e5beaa30, 0x00000249e5bef8f0,
0x00000249e5beebd0, 0x00000249e5bef260, 0x00000249e5bf0610
}

Java Threads: ( => current thread )
  0x00000249c6885620 JavaThread "main"                              [_thread_blocked, id=4904, stack(0x000000a914600000,0x000000a914700000) (1024K)]
  0x00000249c693a6f0 JavaThread "Reference Handler"          daemon [_thread_blocked, id=22228, stack(0x000000a914a00000,0x000000a914b00000) (1024K)]
  0x00000249c693ccd0 JavaThread "Finalizer"                  daemon [_thread_blocked, id=6448, stack(0x000000a914b00000,0x000000a914c00000) (1024K)]
  0x00000249c6775890 JavaThread "Signal Dispatcher"          daemon [_thread_blocked, id=19840, stack(0x000000a914c00000,0x000000a914d00000) (1024K)]
  0x00000249c67764f0 JavaThread "Attach Listener"            daemon [_thread_blocked, id=15008, stack(0x000000a914d00000,0x000000a914e00000) (1024K)]
  0x00000249c6778f60 JavaThread "Service Thread"             daemon [_thread_blocked, id=3012, stack(0x000000a914e00000,0x000000a914f00000) (1024K)]
  0x00000249c67799c0 JavaThread "Monitor Deflation Thread"   daemon [_thread_blocked, id=16828, stack(0x000000a914f00000,0x000000a915000000) (1024K)]
=>0x00000249c677c760 JavaThread "C2 CompilerThread0"         daemon [_thread_in_native, id=17116, stack(0x000000a915000000,0x000000a915100000) (1024K)]
  0x00000249c67fbb40 JavaThread "C1 CompilerThread0"         daemon [_thread_blocked, id=19968, stack(0x000000a915100000,0x000000a915200000) (1024K)]
  0x00000249e210cdc0 JavaThread "Common-Cleaner"             daemon [_thread_blocked, id=22160, stack(0x000000a915200000,0x000000a915300000) (1024K)]
  0x00000249e228d7d0 JavaThread "Notification Thread"        daemon [_thread_blocked, id=21188, stack(0x000000a915400000,0x000000a915500000) (1024K)]
  0x00000249e274dda0 JavaThread "Active Thread: Equinox Container: 38c01929-b02c-408a-84bc-53b8b5cad076"        [_thread_blocked, id=11656, stack(0x000000a915800000,0x000000a915900000) (1024K)]
  0x00000249e22d63f0 JavaThread "Refresh Thread: Equinox Container: 38c01929-b02c-408a-84bc-53b8b5cad076" daemon [_thread_blocked, id=13184, stack(0x000000a915900000,0x000000a915a00000) (1024K)]
  0x00000249e2441160 JavaThread "Framework Event Dispatcher: Equinox Container: 38c01929-b02c-408a-84bc-53b8b5cad076" daemon [_thread_blocked, id=12640, stack(0x000000a915a00000,0x000000a915b00000) (1024K)]
  0x00000249e2441ba0 JavaThread "Start Level: Equinox Container: 38c01929-b02c-408a-84bc-53b8b5cad076" daemon [_thread_blocked, id=16096, stack(0x000000a915b00000,0x000000a915c00000) (1024K)]
  0x00000249e2c60020 JavaThread "Bundle File Closer"         daemon [_thread_blocked, id=10340, stack(0x000000a915c00000,0x000000a915d00000) (1024K)]
  0x00000249e2f76790 JavaThread "SCR Component Actor"        daemon [_thread_blocked, id=3240, stack(0x000000a915d00000,0x000000a915e00000) (1024K)]
  0x00000249e2e9a4a0 JavaThread "Worker-JM"                         [_thread_blocked, id=21724, stack(0x000000a915e00000,0x000000a915f00000) (1024K)]
  0x00000249e2dd2b60 JavaThread "Worker-3"                          [_thread_blocked, id=24328, stack(0x000000a916200000,0x000000a916300000) (1024K)]
  0x00000249e2dd31f0 JavaThread "Java indexing"              daemon [_thread_blocked, id=16704, stack(0x000000a916300000,0x000000a916400000) (1024K)]
  0x00000249e2dd52c0 JavaThread "JNA Cleaner"                daemon [_thread_blocked, id=13720, stack(0x000000a916400000,0x000000a916500000) (1024K)]
  0x00000249e3b580f0 JavaThread "Thread-1"                   daemon [_thread_in_native, id=10512, stack(0x000000a916a00000,0x000000a916b00000) (1024K)]
  0x00000249e3b594a0 JavaThread "Thread-2"                   daemon [_thread_in_native, id=13004, stack(0x000000a916b00000,0x000000a916c00000) (1024K)]
  0x00000249e3b5a1c0 JavaThread "Thread-3"                   daemon [_thread_in_native, id=21768, stack(0x000000a916c00000,0x000000a916d00000) (1024K)]
  0x00000249e3b56d40 JavaThread "Thread-4"                   daemon [_thread_in_native, id=16108, stack(0x000000a916d00000,0x000000a916e00000) (1024K)]
  0x00000249e3b59b30 JavaThread "Thread-5"                   daemon [_thread_in_native, id=23840, stack(0x000000a916e00000,0x000000a916f00000) (1024K)]
  0x00000249e3b573d0 JavaThread "pool-2-thread-1"                   [_thread_blocked, id=17652, stack(0x000000a916f00000,0x000000a917000000) (1024K)]
  0x00000249e3b57a60 JavaThread "WorkspaceEventsHandler"            [_thread_blocked, id=12312, stack(0x000000a917000000,0x000000a917100000) (1024K)]
  0x00000249e3b58780 JavaThread "pool-1-thread-1"                   [_thread_blocked, id=16856, stack(0x000000a917100000,0x000000a917200000) (1024K)]
  0x00000249e5becb00 JavaThread "Worker-8"                          [_thread_blocked, id=22264, stack(0x000000a916600000,0x000000a916700000) (1024K)]
  0x00000249e5beb750 JavaThread "Cleaner-0"                  daemon [_thread_blocked, id=22732, stack(0x000000a914500000,0x000000a914600000) (1024K)]
  0x00000249e5be8ff0 JavaThread "ForkJoinPool.commonPool-worker-5" daemon [_thread_blocked, id=19880, stack(0x000000a914400000,0x000000a914500000) (1024K)]
  0x00000249e5bed190 JavaThread "ForkJoinPool.commonPool-worker-6" daemon [_thread_blocked, id=19084, stack(0x000000a915300000,0x000000a915400000) (1024K)]
  0x00000249e5bea3a0 JavaThread "ForkJoinPool.commonPool-worker-7" daemon [_thread_blocked, id=1172, stack(0x000000a915f00000,0x000000a916000000) (1024K)]
  0x00000249e5be9d10 JavaThread "Worker-9"                          [_thread_blocked, id=2500, stack(0x000000a916000000,0x000000a916100000) (1024K)]
  0x00000249e5bed820 JavaThread "Worker-10"                         [_thread_blocked, id=22816, stack(0x000000a916100000,0x000000a916200000) (1024K)]
  0x00000249e5bedeb0 JavaThread "Compiler Source File Reader" daemon [_thread_blocked, id=11700, stack(0x000000a916500000,0x000000a916600000) (1024K)]
  0x00000249e5beb0c0 JavaThread "Worker-11"                         [_thread_blocked, id=23092, stack(0x000000a916700000,0x000000a916800000) (1024K)]
  0x00000249e5beaa30 JavaThread "Compiler Processing Task"   daemon [_thread_blocked, id=22904, stack(0x000000a916800000,0x000000a916900000) (1024K)]
  0x00000249e5bef8f0 JavaThread "Worker-12"                         [_thread_blocked, id=15516, stack(0x000000a916900000,0x000000a916a00000) (1024K)]
  0x00000249e5beebd0 JavaThread "Compiler Source File Reader" daemon [_thread_blocked, id=3636, stack(0x000000a917200000,0x000000a917300000) (1024K)]
  0x00000249e5bef260 JavaThread "pool-7-thread-1"                   [_thread_blocked, id=23152, stack(0x000000a917400000,0x000000a917500000) (1024K)]
  0x00000249e5bf0610 JavaThread "Framework stop - Equinox Container: 38c01929-b02c-408a-84bc-53b8b5cad076"        [_thread_in_vm, id=14256, stack(0x000000a917500000,0x000000a917600000) (1024K)]
Total: 43

Other Threads:
  0x00000249c676f8b0 VMThread "VM Thread"                           [id=23776, stack(0x000000a914900000,0x000000a914a00000) (1024K)]
  0x00000249c68efa90 WatcherThread "VM Periodic Task Thread"        [id=12632, stack(0x000000a914800000,0x000000a914900000) (1024K)]
  0x00000249c68a2780 WorkerThread "GC Thread#0"                     [id=21960, stack(0x000000a914700000,0x000000a914800000) (1024K)]
  0x00000249e259cf00 WorkerThread "GC Thread#1"                     [id=19140, stack(0x000000a915500000,0x000000a915600000) (1024K)]
  0x00000249e259d2b0 WorkerThread "GC Thread#2"                     [id=1532, stack(0x000000a915600000,0x000000a915700000) (1024K)]
  0x00000249e23112b0 WorkerThread "GC Thread#3"                     [id=20328, stack(0x000000a915700000,0x000000a915800000) (1024K)]
Total: 6

Threads with active compile tasks:
C2 CompilerThread0  3944340 15120       4       org.eclipse.osgi.internal.serviceregistry.ServiceRegistry::notifyHooksPrivileged (57 bytes)
Total: 1

VM state: not at safepoint (normal execution)

VM Mutex/Monitor currently owned by a thread:  ([mutex/lock_event])
[0x00007fff123fe460] CodeCache_lock - owner thread: 0x00000249e5bf0610

Heap address: 0x0000000080000000, size: 2048 MB, Compressed Oops mode: 32-bit

CDS archive(s) mapped at: [0x0000024980000000-0x0000024980ba0000-0x0000024980ba0000), size 12189696, SharedBaseAddress: 0x0000024980000000, ArchiveRelocationMode: 1.
Compressed class space mapped at: 0x0000024981000000-0x00000249c1000000, reserved size: 1073741824
Narrow klass base: 0x0000024980000000, Narrow klass shift: 0, Narrow klass range: 0x100000000

GC Precious Log:
 CardTable entry size: 512
 CPUs: 4 total, 4 available
 Memory: 3901M
 Large Page Support: Disabled
 NUMA Support: Disabled
 Compressed Oops: Enabled (32-bit)
 Alignments: Space 512K, Generation 512K, Heap 2M
 Heap Min Capacity: 100M
 Heap Initial Capacity: 100M
 Heap Max Capacity: 2G
 Pre-touch: Disabled
 Parallel Workers: 4

Heap:
 PSYoungGen      total 3584K, used 2486K [0x00000000d5580000, 0x00000000d5c00000, 0x0000000100000000)
  eden space 3072K, 76% used [0x00000000d5580000,0x00000000d57cdab8,0x00000000d5880000)
  from space 512K, 25% used [0x00000000d5b00000,0x00000000d5b20000,0x00000000d5b80000)
  to   space 512K, 0% used [0x00000000d5b80000,0x00000000d5b80000,0x00000000d5c00000)
 ParOldGen       total 117760K, used 117455K [0x0000000080000000, 0x0000000087300000, 0x00000000d5580000)
  object space 117760K, 99% used [0x0000000080000000,0x00000000872b3fa8,0x0000000087300000)
 Metaspace       used 78492K, committed 80064K, reserved 1179648K
  class space    used 8309K, committed 9088K, reserved 1048576K

Card table byte_map: [0x00000249c6220000,0x00000249c6630000] _byte_map_base: 0x00000249c5e20000

Marking Bits: (ParMarkBitMap*) 0x00007fff12403450
 Begin Bits: [0x00000249d8d30000, 0x00000249dad30000)
 End Bits:   [0x00000249dad30000, 0x00000249dcd30000)

Polling page: 0x00000249c46a0000

Metaspace:

Usage:
  Non-class:     68.54 MB used.
      Class:      8.11 MB used.
       Both:     76.65 MB used.

Virtual space:
  Non-class space:      128.00 MB reserved,      69.31 MB ( 54%) committed,  2 nodes.
      Class space:        1.00 GB reserved,       8.88 MB ( <1%) committed,  1 nodes.
             Both:        1.12 GB reserved,      78.19 MB (  7%) committed. 

Chunk freelists:
   Non-Class:  10.63 MB
       Class:  7.27 MB
        Both:  17.91 MB

MaxMetaspaceSize: unlimited
CompressedClassSpaceSize: 1.00 GB
Initial GC threshold: 21.00 MB
Current GC threshold: 130.00 MB
CDS: on
 - commit_granule_bytes: 65536.
 - commit_granule_words: 8192.
 - virtual_space_node_default_size: 8388608.
 - enlarge_chunks_in_place: 1.
 - use_allocation_guard: 0.


Internal statistics:

num_allocs_failed_limit: 9.
num_arena_births: 1414.
num_arena_deaths: 316.
num_vsnodes_births: 3.
num_vsnodes_deaths: 0.
num_space_committed: 1251.
num_space_uncommitted: 0.
num_chunks_returned_to_freelist: 360.
num_chunks_taken_from_freelist: 5056.
num_chunk_merges: 96.
num_chunk_splits: 3044.
num_chunks_enlarged: 1741.
num_inconsistent_stats: 0.

CodeHeap 'non-profiled nmethods': size=120000Kb used=11759Kb max_used=12458Kb free=108240Kb
 bounds [0x00000249d1550000, 0x00000249d2180000, 0x00000249d8a80000]
CodeHeap 'profiled nmethods': size=120000Kb used=31491Kb max_used=32937Kb free=88508Kb
 bounds [0x00000249c9a80000, 0x00000249cbad0000, 0x00000249d0fb0000]
CodeHeap 'non-nmethods': size=5760Kb used=1519Kb max_used=1562Kb free=4240Kb
 bounds [0x00000249d0fb0000, 0x00000249d1220000, 0x00000249d1550000]
CodeCache: size=245760Kb, used=44769Kb, max_used=46957Kb, free=200988Kb
 total_blobs=14290, nmethods=13452, adapters=742, full_count=0
Compilation: enabled, stopped_count=0, restarted_count=0

Compilation events (20 events):
Event: 3940.960 Thread 0x00000249c67fbb40 15121       1       org.apache.felix.scr.impl.inject.methods.BaseMethod::getDSVersion (5 bytes)
Event: 3940.961 Thread 0x00000249c67fbb40 nmethod 15121 0x00000249d176e310 code [0x00000249d176e4a0, 0x00000249d176e568]
Event: 3940.961 Thread 0x00000249c67fbb40 15122       3       org.apache.felix.scr.impl.inject.BindParameters::<init> (11 bytes)
Event: 3940.961 Thread 0x00000249c67fbb40 nmethod 15122 0x00000249ca4ba290 code [0x00000249ca4ba440, 0x00000249ca4ba638]
Event: 3940.963 Thread 0x00000249c677c760 nmethod 15119 0x00000249d1846790 code [0x00000249d1846980, 0x00000249d1846db8]
Event: 3940.963 Thread 0x00000249c677c760 15120       4       org.eclipse.osgi.internal.serviceregistry.ServiceRegistry::notifyHooksPrivileged (57 bytes)
Event: 3940.966 Thread 0x00000249c67fbb40 15123       1       org.apache.felix.scr.impl.inject.MethodResult::hasResult (5 bytes)
Event: 3940.966 Thread 0x00000249c67fbb40 nmethod 15123 0x00000249d1846490 code [0x00000249d1846620, 0x00000249d18466f0]
Event: 3940.970 Thread 0x00000249c67fbb40 15124       1       org.apache.felix.scr.impl.manager.DependencyManager::getIndex (5 bytes)
Event: 3940.971 Thread 0x00000249c67fbb40 nmethod 15124 0x00000249d1846110 code [0x00000249d18462a0, 0x00000249d1846368]
Event: 3941.067 Thread 0x00000249c67fbb40 15125       3       org.eclipse.m2e.core.internal.embedder.LifecycleManagerDisposer$$Lambda/0x000002498185b168::test (9 bytes)
Event: 3942.086 Thread 0x00000249c67fbb40 nmethod 15125 0x00000249ca2e1290 code [0x00000249ca2e1460, 0x00000249ca2e19c8]
Event: 3942.086 Thread 0x00000249c67fbb40 15126       3       org.eclipse.m2e.core.internal.embedder.LifecycleManagerDisposer::lambda$0 (26 bytes)
Event: 3942.086 Thread 0x00000249c67fbb40 nmethod 15126 0x00000249ca451b90 code [0x00000249ca451d60, 0x00000249ca452240]
Event: 3942.189 Thread 0x00000249c67fbb40 15127       3       org.eclipse.sisu.inject.MildElements::compact (21 bytes)
Event: 3942.190 Thread 0x00000249c67fbb40 nmethod 15127 0x00000249ca983590 code [0x00000249ca983760, 0x00000249ca983a20]
Event: 3942.191 Thread 0x00000249c67fbb40 15128       3       org.eclipse.sisu.inject.MildElements$Itr::hasNext (77 bytes)
Event: 3942.192 Thread 0x00000249c67fbb40 nmethod 15128 0x00000249ca477e10 code [0x00000249ca478000, 0x00000249ca4785d0]
Event: 3942.199 Thread 0x00000249c67fbb40 15129       3       java.lang.Class::privateGetDeclaredFields (64 bytes)
Event: 3942.200 Thread 0x00000249c67fbb40 nmethod 15129 0x00000249c9fa0090 code [0x00000249c9fa02c0, 0x00000249c9fa09f0]

GC Heap History (20 events):
Event: 3899.032 GC heap before
{Heap before GC invocations=1190 (full 4):
 PSYoungGen      total 3072K, used 3035K [0x00000000d5580000, 0x00000000d5f80000, 0x0000000100000000)
  eden space 1536K, 97% used [0x00000000d5580000,0x00000000d56f6e90,0x00000000d5700000)
  from space 1536K, 100% used [0x00000000d5700000,0x00000000d5880000,0x00000000d5880000)
  to   space 3584K, 0% used [0x00000000d5c00000,0x00000000d5c00000,0x00000000d5f80000)
 ParOldGen       total 104960K, used 104509K [0x0000000080000000, 0x0000000086680000, 0x00000000d5580000)
  object space 104960K, 99% used [0x0000000080000000,0x000000008660f588,0x0000000086680000)
 Metaspace       used 78270K, committed 80000K, reserved 1179648K
  class space    used 8280K, committed 9088K, reserved 1048576K
}
Event: 3899.036 GC heap after
{Heap after GC invocations=1190 (full 4):
 PSYoungGen      total 3072K, used 1410K [0x00000000d5580000, 0x00000000d5d80000, 0x0000000100000000)
  eden space 1536K, 0% used [0x00000000d5580000,0x00000000d5580000,0x00000000d5700000)
  from space 1536K, 91% used [0x00000000d5c00000,0x00000000d5d60800,0x00000000d5d80000)
  to   space 2048K, 0% used [0x00000000d5980000,0x00000000d5980000,0x00000000d5b80000)
 ParOldGen       total 106496K, used 106013K [0x0000000080000000, 0x0000000086800000, 0x00000000d5580000)
  object space 106496K, 99% used [0x0000000080000000,0x0000000086787588,0x0000000086800000)
 Metaspace       used 78270K, committed 80000K, reserved 1179648K
  class space    used 8280K, committed 9088K, reserved 1048576K
}
Event: 3899.061 GC heap before
{Heap before GC invocations=1191 (full 4):
 PSYoungGen      total 3072K, used 2935K [0x00000000d5580000, 0x00000000d5d80000, 0x0000000100000000)
  eden space 1536K, 99% used [0x00000000d5580000,0x00000000d56fd4a0,0x00000000d5700000)
  from space 1536K, 91% used [0x00000000d5c00000,0x00000000d5d60800,0x00000000d5d80000)
  to   space 2048K, 0% used [0x00000000d5980000,0x00000000d5980000,0x00000000d5b80000)
 ParOldGen       total 106496K, used 106013K [0x0000000080000000, 0x0000000086800000, 0x00000000d5580000)
  object space 106496K, 99% used [0x0000000080000000,0x0000000086787588,0x0000000086800000)
 Metaspace       used 78270K, committed 80000K, reserved 1179648K
  class space    used 8280K, committed 9088K, reserved 1048576K
}
Event: 3899.067 GC heap after
{Heap after GC invocations=1191 (full 4):
 PSYoungGen      total 3072K, used 1360K [0x00000000d5580000, 0x00000000d5c80000, 0x0000000100000000)
  eden space 1536K, 0% used [0x00000000d5580000,0x00000000d5580000,0x00000000d5700000)
  from space 1536K, 88% used [0x00000000d5980000,0x00000000d5ad4000,0x00000000d5b00000)
  to   space 1536K, 0% used [0x00000000d5b00000,0x00000000d5b00000,0x00000000d5c80000)
 ParOldGen       total 107520K, used 107301K [0x0000000080000000, 0x0000000086900000, 0x00000000d5580000)
  object space 107520K, 99% used [0x0000000080000000,0x00000000868c9588,0x0000000086900000)
 Metaspace       used 78270K, committed 80000K, reserved 1179648K
  class space    used 8280K, committed 9088K, reserved 1048576K
}
Event: 3899.273 GC heap before
{Heap before GC invocations=1192 (full 4):
 PSYoungGen      total 3072K, used 2886K [0x00000000d5580000, 0x00000000d5c80000, 0x0000000100000000)
  eden space 1536K, 99% used [0x00000000d5580000,0x00000000d56fdbf8,0x00000000d5700000)
  from space 1536K, 88% used [0x00000000d5980000,0x00000000d5ad4000,0x00000000d5b00000)
  to   space 1536K, 0% used [0x00000000d5b00000,0x00000000d5b00000,0x00000000d5c80000)
 ParOldGen       total 109568K, used 108869K [0x0000000080000000, 0x0000000086b00000, 0x00000000d5580000)
  object space 109568K, 99% used [0x0000000080000000,0x0000000086a51588,0x0000000086b00000)
 Metaspace       used 78270K, committed 80000K, reserved 1179648K
  class space    used 8280K, committed 9088K, reserved 1048576K
}
Event: 3899.277 GC heap after
{Heap after GC invocations=1192 (full 4):
 PSYoungGen      total 3072K, used 1077K [0x00000000d5580000, 0x00000000d5c80000, 0x0000000100000000)
  eden space 1536K, 0% used [0x00000000d5580000,0x00000000d5580000,0x00000000d5700000)
  from space 1536K, 70% used [0x00000000d5b00000,0x00000000d5c0d510,0x00000000d5c80000)
  to   space 1536K, 0% used [0x00000000d5980000,0x00000000d5980000,0x00000000d5b00000)
 ParOldGen       total 109568K, used 109413K [0x0000000080000000, 0x0000000086b00000, 0x00000000d5580000)
  object space 109568K, 99% used [0x0000000080000000,0x0000000086ad9588,0x0000000086b00000)
 Metaspace       used 78270K, committed 80000K, reserved 1179648K
  class space    used 8280K, committed 9088K, reserved 1048576K
}
Event: 3899.282 GC heap before
{Heap before GC invocations=1193 (full 4):
 PSYoungGen      total 3072K, used 2613K [0x00000000d5580000, 0x00000000d5c80000, 0x0000000100000000)
  eden space 1536K, 100% used [0x00000000d5580000,0x00000000d5700000,0x00000000d5700000)
  from space 1536K, 70% used [0x00000000d5b00000,0x00000000d5c0d510,0x00000000d5c80000)
  to   space 1536K, 0% used [0x00000000d5980000,0x00000000d5980000,0x00000000d5b00000)
 ParOldGen       total 109568K, used 109413K [0x0000000080000000, 0x0000000086b00000, 0x00000000d5580000)
  object space 109568K, 99% used [0x0000000080000000,0x0000000086ad9588,0x0000000086b00000)
 Metaspace       used 78270K, committed 80000K, reserved 1179648K
  class space    used 8280K, committed 9088K, reserved 1048576K
}
Event: 3899.286 GC heap after
{Heap after GC invocations=1193 (full 4):
 PSYoungGen      total 3072K, used 1525K [0x00000000d5580000, 0x00000000d5d00000, 0x0000000100000000)
  eden space 1536K, 0% used [0x00000000d5580000,0x00000000d5580000,0x00000000d5700000)
  from space 1536K, 99% used [0x00000000d5980000,0x00000000d5afd510,0x00000000d5b00000)
  to   space 2048K, 0% used [0x00000000d5b00000,0x00000000d5b00000,0x00000000d5d00000)
 ParOldGen       total 110592K, used 110466K [0x0000000080000000, 0x0000000086c00000, 0x00000000d5580000)
  object space 110592K, 99% used [0x0000000080000000,0x0000000086be0a98,0x0000000086c00000)
 Metaspace       used 78270K, committed 80000K, reserved 1179648K
  class space    used 8280K, committed 9088K, reserved 1048576K
}
Event: 3899.290 GC heap before
{Heap before GC invocations=1194 (full 4):
 PSYoungGen      total 3072K, used 3061K [0x00000000d5580000, 0x00000000d5d00000, 0x0000000100000000)
  eden space 1536K, 100% used [0x00000000d5580000,0x00000000d5700000,0x00000000d5700000)
  from space 1536K, 99% used [0x00000000d5980000,0x00000000d5afd510,0x00000000d5b00000)
  to   space 2048K, 0% used [0x00000000d5b00000,0x00000000d5b00000,0x00000000d5d00000)
 ParOldGen       total 110592K, used 110466K [0x0000000080000000, 0x0000000086c00000, 0x00000000d5580000)
  object space 110592K, 99% used [0x0000000080000000,0x0000000086be0a98,0x0000000086c00000)
 Metaspace       used 78270K, committed 80000K, reserved 1179648K
  class space    used 8280K, committed 9088K, reserved 1048576K
}
Event: 3899.293 GC heap after
{Heap after GC invocations=1194 (full 4):
 PSYoungGen      total 4096K, used 1568K [0x00000000d5580000, 0x00000000d5d00000, 0x0000000100000000)
  eden space 2048K, 0% used [0x00000000d5580000,0x00000000d5580000,0x00000000d5780000)
  from space 2048K, 76% used [0x00000000d5b00000,0x00000000d5c88000,0x00000000d5d00000)
  to   space 2048K, 0% used [0x00000000d5900000,0x00000000d5900000,0x00000000d5b00000)
 ParOldGen       total 112128K, used 111983K [0x0000000080000000, 0x0000000086d80000, 0x00000000d5580000)
  object space 112128K, 99% used [0x0000000080000000,0x0000000086d5bfa8,0x0000000086d80000)
 Metaspace       used 78270K, committed 80000K, reserved 1179648K
  class space    used 8280K, committed 9088K, reserved 1048576K
}
Event: 3899.300 GC heap before
{Heap before GC invocations=1195 (full 4):
 PSYoungGen      total 4096K, used 3616K [0x00000000d5580000, 0x00000000d5d00000, 0x0000000100000000)
  eden space 2048K, 100% used [0x00000000d5580000,0x00000000d5780000,0x00000000d5780000)
  from space 2048K, 76% used [0x00000000d5b00000,0x00000000d5c88000,0x00000000d5d00000)
  to   space 2048K, 0% used [0x00000000d5900000,0x00000000d5900000,0x00000000d5b00000)
 ParOldGen       total 112128K, used 111983K [0x0000000080000000, 0x0000000086d80000, 0x00000000d5580000)
  object space 112128K, 99% used [0x0000000080000000,0x0000000086d5bfa8,0x0000000086d80000)
 Metaspace       used 78270K, committed 80000K, reserved 1179648K
  class space    used 8280K, committed 9088K, reserved 1048576K
}
Event: 3899.305 GC heap after
{Heap after GC invocations=1195 (full 4):
 PSYoungGen      total 4608K, used 2048K [0x00000000d5580000, 0x00000000d6000000, 0x0000000100000000)
  eden space 2560K, 0% used [0x00000000d5580000,0x00000000d5580000,0x00000000d5800000)
  from space 2048K, 100% used [0x00000000d5900000,0x00000000d5b00000,0x00000000d5b00000)
  to   space 4096K, 0% used [0x00000000d5c00000,0x00000000d5c00000,0x00000000d6000000)
 ParOldGen       total 113664K, used 113527K [0x0000000080000000, 0x0000000086f00000, 0x00000000d5580000)
  object space 113664K, 99% used [0x0000000080000000,0x0000000086eddfa8,0x0000000086f00000)
 Metaspace       used 78270K, committed 80000K, reserved 1179648K
  class space    used 8280K, committed 9088K, reserved 1048576K
}
Event: 3899.350 GC heap before
{Heap before GC invocations=1196 (full 4):
 PSYoungGen      total 4608K, used 4608K [0x00000000d5580000, 0x00000000d6000000, 0x0000000100000000)
  eden space 2560K, 100% used [0x00000000d5580000,0x00000000d5800000,0x00000000d5800000)
  from space 2048K, 100% used [0x00000000d5900000,0x00000000d5b00000,0x00000000d5b00000)
  to   space 4096K, 0% used [0x00000000d5c00000,0x00000000d5c00000,0x00000000d6000000)
 ParOldGen       total 113664K, used 113527K [0x0000000080000000, 0x0000000086f00000, 0x00000000d5580000)
  object space 113664K, 99% used [0x0000000080000000,0x0000000086eddfa8,0x0000000086f00000)
 Metaspace       used 78271K, committed 80000K, reserved 1179648K
  class space    used 8280K, committed 9088K, reserved 1048576K
}
Event: 3899.355 GC heap after
{Heap after GC invocations=1196 (full 4):
 PSYoungGen      total 5120K, used 1920K [0x00000000d5580000, 0x00000000d5e00000, 0x0000000100000000)
  eden space 3072K, 0% used [0x00000000d5580000,0x00000000d5580000,0x00000000d5880000)
  from space 2048K, 93% used [0x00000000d5c00000,0x00000000d5de0000,0x00000000d5e00000)
  to   space 2560K, 0% used [0x00000000d5900000,0x00000000d5900000,0x00000000d5b80000)
 ParOldGen       total 115712K, used 115551K [0x0000000080000000, 0x0000000087100000, 0x00000000d5580000)
  object space 115712K, 99% used [0x0000000080000000,0x00000000870d7fa8,0x0000000087100000)
 Metaspace       used 78271K, committed 80000K, reserved 1179648K
  class space    used 8280K, committed 9088K, reserved 1048576K
}
Event: 3901.174 GC heap before
{Heap before GC invocations=1197 (full 4):
 PSYoungGen      total 5120K, used 4991K [0x00000000d5580000, 0x00000000d5e00000, 0x0000000100000000)
  eden space 3072K, 99% used [0x00000000d5580000,0x00000000d587ffe8,0x00000000d5880000)
  from space 2048K, 93% used [0x00000000d5c00000,0x00000000d5de0000,0x00000000d5e00000)
  to   space 2560K, 0% used [0x00000000d5900000,0x00000000d5900000,0x00000000d5b80000)
 ParOldGen       total 115712K, used 115551K [0x0000000080000000, 0x0000000087100000, 0x00000000d5580000)
  object space 115712K, 99% used [0x0000000080000000,0x00000000870d7fa8,0x0000000087100000)
 Metaspace       used 78285K, committed 80000K, reserved 1179648K
  class space    used 8280K, committed 9088K, reserved 1048576K
}
Event: 3901.177 GC heap after
{Heap after GC invocations=1197 (full 4):
 PSYoungGen      total 5632K, used 240K [0x00000000d5580000, 0x00000000d5c80000, 0x0000000100000000)
  eden space 3072K, 0% used [0x00000000d5580000,0x00000000d5580000,0x00000000d5880000)
  from space 2560K, 9% used [0x00000000d5900000,0x00000000d593c010,0x00000000d5b80000)
  to   space 1024K, 0% used [0x00000000d5b80000,0x00000000d5b80000,0x00000000d5c80000)
 ParOldGen       total 117760K, used 117383K [0x0000000080000000, 0x0000000087300000, 0x00000000d5580000)
  object space 117760K, 99% used [0x0000000080000000,0x00000000872a1fa8,0x0000000087300000)
 Metaspace       used 78285K, committed 80000K, reserved 1179648K
  class space    used 8280K, committed 9088K, reserved 1048576K
}
Event: 3939.703 GC heap before
{Heap before GC invocations=1198 (full 4):
 PSYoungGen      total 5632K, used 3273K [0x00000000d5580000, 0x00000000d5c80000, 0x0000000100000000)
  eden space 3072K, 98% used [0x00000000d5580000,0x00000000d5876570,0x00000000d5880000)
  from space 2560K, 9% used [0x00000000d5900000,0x00000000d593c010,0x00000000d5b80000)
  to   space 1024K, 0% used [0x00000000d5b80000,0x00000000d5b80000,0x00000000d5c80000)
 ParOldGen       total 117760K, used 117383K [0x0000000080000000, 0x0000000087300000, 0x00000000d5580000)
  object space 117760K, 99% used [0x0000000080000000,0x00000000872a1fa8,0x0000000087300000)
 Metaspace       used 78332K, committed 80064K, reserved 1179648K
  class space    used 8285K, committed 9088K, reserved 1048576K
}
Event: 3939.811 GC heap after
{Heap after GC invocations=1198 (full 4):
 PSYoungGen      total 3584K, used 128K [0x00000000d5580000, 0x00000000d5c00000, 0x0000000100000000)
  eden space 3072K, 0% used [0x00000000d5580000,0x00000000d5580000,0x00000000d5880000)
  from space 512K, 25% used [0x00000000d5b80000,0x00000000d5ba0000,0x00000000d5c00000)
  to   space 512K, 0% used [0x00000000d5b00000,0x00000000d5b00000,0x00000000d5b80000)
 ParOldGen       total 117760K, used 117423K [0x0000000080000000, 0x0000000087300000, 0x00000000d5580000)
  object space 117760K, 99% used [0x0000000080000000,0x00000000872abfa8,0x0000000087300000)
 Metaspace       used 78332K, committed 80064K, reserved 1179648K
  class space    used 8285K, committed 9088K, reserved 1048576K
}
Event: 3940.002 GC heap before
{Heap before GC invocations=1199 (full 4):
 PSYoungGen      total 3584K, used 3200K [0x00000000d5580000, 0x00000000d5c00000, 0x0000000100000000)
  eden space 3072K, 100% used [0x00000000d5580000,0x00000000d5880000,0x00000000d5880000)
  from space 512K, 25% used [0x00000000d5b80000,0x00000000d5ba0000,0x00000000d5c00000)
  to   space 512K, 0% used [0x00000000d5b00000,0x00000000d5b00000,0x00000000d5b80000)
 ParOldGen       total 117760K, used 117423K [0x0000000080000000, 0x0000000087300000, 0x00000000d5580000)
  object space 117760K, 99% used [0x0000000080000000,0x00000000872abfa8,0x0000000087300000)
 Metaspace       used 78339K, committed 80064K, reserved 1179648K
  class space    used 8287K, committed 9088K, reserved 1048576K
}
Event: 3940.005 GC heap after
{Heap after GC invocations=1199 (full 4):
 PSYoungGen      total 3584K, used 128K [0x00000000d5580000, 0x00000000d5c00000, 0x0000000100000000)
  eden space 3072K, 0% used [0x00000000d5580000,0x00000000d5580000,0x00000000d5880000)
  from space 512K, 25% used [0x00000000d5b00000,0x00000000d5b20000,0x00000000d5b80000)
  to   space 512K, 0% used [0x00000000d5b80000,0x00000000d5b80000,0x00000000d5c00000)
 ParOldGen       total 117760K, used 117455K [0x0000000080000000, 0x0000000087300000, 0x00000000d5580000)
  object space 117760K, 99% used [0x0000000080000000,0x00000000872b3fa8,0x0000000087300000)
 Metaspace       used 78339K, committed 80064K, reserved 1179648K
  class space    used 8287K, committed 9088K, reserved 1048576K
}

Dll operation events (14 events):
Event: 0.048 Loaded shared library c:\Users\Indhu\.vscode\extensions\redhat.java-1.54.0-win32-x64\jre\21.0.10-win32-x86_64\bin\java.dll
Event: 0.807 Loaded shared library c:\Users\Indhu\.vscode\extensions\redhat.java-1.54.0-win32-x64\jre\21.0.10-win32-x86_64\bin\zip.dll
Event: 0.880 Loaded shared library C:\Users\Indhu\.vscode\extensions\redhat.java-1.54.0-win32-x64\jre\21.0.10-win32-x86_64\bin\instrument.dll
Event: 0.891 Loaded shared library C:\Users\Indhu\.vscode\extensions\redhat.java-1.54.0-win32-x64\jre\21.0.10-win32-x86_64\bin\net.dll
Event: 0.898 Loaded shared library C:\Users\Indhu\.vscode\extensions\redhat.java-1.54.0-win32-x64\jre\21.0.10-win32-x86_64\bin\nio.dll
Event: 0.928 Loaded shared library C:\Users\Indhu\.vscode\extensions\redhat.java-1.54.0-win32-x64\jre\21.0.10-win32-x86_64\bin\zip.dll
Event: 1.132 Loaded shared library C:\Users\Indhu\.vscode\extensions\redhat.java-1.54.0-win32-x64\jre\21.0.10-win32-x86_64\bin\jimage.dll
Event: 2.602 Loaded shared library c:\Users\Indhu\.vscode\extensions\redhat.java-1.54.0-win32-x64\jre\21.0.10-win32-x86_64\bin\verify.dll
Event: 9.230 Loaded shared library C:\Users\Indhu\AppData\Roaming\Code\User\globalStorage\redhat.java\1.54.0\config_win\org.eclipse.equinox.launcher\org.eclipse.equinox.launcher.win32.win32.x86_64_1.3.0.v20260203-2149\eclipse_11919.dll
Event: 17.390 Loaded shared library C:\Users\Indhu\.vscode\extensions\redhat.java-1.54.0-win32-x64\jre\21.0.10-win32-x86_64\bin\management.dll
Event: 17.400 Loaded shared library C:\Users\Indhu\.vscode\extensions\redhat.java-1.54.0-win32-x64\jre\21.0.10-win32-x86_64\bin\management_ext.dll
Event: 30.571 Loaded shared library C:\Users\Indhu\AppData\Local\Temp\jna-70793484\jna13117845493630227530.dll
Event: 33.291 Loaded shared library C:\Users\Indhu\.vscode\extensions\redhat.java-1.54.0-win32-x64\jre\21.0.10-win32-x86_64\bin\sunmscapi.dll
Event: 33.715 Loaded shared library C:\Users\Indhu\.vscode\extensions\redhat.java-1.54.0-win32-x64\jre\21.0.10-win32-x86_64\bin\extnet.dll

Deoptimization events (20 events):
Event: 3940.855 Thread 0x00000249e5bf0610 Uncommon trap: trap_request=0xfffffff4 fr.pc=0x00000249d178b5e8 relative=0x00000000000011c8
Event: 3940.857 Thread 0x00000249e5bf0610 Uncommon trap: reason=null_check action=make_not_entrant pc=0x00000249d178b5e8 method=org.apache.aries.spifly.BaseActivator.getWeavingData(Lorg/osgi/framework/Bundle;)Ljava/util/Set; @ 10 c2
Event: 3940.857 Thread 0x00000249e5bf0610 DEOPT PACKING pc=0x00000249d178b5e8 sp=0x000000a9175fd5f0
Event: 3940.857 Thread 0x00000249e5bf0610 DEOPT UNPACKING pc=0x00000249d1006da2 sp=0x000000a9175fd3c8 mode 2
Event: 3940.951 Thread 0x00000249e5bf0610 Uncommon trap: trap_request=0xffffffde fr.pc=0x00000249d159d450 relative=0x0000000000000290
Event: 3940.951 Thread 0x00000249e5bf0610 Uncommon trap: reason=class_check action=maybe_recompile pc=0x00000249d159d450 method=java.util.Comparator.lambda$comparing$77a9974f$1(Ljava/util/function/Function;Ljava/lang/Object;Ljava/lang/Object;)I @ 7 c2
Event: 3940.951 Thread 0x00000249e5bf0610 DEOPT PACKING pc=0x00000249d159d450 sp=0x000000a9175fcae0
Event: 3940.951 Thread 0x00000249e5bf0610 DEOPT UNPACKING pc=0x00000249d1006da2 sp=0x000000a9175fca10 mode 2
Event: 3940.951 Thread 0x00000249e5bf0610 Uncommon trap: trap_request=0xffffffde fr.pc=0x00000249d159d450 relative=0x0000000000000290
Event: 3940.951 Thread 0x00000249e5bf0610 Uncommon trap: reason=class_check action=maybe_recompile pc=0x00000249d159d450 method=java.util.Comparator.lambda$comparing$77a9974f$1(Ljava/util/function/Function;Ljava/lang/Object;Ljava/lang/Object;)I @ 7 c2
Event: 3940.951 Thread 0x00000249e5bf0610 DEOPT PACKING pc=0x00000249d159d450 sp=0x000000a9175fcb70
Event: 3940.951 Thread 0x00000249e5bf0610 DEOPT UNPACKING pc=0x00000249d1006da2 sp=0x000000a9175fcaa0 mode 2
Event: 3940.954 Thread 0x00000249e5bf0610 Uncommon trap: trap_request=0xffffffde fr.pc=0x00000249d159d450 relative=0x0000000000000290
Event: 3940.954 Thread 0x00000249e5bf0610 Uncommon trap: reason=class_check action=maybe_recompile pc=0x00000249d159d450 method=java.util.Comparator.lambda$comparing$77a9974f$1(Ljava/util/function/Function;Ljava/lang/Object;Ljava/lang/Object;)I @ 7 c2
Event: 3940.954 Thread 0x00000249e5bf0610 DEOPT PACKING pc=0x00000249d159d450 sp=0x000000a9175fcb70
Event: 3940.954 Thread 0x00000249e5bf0610 DEOPT UNPACKING pc=0x00000249d1006da2 sp=0x000000a9175fcaa0 mode 2
Event: 3941.049 Thread 0x00000249e5bf0610 Uncommon trap: trap_request=0xfffffff4 fr.pc=0x00000249d20cbce0 relative=0x0000000000000300
Event: 3941.049 Thread 0x00000249e5bf0610 Uncommon trap: reason=null_check action=make_not_entrant pc=0x00000249d20cbce0 method=java.lang.Class.reflectionData()Ljava/lang/Class$ReflectionData; @ 18 c2
Event: 3941.049 Thread 0x00000249e5bf0610 DEOPT PACKING pc=0x00000249d20cbce0 sp=0x000000a9175fc840
Event: 3941.049 Thread 0x00000249e5bf0610 DEOPT UNPACKING pc=0x00000249d1006da2 sp=0x000000a9175fc768 mode 2

Classes loaded (20 events):
Event: 3072.048 Loading class jdk/internal/ref/CleanerImpl$InnocuousThreadFactory
Event: 3072.074 Loading class jdk/internal/ref/CleanerImpl$InnocuousThreadFactory done
Event: 3862.694 Loading class org/xml/sax/SAXNotRecognizedException
Event: 3862.698 Loading class org/xml/sax/SAXNotRecognizedException done
Event: 3862.705 Loading class org/xml/sax/SAXNotSupportedException
Event: 3862.708 Loading class org/xml/sax/SAXNotSupportedException done
Event: 3862.841 Loading class com/sun/org/apache/xerces/internal/util/URI
Event: 3862.884 Loading class com/sun/org/apache/xerces/internal/util/URI done
Event: 3862.923 Loading class com/sun/org/apache/xerces/internal/xni/XNIException
Event: 3862.927 Loading class com/sun/org/apache/xerces/internal/xni/XNIException done
Event: 3863.364 Loading class com/sun/org/apache/xerces/internal/xni/parser/XMLParseException
Event: 3863.374 Loading class com/sun/org/apache/xerces/internal/xni/parser/XMLParseException done
Event: 3939.919 Loading class java/util/concurrent/ConcurrentHashMap$EntrySpliterator
Event: 3939.935 Loading class java/util/concurrent/ConcurrentHashMap$EntrySpliterator done
Event: 3940.030 Loading class java/util/zip/Deflater
Event: 3940.064 Loading class java/util/zip/Deflater done
Event: 3940.077 Loading class java/util/zip/Deflater$DeflaterZStreamRef
Event: 3940.081 Loading class java/util/zip/Deflater$DeflaterZStreamRef done
Event: 3940.291 Loading class java/util/Collections$EmptyListIterator
Event: 3940.296 Loading class java/util/Collections$EmptyListIterator done

Classes unloaded (20 events):
Event: 3893.546 Thread 0x00000249c676f8b0 Unloading class 0x0000024981018000 'java/lang/invoke/LambdaForm$MH+0x0000024981018000'
Event: 3893.546 Thread 0x00000249c676f8b0 Unloading class 0x0000024981017400 'java/lang/invoke/LambdaForm$MH+0x0000024981017400'
Event: 3893.546 Thread 0x00000249c676f8b0 Unloading class 0x0000024981016400 'java/lang/invoke/LambdaForm$MH+0x0000024981016400'
Event: 3893.546 Thread 0x00000249c676f8b0 Unloading class 0x000002498100d800 'java/lang/invoke/LambdaForm$MH+0x000002498100d800'
Event: 3893.547 Thread 0x00000249c676f8b0 Unloading class 0x000002498100d400 'java/lang/invoke/LambdaForm$MH+0x000002498100d400'
Event: 3893.547 Thread 0x00000249c676f8b0 Unloading class 0x000002498100d000 'java/lang/invoke/LambdaForm$MH+0x000002498100d000'
Event: 3893.547 Thread 0x00000249c676f8b0 Unloading class 0x000002498100cc00 'java/lang/invoke/LambdaForm$MH+0x000002498100cc00'
Event: 3893.547 Thread 0x00000249c676f8b0 Unloading class 0x000002498100c800 'java/lang/invoke/LambdaForm$BMH+0x000002498100c800'
Event: 3893.547 Thread 0x00000249c676f8b0 Unloading class 0x000002498100c000 'java/lang/invoke/LambdaForm$DMH+0x000002498100c000'
Event: 3893.547 Thread 0x00000249c676f8b0 Unloading class 0x0000024981008c00 'java/lang/invoke/LambdaForm$MH+0x0000024981008c00'
Event: 3893.547 Thread 0x00000249c676f8b0 Unloading class 0x0000024981008800 'java/lang/invoke/LambdaForm$MH+0x0000024981008800'
Event: 3893.547 Thread 0x00000249c676f8b0 Unloading class 0x0000024981008400 'java/lang/invoke/LambdaForm$MH+0x0000024981008400'
Event: 3893.547 Thread 0x00000249c676f8b0 Unloading class 0x0000024981007000 'java/lang/invoke/LambdaForm$MH+0x0000024981007000'
Event: 3893.547 Thread 0x00000249c676f8b0 Unloading class 0x0000024981006800 'java/lang/invoke/LambdaForm$MH+0x0000024981006800'
Event: 3893.547 Thread 0x00000249c676f8b0 Unloading class 0x0000024981006400 'java/lang/invoke/LambdaForm$MH+0x0000024981006400'
Event: 3893.547 Thread 0x00000249c676f8b0 Unloading class 0x0000024981006000 'java/lang/invoke/LambdaForm$MH+0x0000024981006000'
Event: 3893.547 Thread 0x00000249c676f8b0 Unloading class 0x0000024981005c00 'java/lang/invoke/LambdaForm$BMH+0x0000024981005c00'
Event: 3893.547 Thread 0x00000249c676f8b0 Unloading class 0x0000024981004800 'java/lang/invoke/LambdaForm$DMH+0x0000024981004800'
Event: 3893.547 Thread 0x00000249c676f8b0 Unloading class 0x0000024981002400 'java/lang/invoke/LambdaForm$MH+0x0000024981002400'
Event: 3893.547 Thread 0x00000249c676f8b0 Unloading class 0x0000024981002000 'java/lang/invoke/LambdaForm$MH+0x0000024981002000'

Classes redefined (0 events):
No events

Internal exceptions (20 events):
Event: 3882.269 Thread 0x00000249e2dd31f0 Exception <a 'sun/nio/fs/WindowsException'{0x00000000d5780e48}> (0x00000000d5780e48) 
thrown [s\src\hotspot\share\prims\jni.cpp, line 520]
Event: 3884.639 Thread 0x00000249e5bed190 Exception <a 'java/lang/ArrayIndexOutOfBoundsException'{0x00000000d56305a0}> (0x00000000d56305a0) 
thrown [s\src\hotspot\share\runtime\sharedRuntime.cpp, line 625]
Event: 3895.909 Thread 0x00000249e3b58780 Exception <a 'java/lang/ArrayIndexOutOfBoundsException'{0x00000000d5a01c18}> (0x00000000d5a01c18) 
thrown [s\src\hotspot\share\runtime\sharedRuntime.cpp, line 625]
Event: 3895.910 Thread 0x00000249e3b58780 Exception <a 'java/lang/ArrayIndexOutOfBoundsException'{0x00000000d5a02250}> (0x00000000d5a02250) 
thrown [s\src\hotspot\share\runtime\sharedRuntime.cpp, line 625]
Event: 3895.910 Thread 0x00000249e3b58780 Exception <a 'java/lang/ArrayIndexOutOfBoundsException'{0x00000000d5a025d8}> (0x00000000d5a025d8) 
thrown [s\src\hotspot\share\runtime\sharedRuntime.cpp, line 625]
Event: 3896.360 Thread 0x00000249e2dd31f0 Exception <a 'sun/nio/fs/WindowsException'{0x00000000d59c5418}> (0x00000000d59c5418) 
thrown [s\src\hotspot\share\prims\jni.cpp, line 520]
Event: 3896.740 Thread 0x00000249e2dd31f0 Exception <a 'sun/nio/fs/WindowsException'{0x00000000d572c680}> (0x00000000d572c680) 
thrown [s\src\hotspot\share\prims\jni.cpp, line 520]
Event: 3896.758 Thread 0x00000249e5bea3a0 Exception <a 'java/lang/ArrayIndexOutOfBoundsException'{0x00000000d5873df8}: Index 235 out of bounds for length 234> (0x00000000d5873df8) 
thrown [s\src\hotspot\share\interpreter\interpreterRuntime.cpp, line 439]
Event: 3896.852 Thread 0x00000249e5bea3a0 Exception <a 'java/lang/NoSuchMethodError'{0x00000000d56ece18}: 'java.lang.Object java.lang.invoke.DirectMethodHandle$Holder.newInvokeSpecial(java.lang.Object, java.lang.Object, int, java.lang.Object, java.lang.Object, java.lang.Object, java.lang.Object)'> (0x00000000d56ece18) 
thrown [s\src\hotspot\share\interpreter\linkResolver.cpp, line 773]
Event: 3897.869 Thread 0x00000249e3b58780 Exception <a 'java/lang/ArrayIndexOutOfBoundsException'{0x00000000d58591b0}> (0x00000000d58591b0) 
thrown [s\src\hotspot\share\runtime\sharedRuntime.cpp, line 625]
Event: 3897.869 Thread 0x00000249e3b58780 Exception <a 'java/lang/ArrayIndexOutOfBoundsException'{0x00000000d5859a88}> (0x00000000d5859a88) 
thrown [s\src\hotspot\share\runtime\sharedRuntime.cpp, line 625]
Event: 3897.869 Thread 0x00000249e3b58780 Exception <a 'java/lang/ArrayIndexOutOfBoundsException'{0x00000000d5859e10}> (0x00000000d5859e10) 
thrown [s\src\hotspot\share\runtime\sharedRuntime.cpp, line 625]
Event: 3898.672 Thread 0x00000249e2dd31f0 Exception <a 'sun/nio/fs/WindowsException'{0x00000000d581dda0}> (0x00000000d581dda0) 
thrown [s\src\hotspot\share\prims\jni.cpp, line 520]
Event: 3899.343 Thread 0x00000249e2dd31f0 Exception <a 'sun/nio/fs/WindowsException'{0x00000000d57ed9d0}> (0x00000000d57ed9d0) 
thrown [s\src\hotspot\share\prims\jni.cpp, line 520]
Event: 3939.551 Thread 0x00000249e2dd2b60 Exception <a 'sun/nio/fs/WindowsException'{0x00000000d5690c78}> (0x00000000d5690c78) 
thrown [s\src\hotspot\share\prims\jni.cpp, line 520]
Event: 3939.553 Thread 0x00000249e2dd2b60 Exception <a 'sun/nio/fs/WindowsException'{0x00000000d56917e0}> (0x00000000d56917e0) 
thrown [s\src\hotspot\share\prims\jni.cpp, line 520]
Event: 3940.325 Thread 0x00000249e2dd2b60 Implicit null exception at 0x00000249d2131f39 to 0x00000249d2132160
Event: 3940.333 Thread 0x00000249e2dd2b60 Implicit null exception at 0x00000249d15b628e to 0x00000249d15b6335
Event: 3940.401 Thread 0x00000249e2dd2b60 Exception <a 'java/lang/NoSuchMethodError'{0x00000000d562bb60}: 'java.lang.Object java.lang.invoke.DirectMethodHandle$Holder.newInvokeSpecial(java.lang.Object, java.lang.Object, java.lang.Object, java.lang.Object, java.lang.Object, java.lang.Object, java.lang.Object, java.lang.Object, java.lang.Object, java.lang.Object)'> (0x00000000d562bb60) 
thrown [s\src\hotspot\share\interpreter\linkResolver.cpp, line 773]
Event: 3941.049 Thread 0x00000249e5bf0610 Implicit null exception at 0x00000249d20cba39 to 0x00000249d20cbcc1

ZGC Phase Switch (0 events):
No events

VM Operations (20 events):
Event: 3899.300 Executing safepoint VM operation: ParallelGCFailedAllocation (Allocation Failure)
Event: 3899.305 Executing safepoint VM operation: ParallelGCFailedAllocation (Allocation Failure) done
Event: 3899.350 Executing safepoint VM operation: ParallelGCFailedAllocation (Allocation Failure)
Event: 3899.355 Executing safepoint VM operation: ParallelGCFailedAllocation (Allocation Failure) done
Event: 3901.174 Executing safepoint VM operation: ParallelGCFailedAllocation (Allocation Failure)
Event: 3901.178 Executing safepoint VM operation: ParallelGCFailedAllocation (Allocation Failure) done
Event: 3902.181 Executing safepoint VM operation: Cleanup
Event: 3902.181 Executing safepoint VM operation: Cleanup done
Event: 3937.462 Executing safepoint VM operation: Cleanup
Event: 3937.509 Executing safepoint VM operation: Cleanup done
Event: 3939.703 Executing safepoint VM operation: ParallelGCFailedAllocation (Allocation Failure)
Event: 3939.811 Executing safepoint VM operation: ParallelGCFailedAllocation (Allocation Failure) done
Event: 3940.002 Executing safepoint VM operation: ParallelGCFailedAllocation (Allocation Failure)
Event: 3940.005 Executing safepoint VM operation: ParallelGCFailedAllocation (Allocation Failure) done
Event: 3941.012 Executing safepoint VM operation: Cleanup
Event: 3941.013 Executing safepoint VM operation: Cleanup done
Event: 3942.023 Executing safepoint VM operation: Cleanup
Event: 3942.085 Executing safepoint VM operation: Cleanup done
Event: 3943.086 Executing safepoint VM operation: Cleanup
Event: 3943.087 Executing safepoint VM operation: Cleanup done

Memory protections (0 events):
No events

Nmethod flushes (20 events):
Event: 3894.741 Thread 0x00000249c676f8b0 flushing  nmethod 0x00000249cadccd90
Event: 3894.741 Thread 0x00000249c676f8b0 flushing  nmethod 0x00000249cadcdd10
Event: 3894.741 Thread 0x00000249c676f8b0 flushing  nmethod 0x00000249cadce510
Event: 3894.741 Thread 0x00000249c676f8b0 flushing  nmethod 0x00000249cadcfc90
Event: 3894.741 Thread 0x00000249c676f8b0 flushing  nmethod 0x00000249cadd0a90
Event: 3894.741 Thread 0x00000249c676f8b0 flushing  nmethod 0x00000249cadd1190
Event: 3894.741 Thread 0x00000249c676f8b0 flushing  nmethod 0x00000249cadd2310
Event: 3894.741 Thread 0x00000249c676f8b0 flushing  nmethod 0x00000249cadd2790
Event: 3894.741 Thread 0x00000249c676f8b0 flushing  nmethod 0x00000249cadd2c90
Event: 3894.741 Thread 0x00000249c676f8b0 flushing  nmethod 0x00000249cadd4590
Event: 3894.741 Thread 0x00000249c676f8b0 flushing  nmethod 0x00000249caddc290
Event: 3894.742 Thread 0x00000249c676f8b0 flushing  nmethod 0x00000249cadf4e90
Event: 3894.742 Thread 0x00000249c676f8b0 flushing  nmethod 0x00000249cadf8390
Event: 3894.742 Thread 0x00000249c676f8b0 flushing  nmethod 0x00000249cadfa510
Event: 3894.742 Thread 0x00000249c676f8b0 flushing  nmethod 0x00000249cadfc190
Event: 3894.742 Thread 0x00000249c676f8b0 flushing  nmethod 0x00000249cadfcf90
Event: 3894.742 Thread 0x00000249c676f8b0 flushing  nmethod 0x00000249cadff710
Event: 3894.742 Thread 0x00000249c676f8b0 flushing  nmethod 0x00000249cae0a010
Event: 3894.742 Thread 0x00000249c676f8b0 flushing  nmethod 0x00000249cae14010
Event: 3894.742 Thread 0x00000249c676f8b0 flushing  nmethod 0x00000249cae18c90

Events (20 events):
Event: 3268.275 Thread 0x00000249e477be60 Thread exited: 0x00000249e477be60
Event: 3312.670 Thread 0x00000249e477e5c0 Thread exited: 0x00000249e477e5c0
Event: 3850.702 Thread 0x00000249e3b58780 Thread added: 0x00000249e5be8ff0
Event: 3851.022 Thread 0x00000249e3b58780 Thread added: 0x00000249e5bed190
Event: 3854.404 Thread 0x00000249e5bed190 Thread added: 0x00000249e5bea3a0
Event: 3863.373 Thread 0x00000249e2dd2b60 Thread added: 0x00000249e5be9d10
Event: 3865.148 Thread 0x00000249e5be9d10 Thread added: 0x00000249e5bed820
Event: 3865.278 Thread 0x00000249e5becb00 Thread added: 0x00000249e5bedeb0
Event: 3865.394 Thread 0x00000249e5bed820 Thread added: 0x00000249e5beb0c0
Event: 3865.585 Thread 0x00000249e5becb00 Thread added: 0x00000249e5beaa30
Event: 3865.652 Thread 0x00000249e5becb00 Thread added: 0x00000249e5bef8f0
Event: 3882.045 Thread 0x00000249e5be9d10 Thread added: 0x00000249e5beebd0
Event: 3938.166 Thread 0x00000249e3b573d0 Thread added: 0x00000249e5bef260
Event: 3939.483 Thread 0x00000249e2dd2b60 Thread added: 0x00000249e5bf0610
Event: 3939.497 Thread 0x00000249e5bf0610 Thread exited: 0x00000249e5bf0610
Event: 3940.020 Thread 0x00000249e2dd2b60 Thread added: 0x00000249e5bf0610
Event: 3940.149 Thread 0x00000249e5bf0610 Thread exited: 0x00000249e5bf0610
Event: 3940.451 Thread 0x00000249e2dd2b60 Thread added: 0x00000249e5bf0610
Event: 3940.469 Thread 0x00000249e5bf0610 Thread exited: 0x00000249e5bf0610
Event: 3940.620 Thread 0x00000249c6885620 Thread added: 0x00000249e5bf0610


Dynamic libraries:
0x00007ff7b5460000 - 0x00007ff7b546e000 	c:\Users\Indhu\.vscode\extensions\redhat.java-1.54.0-win32-x64\jre\21.0.10-win32-x86_64\bin\java.exe
0x00007fff78840000 - 0x00007fff78aa6000 	C:\WINDOWS\SYSTEM32\ntdll.dll
0x00007fff3c5f0000 - 0x00007fff3c611000 	C:\Program Files\Avast Software\Avast\aswhook.dll
0x00007fff77d60000 - 0x00007fff77e29000 	C:\WINDOWS\System32\KERNEL32.DLL
0x00007fff75ef0000 - 0x00007fff762ea000 	C:\WINDOWS\System32\KERNELBASE.dll
0x00007fff762f0000 - 0x00007fff7643c000 	C:\WINDOWS\System32\ucrtbase.dll
0x00007fff60230000 - 0x00007fff60248000 	c:\Users\Indhu\.vscode\extensions\redhat.java-1.54.0-win32-x64\jre\21.0.10-win32-x86_64\bin\jli.dll
0x00007fff77f30000 - 0x00007fff780f7000 	C:\WINDOWS\System32\USER32.dll
0x00007fff75ec0000 - 0x00007fff75ee7000 	C:\WINDOWS\System32\win32u.dll
0x00007fff78690000 - 0x00007fff786bb000 	C:\WINDOWS\System32\GDI32.dll
0x00007fff75ad0000 - 0x00007fff75bfb000 	C:\WINDOWS\System32\gdi32full.dll
0x00007fff75c90000 - 0x00007fff75d33000 	C:\WINDOWS\System32\msvcp_win.dll
0x00007fff52e70000 - 0x00007fff52e8e000 	c:\Users\Indhu\.vscode\extensions\redhat.java-1.54.0-win32-x64\jre\21.0.10-win32-x86_64\bin\VCRUNTIME140.dll
0x00007fff61090000 - 0x00007fff61322000 	C:\WINDOWS\WinSxS\amd64_microsoft.windows.common-controls_6595b64144ccf1df_6.0.26100.8521_none_3e08b75ce33403b3\COMCTL32.dll
0x00007fff77e30000 - 0x00007fff77ed9000 	C:\WINDOWS\System32\msvcrt.dll
0x00007fff765b0000 - 0x00007fff765e2000 	C:\WINDOWS\System32\IMM32.DLL
0x00007fff65e00000 - 0x00007fff65e0c000 	c:\Users\Indhu\.vscode\extensions\redhat.java-1.54.0-win32-x64\jre\21.0.10-win32-x86_64\bin\vcruntime140_1.dll
0x00007fff33230000 - 0x00007fff332bd000 	c:\Users\Indhu\.vscode\extensions\redhat.java-1.54.0-win32-x64\jre\21.0.10-win32-x86_64\bin\msvcp140.dll
0x00007fff11740000 - 0x00007fff124e1000 	c:\Users\Indhu\.vscode\extensions\redhat.java-1.54.0-win32-x64\jre\21.0.10-win32-x86_64\bin\server\jvm.dll
0x00007fff78740000 - 0x00007fff787f6000 	C:\WINDOWS\System32\ADVAPI32.dll
0x00007fff77b70000 - 0x00007fff77c1a000 	C:\WINDOWS\System32\sechost.dll
0x00007fff77a50000 - 0x00007fff77b68000 	C:\WINDOWS\System32\RPCRT4.dll
0x00007fff785f0000 - 0x00007fff78670000 	C:\WINDOWS\System32\WS2_32.dll
0x00007fff75950000 - 0x00007fff759ae000 	C:\WINDOWS\SYSTEM32\POWRPROF.dll
0x00007fff6ebd0000 - 0x00007fff6ec06000 	C:\WINDOWS\SYSTEM32\WINMM.dll
0x00007fff66610000 - 0x00007fff6661b000 	C:\WINDOWS\SYSTEM32\VERSION.dll
0x00007fff75930000 - 0x00007fff75944000 	C:\WINDOWS\SYSTEM32\UMPDC.dll
0x00007fff74860000 - 0x00007fff7487b000 	C:\WINDOWS\SYSTEM32\kernel.appcore.dll
0x00007fff65c10000 - 0x00007fff65c1a000 	c:\Users\Indhu\.vscode\extensions\redhat.java-1.54.0-win32-x64\jre\21.0.10-win32-x86_64\bin\jimage.dll
0x00007fff73200000 - 0x00007fff73442000 	C:\WINDOWS\SYSTEM32\DBGHELP.DLL
0x00007fff765f0000 - 0x00007fff76973000 	C:\WINDOWS\System32\combase.dll
0x00007fff76d70000 - 0x00007fff76e49000 	C:\WINDOWS\System32\OLEAUT32.dll
0x00007fff66550000 - 0x00007fff6658b000 	C:\WINDOWS\SYSTEM32\dbgcore.DLL
0x00007fff76500000 - 0x00007fff765a8000 	C:\WINDOWS\System32\bcryptPrimitives.dll
0x00007fff64fe0000 - 0x00007fff64fef000 	c:\Users\Indhu\.vscode\extensions\redhat.java-1.54.0-win32-x64\jre\21.0.10-win32-x86_64\bin\instrument.dll
0x00007fff46530000 - 0x00007fff46550000 	c:\Users\Indhu\.vscode\extensions\redhat.java-1.54.0-win32-x64\jre\21.0.10-win32-x86_64\bin\java.dll
0x00007fff76e70000 - 0x00007fff775f4000 	C:\WINDOWS\System32\SHELL32.dll
0x00007fff736d0000 - 0x00007fff73f50000 	C:\WINDOWS\SYSTEM32\windows.storage.dll
0x00007fff77c30000 - 0x00007fff77d26000 	C:\WINDOWS\System32\SHCORE.dll
0x00007fff786c0000 - 0x00007fff78727000 	C:\WINDOWS\System32\shlwapi.dll
0x00007fff759f0000 - 0x00007fff75a19000 	C:\WINDOWS\SYSTEM32\profapi.dll
0x00007fff3c900000 - 0x00007fff3c918000 	c:\Users\Indhu\.vscode\extensions\redhat.java-1.54.0-win32-x64\jre\21.0.10-win32-x86_64\bin\zip.dll
0x00007fff64ed0000 - 0x00007fff64ee0000 	C:\Users\Indhu\.vscode\extensions\redhat.java-1.54.0-win32-x64\jre\21.0.10-win32-x86_64\bin\net.dll
0x00007fff67a50000 - 0x00007fff67b79000 	C:\WINDOWS\SYSTEM32\WINHTTP.dll
0x00007fff74dd0000 - 0x00007fff74e3c000 	C:\WINDOWS\system32\mswsock.dll
0x00007fff3c430000 - 0x00007fff3c446000 	C:\Users\Indhu\.vscode\extensions\redhat.java-1.54.0-win32-x64\jre\21.0.10-win32-x86_64\bin\nio.dll
0x00007fff60aa0000 - 0x00007fff60ab0000 	c:\Users\Indhu\.vscode\extensions\redhat.java-1.54.0-win32-x64\jre\21.0.10-win32-x86_64\bin\verify.dll
0x00007fff331e0000 - 0x00007fff33225000 	C:\Users\Indhu\AppData\Roaming\Code\User\globalStorage\redhat.java\1.54.0\config_win\org.eclipse.equinox.launcher\org.eclipse.equinox.launcher.win32.win32.x86_64_1.3.0.v20260203-2149\eclipse_11919.dll
0x00007fff77600000 - 0x00007fff77798000 	C:\WINDOWS\System32\ole32.dll
0x00007fff60220000 - 0x00007fff6022a000 	C:\Users\Indhu\.vscode\extensions\redhat.java-1.54.0-win32-x64\jre\21.0.10-win32-x86_64\bin\management.dll
0x00007fff5fc50000 - 0x00007fff5fc5c000 	C:\Users\Indhu\.vscode\extensions\redhat.java-1.54.0-win32-x64\jre\21.0.10-win32-x86_64\bin\management_ext.dll
0x00007fff777a0000 - 0x00007fff777a8000 	C:\WINDOWS\System32\PSAPI.DLL
0x00007fff750c0000 - 0x00007fff750db000 	C:\WINDOWS\SYSTEM32\CRYPTSP.dll
0x00007fff747c0000 - 0x00007fff747f9000 	C:\WINDOWS\system32\rsaenh.dll
0x00007fff74e80000 - 0x00007fff74eb3000 	C:\WINDOWS\SYSTEM32\USERENV.dll
0x00007fff759c0000 - 0x00007fff759ea000 	C:\WINDOWS\SYSTEM32\bcrypt.dll
0x00007fff750b0000 - 0x00007fff750bc000 	C:\WINDOWS\SYSTEM32\CRYPTBASE.dll
0x00007fff742b0000 - 0x00007fff742e3000 	C:\WINDOWS\SYSTEM32\IPHLPAPI.DLL
0x00007fff77c20000 - 0x00007fff77c2a000 	C:\WINDOWS\System32\NSI.dll
0x00007fff4c500000 - 0x00007fff4c549000 	C:\Users\Indhu\AppData\Local\Temp\jna-70793484\jna13117845493630227530.dll
0x00007fff67a30000 - 0x00007fff67a4d000 	C:\WINDOWS\SYSTEM32\dhcpcsvc6.DLL
0x00007fff67a00000 - 0x00007fff67a25000 	C:\WINDOWS\SYSTEM32\dhcpcsvc.DLL
0x00007fff6f1f0000 - 0x00007fff6f1fe000 	C:\Users\Indhu\.vscode\extensions\redhat.java-1.54.0-win32-x64\jre\21.0.10-win32-x86_64\bin\sunmscapi.dll
0x00007fff75d40000 - 0x00007fff75eb8000 	C:\WINDOWS\System32\CRYPT32.dll
0x00007fff75250000 - 0x00007fff75280000 	C:\WINDOWS\SYSTEM32\ncrypt.dll
0x00007fff75200000 - 0x00007fff7523f000 	C:\WINDOWS\SYSTEM32\NTASN1.dll
0x00007fff74350000 - 0x00007fff7449a000 	C:\WINDOWS\SYSTEM32\DNSAPI.dll
0x00007fff74bf0000 - 0x00007fff74bfd000 	C:\WINDOWS\SYSTEM32\DSPARSE.dll
0x00007fff60bf0000 - 0x00007fff60bfb000 	C:\Windows\System32\rasadhlp.dll
0x00007fff65b10000 - 0x00007fff65b96000 	C:\WINDOWS\System32\fwpuclnt.dll
0x00007fff5a490000 - 0x00007fff5a499000 	C:\Users\Indhu\.vscode\extensions\redhat.java-1.54.0-win32-x64\jre\21.0.10-win32-x86_64\bin\extnet.dll

JVMTI agents:
c:\Users\Indhu\.vscode\extensions\redhat.java-1.54.0-win32-x64\lombok\lombok-1.18.39-4050.jar path:c:\Users\Indhu\.vscode\extensions\redhat.java-1.54.0-win32-x64\jre\21.0.10-win32-x86_64\bin\instrument.dll, loaded, initialized, instrumentlib options:none

dbghelp: loaded successfully - version: 4.0.5 - missing functions: none
symbol engine: initialized successfully - sym options: 0x614 - pdb path: .;c:\Users\Indhu\.vscode\extensions\redhat.java-1.54.0-win32-x64\jre\21.0.10-win32-x86_64\bin;C:\WINDOWS\SYSTEM32;C:\Program Files\Avast Software\Avast;C:\WINDOWS\WinSxS\amd64_microsoft.windows.common-controls_6595b64144ccf1df_6.0.26100.8521_none_3e08b75ce33403b3;c:\Users\Indhu\.vscode\extensions\redhat.java-1.54.0-win32-x64\jre\21.0.10-win32-x86_64\bin\server;C:\Users\Indhu\AppData\Roaming\Code\User\globalStorage\redhat.java\1.54.0\config_win\org.eclipse.equinox.launcher\org.eclipse.equinox.launcher.win32.win32.x86_64_1.3.0.v20260203-2149;C:\Users\Indhu\AppData\Local\Temp\jna-70793484

VM Arguments:
jvm_args: --add-modules=ALL-SYSTEM --add-opens=java.base/java.util=ALL-UNNAMED --add-opens=java.base/java.lang=ALL-UNNAMED --add-opens=java.base/sun.nio.fs=ALL-UNNAMED -Declipse.application=org.eclipse.jdt.ls.core.id1 -Dosgi.bundles.defaultStartLevel=4 -Declipse.product=org.eclipse.jdt.ls.core.product -Djava.import.generatesMetadataFilesAtProjectRoot=false -DDetectVMInstallationsJob.disabled=true -Dfile.encoding=utf8 -XX:+UseParallelGC -XX:GCTimeRatio=4 -XX:AdaptiveSizePolicyWeight=90 -Dsun.zip.disableMemoryMapping=true -Xmx2G -Xms100m -Xlog:disable -javaagent:c:\Users\Indhu\.vscode\extensions\redhat.java-1.54.0-win32-x64\lombok\lombok-1.18.39-4050.jar -XX:+HeapDumpOnOutOfMemoryError -XX:HeapDumpPath=c:\Users\Indhu\AppData\Roaming\Code\User\workspaceStorage\cdb6981eb4d79c372da7a2133b568a65\redhat.java -Daether.dependencyCollector.impl=bf 
java_command: c:\Users\Indhu\.vscode\extensions\redhat.java-1.54.0-win32-x64\server\plugins\org.eclipse.equinox.launcher_1.7.100.v20251111-0406.jar -configuration c:\Users\Indhu\AppData\Roaming\Code\User\globalStorage\redhat.java\1.54.0\config_win -data c:\Users\Indhu\AppData\Roaming\Code\User\workspaceStorage\cdb6981eb4d79c372da7a2133b568a65\redhat.java\jdt_ws --pipe=\\.\pipe\lsp-89c420cd6c1eef57540497a44ab78c59-sock
java_class_path (initial): c:\Users\Indhu\.vscode\extensions\redhat.java-1.54.0-win32-x64\server\plugins\org.eclipse.equinox.launcher_1.7.100.v20251111-0406.jar
Launcher Type: SUN_STANDARD

[Global flags]
    uintx AdaptiveSizePolicyWeight                 = 90                                        {product} {command line}
     intx CICompilerCount                          = 3                                         {product} {ergonomic}
    uintx GCTimeRatio                              = 4                                         {product} {command line}
     bool HeapDumpOnOutOfMemoryError               = true                                   {manageable} {command line}
    ccstr HeapDumpPath                             = c:\Users\Indhu\AppData\Roaming\Code\User\workspaceStorage\cdb6981eb4d79c372da7a2133b568a65\redhat.java         {manageable} {command line}
   size_t InitialHeapSize                          = 104857600                                 {product} {command line}
   size_t MaxHeapSize                              = 2147483648                                {product} {command line}
   size_t MaxNewSize                               = 715653120                                 {product} {ergonomic}
   size_t MinHeapDeltaBytes                        = 524288                                    {product} {ergonomic}
   size_t MinHeapSize                              = 104857600                                 {product} {command line}
   size_t NewSize                                  = 34603008                                  {product} {ergonomic}
    uintx NonNMethodCodeHeapSize                   = 5832780                                {pd product} {ergonomic}
    uintx NonProfiledCodeHeapSize                  = 122912730                              {pd product} {ergonomic}
   size_t OldSize                                  = 70254592                                  {product} {ergonomic}
    uintx ProfiledCodeHeapSize                     = 122912730                              {pd product} {ergonomic}
    uintx ReservedCodeCacheSize                    = 251658240                              {pd product} {ergonomic}
     bool SegmentedCodeCache                       = true                                      {product} {ergonomic}
   size_t SoftMaxHeapSize                          = 2147483648                             {manageable} {ergonomic}
     bool UseCompressedOops                        = true                           {product lp64_product} {ergonomic}
     bool UseLargePagesIndividualAllocation        = false                                  {pd product} {ergonomic}
     bool UseParallelGC                            = true                                      {product} {command line}

Logging:
Log output configuration:
 #0: stdout all=off uptime,level,tags foldmultilines=false
 #1: stderr all=off uptime,level,tags foldmultilines=false

Release file:
JAVA_VERSION="21.0.10" 
MODULES="java.base java.compiler java.datatransfer java.xml java.prefs java.desktop java.instrument java.logging java.management java.security.sasl java.naming java.rmi java.management.rmi java.net.http java.scripting java.security.jgss java.transaction.xa java.sql java.sql.rowset java.xml.crypto java.se java.smartcardio jdk.accessibility jdk.internal.jvmstat jdk.attach jdk.charsets jdk.internal.opt jdk.zipfs jdk.compiler jdk.crypto.ec jdk.crypto.cryptoki jdk.crypto.mscapi jdk.dynalink jdk.internal.ed jdk.editpad jdk.hotspot.agent jdk.httpserver jdk.internal.le jdk.internal.vm.ci jdk.internal.vm.compiler jdk.internal.vm.compiler.management jdk.jartool jdk.javadoc jdk.jcmd jdk.management jdk.management.agent jdk.jconsole jdk.jdeps jdk.jdwp.agent jdk.jdi jdk.jfr jdk.jshell jdk.jsobject jdk.jstatd jdk.localedata jdk.management.jfr jdk.naming.dns jdk.naming.rmi jdk.net jdk.nio.mapmode jdk.random jdk.sctp jdk.security.auth jdk.security.jgss jdk.unsupported jdk.unsupported.desktop jdk.xml.dom" 

Environment Variables:
JAVA_HOME=C:\Program Files\java\jdk-21.0.11
PATH=C:\MinGW\bin;C:\Python311\Scripts\;C:\Python311\;C:\Windows\system32;C:\Windows;C:\Windows\System32\Wbem;C:\Windows\System32\WindowsPowerShell\v1.0\;C:\Windows\System32\OpenSSH\;C:\ProgramData\chocolatey\bin;c:\Users\Indhu\AppData\Local\Programs\cursor\resources\app\bin;C:\Program Files\Git\cmd;C:\WINDOWS\system32;C:\WINDOWS;C:\WINDOWS\System32\Wbem;C:\WINDOWS\System32\WindowsPowerShell\v1.0\;C:\WINDOWS\System32\OpenSSH\;C:\Program Files\java\jre-8u451-windows-x64.exe;C:\Program Files\nodejs\;C:\Program Files\Redis\;C:\Program Files\java\jdk-21.0.11\bin;C:\Program Files\Java\jdk-21.0.11\bin;C:\Users\Indhu\AppData\Local\Programs\Python\Python313\Scripts\;C:\Users\Indhu\AppData\Local\Programs\Python\Python313\;C:\Users\Indhu\AppData\Local\Microsoft\WindowsApps;C:\Users\Indhu\AppData\Local\Programs\Microsoft VS Code\bin;C:\Users\Indhu\AppData\Local\GitHubDesktop\bin;C:\Users\Indhu\AppData\Roaming\npm;C:\Users\Indhu\AppData\Local\Programs\Antigravity\bin
USERNAME=Indhu
OS=Windows_NT
PROCESSOR_IDENTIFIER=Intel64 Family 6 Model 126 Stepping 5, GenuineIntel
TMP=C:\Users\Indhu\AppData\Local\Temp
TEMP=C:\Users\Indhu\AppData\Local\Temp




Periodic native trim disabled

---------------  S Y S T E M  ---------------

OS:
 Windows 11 , 64 bit Build 26100 (10.0.26100.8521)
OS uptime: 1 days 17:10 hours

CPU: total 4 (initial active 4) (2 cores per cpu, 2 threads per core) family 6 model 126 stepping 5 microcode 0xa6, cx8, cmov, fxsr, ht, mmx, 3dnowpref, sse, sse2, sse3, ssse3, sse4.1, sse4.2, popcnt, lzcnt, tsc, tscinvbit, avx, avx2, aes, erms, clmul, bmi1, bmi2, adx, avx512f, avx512dq, avx512cd, avx512bw, avx512vl, sha, fma, vzeroupper, avx512_vpopcntdq, avx512_vpclmulqdq, avx512_vaes, avx512_vnni, clflush, clflushopt, avx512_vbmi2, avx512_vbmi, rdtscp, rdpid, fsrm, gfni, avx512_bitalg, f16c, pku, avx512_ifma
Processor Information for the first 4 processors :
  Max Mhz: 1201, Current Mhz: 1201, Mhz Limit: 1201

Memory: 4k page, system-wide physical 3901M (198M free)
TotalPageFile size 15677M (AvailPageFile size 0M)
current process WorkingSet (physical memory assigned to process): 112M, peak: 384M
current process commit charge ("private bytes"): 409M, peak: 1679M

vm_info: OpenJDK 64-Bit Server VM (21.0.10+7-LTS) for windows-amd64 JRE (21.0.10+7-LTS), built on 2026-01-20T00:00:00Z by "admin" with MS VC++ 17.12 (VS2022)

END.
